{"/Users/mar/Desktop/ITIncubator/blog_project/__tests__/e2e/modules/modules.ts": {"path":"/Users/mar/Desktop/ITIncubator/blog_project/__tests__/e2e/modules/modules.ts","statementMap":{"0":{"start":{"line":1,"column":0},"end":{"line":1,"column":31}},"1":{"start":{"line":2,"column":0},"end":{"line":2,"column":38}},"2":{"start":{"line":3,"column":0},"end":{"line":3,"column":48}},"3":{"start":{"line":6,"column":19},"end":{"line":8,"column":1}},"4":{"start":{"line":7,"column":4},"end":{"line":7,"column":null}},"5":{"start":{"line":10,"column":13},"end":{"line":58,"column":null}},"6":{"start":{"line":12,"column":23},"end":{"line":16,"column":27}},"7":{"start":{"line":17,"column":8},"end":{"line":17,"column":null}},"8":{"start":{"line":21,"column":23},"end":{"line":23,"column":27}},"9":{"start":{"line":25,"column":8},"end":{"line":25,"column":27}},"10":{"start":{"line":29,"column":23},"end":{"line":31,"column":27}},"11":{"start":{"line":32,"column":8},"end":{"line":32,"column":27}},"12":{"start":{"line":36,"column":23},"end":{"line":40,"column":27}},"13":{"start":{"line":41,"column":8},"end":{"line":41,"column":27}},"14":{"start":{"line":45,"column":23},"end":{"line":48,"column":27}},"15":{"start":{"line":49,"column":8},"end":{"line":49,"column":15}},"16":{"start":{"line":53,"column":23},"end":{"line":55,"column":24}},"17":{"start":{"line":56,"column":8},"end":{"line":56,"column":15}}},"fnMap":{"0":{"name":"(anonymous_8)","decl":{"start":{"line":6,"column":19},"end":{"line":6,"column":22}},"loc":{"start":{"line":6,"column":24},"end":{"line":8,"column":1}}},"1":{"name":"(anonymous_9)","decl":{"start":{"line":11,"column":10},"end":{"line":11,"column":23}},"loc":{"start":{"line":11,"column":92},"end":{"line":18,"column":null}}},"2":{"name":"(anonymous_11)","decl":{"start":{"line":20,"column":10},"end":{"line":20,"column":24}},"loc":{"start":{"line":20,"column":79},"end":{"line":26,"column":null}}},"3":{"name":"(anonymous_13)","decl":{"start":{"line":28,"column":10},"end":{"line":28,"column":24}},"loc":{"start":{"line":28,"column":58},"end":{"line":33,"column":null}}},"4":{"name":"(anonymous_15)","decl":{"start":{"line":35,"column":10},"end":{"line":35,"column":27}},"loc":{"start":{"line":35,"column":117},"end":{"line":42,"column":null}}},"5":{"name":"(anonymous_17)","decl":{"start":{"line":44,"column":10},"end":{"line":44,"column":27}},"loc":{"start":{"line":44,"column":100},"end":{"line":50,"column":null}}},"6":{"name":"(anonymous_19)","decl":{"start":{"line":52,"column":10},"end":{"line":52,"column":27}},"loc":{"start":{"line":52,"column":27},"end":{"line":57,"column":null}}}},"branchMap":{},"s":{"0":2,"1":2,"2":2,"3":2,"4":50,"5":2,"6":13,"7":13,"8":12,"9":12,"10":2,"11":2,"12":11,"13":11,"14":8,"15":8,"16":4,"17":4},"f":{"0":50,"1":13,"2":12,"3":2,"4":11,"5":8,"6":4},"b":{}}
,"/Users/mar/Desktop/ITIncubator/blog_project/src/app.ts": {"path":"/Users/mar/Desktop/ITIncubator/blog_project/src/app.ts","statementMap":{"0":{"start":{"line":1,"column":0},"end":{"line":1,"column":29}},"1":{"start":{"line":2,"column":0},"end":{"line":2,"column":23}},"2":{"start":{"line":3,"column":0},"end":{"line":3,"column":37}},"3":{"start":{"line":4,"column":0},"end":{"line":4,"column":61}},"4":{"start":{"line":5,"column":0},"end":{"line":5,"column":60}},"5":{"start":{"line":6,"column":0},"end":{"line":6,"column":60}},"6":{"start":{"line":8,"column":13},"end":{"line":8,"column":null}},"7":{"start":{"line":10,"column":0},"end":{"line":10,"column":null}},"8":{"start":{"line":11,"column":0},"end":{"line":11,"column":null}},"9":{"start":{"line":13,"column":0},"end":{"line":13,"column":null}},"10":{"start":{"line":14,"column":0},"end":{"line":14,"column":null}},"11":{"start":{"line":15,"column":0},"end":{"line":15,"column":null}}},"fnMap":{},"branchMap":{},"s":{"0":2,"1":2,"2":2,"3":2,"4":2,"5":2,"6":2,"7":2,"8":2,"9":2,"10":2,"11":2},"f":{},"b":{}}
,"/Users/mar/Desktop/ITIncubator/blog_project/src/settings.ts": {"path":"/Users/mar/Desktop/ITIncubator/blog_project/src/settings.ts","statementMap":{"0":{"start":{"line":1,"column":0},"end":{"line":1,"column":31}},"1":{"start":{"line":2,"column":0},"end":{"line":2,"column":null}},"2":{"start":{"line":4,"column":13},"end":{"line":25,"column":null}},"3":{"start":{"line":27,"column":13},"end":{"line":32,"column":null}}},"fnMap":{},"branchMap":{"0":{"loc":{"start":{"line":5,"column":10},"end":{"line":5,"column":36}},"type":"binary-expr","locations":[{"start":{"line":5,"column":10},"end":{"line":5,"column":26}},{"start":{"line":5,"column":30},"end":{"line":5,"column":36}}]},"1":{"loc":{"start":{"line":15,"column":13},"end":{"line":15,"column":63}},"type":"binary-expr","locations":[{"start":{"line":15,"column":13},"end":{"line":15,"column":34}},{"start":{"line":15,"column":38},"end":{"line":15,"column":63}}]},"2":{"loc":{"start":{"line":16,"column":19},"end":{"line":16,"column":75}},"type":"binary-expr","locations":[{"start":{"line":16,"column":19},"end":{"line":16,"column":46}},{"start":{"line":16,"column":50},"end":{"line":16,"column":75}}]},"3":{"loc":{"start":{"line":17,"column":20},"end":{"line":17,"column":69}},"type":"binary-expr","locations":[{"start":{"line":17,"column":20},"end":{"line":17,"column":42}},{"start":{"line":17,"column":46},"end":{"line":17,"column":69}}]}},"s":{"0":2,"1":2,"2":2,"3":2},"f":{},"b":{"0":[2,2],"1":[2,0],"2":[2,0],"3":[2,0]}}
,"/Users/mar/Desktop/ITIncubator/blog_project/src/Applications/ConnectionDB/Connection.ts": {"path":"/Users/mar/Desktop/ITIncubator/blog_project/src/Applications/ConnectionDB/Connection.ts","statementMap":{"0":{"start":{"line":1,"column":0},"end":{"line":1,"column":56}},"1":{"start":{"line":2,"column":0},"end":{"line":2,"column":42}},"2":{"start":{"line":3,"column":0},"end":{"line":3,"column":19}},"3":{"start":{"line":6,"column":13},"end":{"line":12,"column":3}},"4":{"start":{"line":13,"column":13},"end":{"line":13,"column":null}},"5":{"start":{"line":15,"column":4},"end":{"line":22,"column":5}},"6":{"start":{"line":16,"column":8},"end":{"line":16,"column":null}},"7":{"start":{"line":17,"column":8},"end":{"line":17,"column":null}},"8":{"start":{"line":19,"column":8},"end":{"line":19,"column":109}},"9":{"start":{"line":20,"column":8},"end":{"line":20,"column":null}},"10":{"start":{"line":21,"column":8},"end":{"line":21,"column":null}},"11":{"start":{"line":14,"column":0},"end":{"line":14,"column":22}}},"fnMap":{"0":{"name":"startDB","decl":{"start":{"line":14,"column":22},"end":{"line":14,"column":29}},"loc":{"start":{"line":14,"column":29},"end":{"line":23,"column":null}}}},"branchMap":{},"s":{"0":2,"1":2,"2":2,"3":2,"4":2,"5":0,"6":0,"7":0,"8":0,"9":0,"10":0,"11":2},"f":{"0":0},"b":{}}
,"/Users/mar/Desktop/ITIncubator/blog_project/src/Applications/Utils/Response.ts": {"path":"/Users/mar/Desktop/ITIncubator/blog_project/src/Applications/Utils/Response.ts","statementMap":{"0":{"start":{"line":1,"column":13},"end":{"line":22,"column":null}}},"fnMap":{},"branchMap":{},"s":{"0":2},"f":{},"b":{}}
,"/Users/mar/Desktop/ITIncubator/blog_project/src/Applications/Validations/auth/auth.ts": {"path":"/Users/mar/Desktop/ITIncubator/blog_project/src/Applications/Validations/auth/auth.ts","statementMap":{"0":{"start":{"line":2,"column":0},"end":{"line":2,"column":45}},"1":{"start":{"line":4,"column":30},"end":{"line":32,"column":null}},"2":{"start":{"line":4,"column":88},"end":{"line":32,"column":null}},"3":{"start":{"line":5,"column":17},"end":{"line":5,"column":45}},"4":{"start":{"line":6,"column":4},"end":{"line":8,"column":5}},"5":{"start":{"line":7,"column":8},"end":{"line":7,"column":null}},"6":{"start":{"line":9,"column":4},"end":{"line":29,"column":5}},"7":{"start":{"line":10,"column":28},"end":{"line":10,"column":46}},"8":{"start":{"line":11,"column":8},"end":{"line":13,"column":9}},"9":{"start":{"line":12,"column":12},"end":{"line":12,"column":null}},"10":{"start":{"line":15,"column":21},"end":{"line":15,"column":39}},"11":{"start":{"line":16,"column":23},"end":{"line":16,"column":67}},"12":{"start":{"line":17,"column":27},"end":{"line":17,"column":47}},"13":{"start":{"line":18,"column":8},"end":{"line":26,"column":9}},"14":{"start":{"line":19,"column":12},"end":{"line":24,"column":13}},"15":{"start":{"line":20,"column":16},"end":{"line":22,"column":17}},"16":{"start":{"line":21,"column":20},"end":{"line":21,"column":null}},"17":{"start":{"line":23,"column":16},"end":{"line":23,"column":null}},"18":{"start":{"line":25,"column":12},"end":{"line":25,"column":null}},"19":{"start":{"line":28,"column":8},"end":{"line":28,"column":null}},"20":{"start":{"line":31,"column":4},"end":{"line":31,"column":null}},"21":{"start":{"line":4,"column":13},"end":{"line":4,"column":30}}},"fnMap":{"0":{"name":"(anonymous_7)","decl":{"start":{"line":4,"column":30},"end":{"line":4,"column":37}},"loc":{"start":{"line":4,"column":88},"end":{"line":32,"column":null}}},"1":{"name":"(anonymous_8)","decl":{"start":{"line":4,"column":88},"end":{"line":4,"column":null}},"loc":{"start":{"line":4,"column":88},"end":{"line":32,"column":1}}}},"branchMap":{"0":{"loc":{"start":{"line":6,"column":4},"end":{"line":8,"column":5}},"type":"if","locations":[{"start":{"line":6,"column":4},"end":{"line":8,"column":5}}]},"1":{"loc":{"start":{"line":11,"column":8},"end":{"line":13,"column":9}},"type":"if","locations":[{"start":{"line":11,"column":8},"end":{"line":13,"column":9}}]},"2":{"loc":{"start":{"line":19,"column":12},"end":{"line":24,"column":13}},"type":"if","locations":[{"start":{"line":19,"column":12},"end":{"line":24,"column":13}}]},"3":{"loc":{"start":{"line":20,"column":16},"end":{"line":22,"column":17}},"type":"if","locations":[{"start":{"line":20,"column":16},"end":{"line":22,"column":17}}]}},"s":{"0":2,"1":2,"2":32,"3":32,"4":32,"5":0,"6":32,"7":32,"8":32,"9":0,"10":32,"11":32,"12":32,"13":32,"14":32,"15":32,"16":26,"17":6,"18":0,"19":0,"20":0,"21":2},"f":{"0":32,"1":32},"b":{"0":[0],"1":[0],"2":[32],"3":[26]}}
,"/Users/mar/Desktop/ITIncubator/blog_project/src/Applications/Validations/inputValidations/InputValidations.ts": {"path":"/Users/mar/Desktop/ITIncubator/blog_project/src/Applications/Validations/inputValidations/InputValidations.ts","statementMap":{"0":{"start":{"line":2,"column":0},"end":{"line":2,"column":67}},"1":{"start":{"line":4,"column":0},"end":{"line":4,"column":78}},"2":{"start":{"line":6,"column":31},"end":{"line":19,"column":1}},"3":{"start":{"line":7,"column":26},"end":{"line":7,"column":47}},"4":{"start":{"line":9,"column":4},"end":{"line":17,"column":5}},"5":{"start":{"line":10,"column":8},"end":{"line":15,"column":null}},"6":{"start":{"line":11,"column":77},"end":{"line":14,"column":14}},"7":{"start":{"line":18,"column":4},"end":{"line":18,"column":null}},"8":{"start":{"line":6,"column":13},"end":{"line":6,"column":31}},"9":{"start":{"line":21,"column":13},"end":{"line":73,"column":null}},"10":{"start":{"line":66,"column":50},"end":{"line":72,"column":22}},"11":{"start":{"line":67,"column":57},"end":{"line":67,"column":93}},"12":{"start":{"line":68,"column":24},"end":{"line":70,"column":25}},"13":{"start":{"line":69,"column":28},"end":{"line":69,"column":null}},"14":{"start":{"line":71,"column":24},"end":{"line":71,"column":61}}},"fnMap":{"0":{"name":"(anonymous_7)","decl":{"start":{"line":6,"column":31},"end":{"line":6,"column":32}},"loc":{"start":{"line":6,"column":83},"end":{"line":19,"column":1}}},"1":{"name":"(anonymous_8)","decl":{"start":{"line":11,"column":69},"end":{"line":11,"column":70}},"loc":{"start":{"line":11,"column":77},"end":{"line":14,"column":14}}},"2":{"name":"(anonymous_9)","decl":{"start":{"line":66,"column":29},"end":{"line":66,"column":36}},"loc":{"start":{"line":66,"column":50},"end":{"line":72,"column":22}}},"3":{"name":"(anonymous_10)","decl":{"start":{"line":66,"column":50},"end":{"line":66,"column":null}},"loc":{"start":{"line":66,"column":50},"end":{"line":72,"column":21}}}},"branchMap":{"0":{"loc":{"start":{"line":9,"column":4},"end":{"line":17,"column":5}},"type":"if","locations":[{"start":{"line":9,"column":4},"end":{"line":17,"column":5}}]},"1":{"loc":{"start":{"line":68,"column":24},"end":{"line":70,"column":25}},"type":"if","locations":[{"start":{"line":68,"column":24},"end":{"line":70,"column":25}}]}},"s":{"0":2,"1":2,"2":2,"3":20,"4":20,"5":7,"6":9,"7":13,"8":2,"9":2,"10":10,"11":10,"12":10,"13":8,"14":2},"f":{"0":20,"1":9,"2":10,"3":10},"b":{"0":[7],"1":[8]}}
,"/Users/mar/Desktop/ITIncubator/blog_project/src/Repositories/BlogRepo/BlogQueryRepo.ts": {"path":"/Users/mar/Desktop/ITIncubator/blog_project/src/Repositories/BlogRepo/BlogQueryRepo.ts","statementMap":{"0":{"start":{"line":1,"column":0},"end":{"line":1,"column":34}},"1":{"start":{"line":2,"column":0},"end":{"line":2,"column":63}},"2":{"start":{"line":4,"column":0},"end":{"line":4,"column":60}},"3":{"start":{"line":5,"column":0},"end":{"line":5,"column":41}},"4":{"start":{"line":6,"column":0},"end":{"line":6,"column":67}},"5":{"start":{"line":9,"column":13},"end":{"line":60,"column":null}},"6":{"start":{"line":12,"column":8},"end":{"line":33,"column":9}},"7":{"start":{"line":13,"column":28},"end":{"line":13,"column":115}},"8":{"start":{"line":14,"column":12},"end":{"line":27,"column":13}},"9":{"start":{"line":15,"column":39},"end":{"line":15,"column":45}},"10":{"start":{"line":15,"column":35},"end":{"line":15,"column":39}},"11":{"start":{"line":16,"column":16},"end":{"line":26,"column":null}},"12":{"start":{"line":28,"column":12},"end":{"line":28,"column":null}},"13":{"start":{"line":31,"column":12},"end":{"line":31,"column":null}},"14":{"start":{"line":32,"column":12},"end":{"line":32,"column":null}},"15":{"start":{"line":37,"column":8},"end":{"line":58,"column":9}},"16":{"start":{"line":38,"column":27},"end":{"line":38,"column":97}},"17":{"start":{"line":39,"column":12},"end":{"line":53,"column":13}},"18":{"start":{"line":40,"column":16},"end":{"line":52,"column":null}},"19":{"start":{"line":43,"column":24},"end":{"line":50,"column":null}},"20":{"start":{"line":54,"column":12},"end":{"line":54,"column":null}},"21":{"start":{"line":56,"column":12},"end":{"line":56,"column":null}},"22":{"start":{"line":57,"column":12},"end":{"line":57,"column":null}}},"fnMap":{"0":{"name":"(anonymous_8)","decl":{"start":{"line":11,"column":10},"end":{"line":11,"column":21}},"loc":{"start":{"line":11,"column":33},"end":{"line":34,"column":null}}},"1":{"name":"(anonymous_10)","decl":{"start":{"line":36,"column":10},"end":{"line":36,"column":21}},"loc":{"start":{"line":36,"column":21},"end":{"line":59,"column":null}}},"2":{"name":"(anonymous_12)","decl":{"start":{"line":42,"column":41},"end":{"line":42,"column":42}},"loc":{"start":{"line":42,"column":48},"end":{"line":51,"column":21}}}},"branchMap":{"0":{"loc":{"start":{"line":14,"column":12},"end":{"line":27,"column":13}},"type":"if","locations":[{"start":{"line":14,"column":12},"end":{"line":27,"column":13}}]},"1":{"loc":{"start":{"line":39,"column":12},"end":{"line":53,"column":13}},"type":"if","locations":[{"start":{"line":39,"column":12},"end":{"line":53,"column":13}}]}},"s":{"0":2,"1":2,"2":2,"3":2,"4":2,"5":2,"6":22,"7":22,"8":19,"9":16,"10":16,"11":16,"12":3,"13":3,"14":3,"15":1,"16":1,"17":1,"18":1,"19":2,"20":0,"21":0,"22":0},"f":{"0":22,"1":1,"2":2},"b":{"0":[16],"1":[1]}}
,"/Users/mar/Desktop/ITIncubator/blog_project/src/Repositories/BlogRepo/BlogRepo.ts": {"path":"/Users/mar/Desktop/ITIncubator/blog_project/src/Repositories/BlogRepo/BlogRepo.ts","statementMap":{"0":{"start":{"line":1,"column":0},"end":{"line":1,"column":63}},"1":{"start":{"line":2,"column":0},"end":{"line":2,"column":41}},"2":{"start":{"line":4,"column":0},"end":{"line":4,"column":34}},"3":{"start":{"line":7,"column":13},"end":{"line":34,"column":null}},"4":{"start":{"line":9,"column":8},"end":{"line":14,"column":9}},"5":{"start":{"line":10,"column":27},"end":{"line":10,"column":115}},"6":{"start":{"line":11,"column":12},"end":{"line":11,"column":26}},"7":{"start":{"line":13,"column":12},"end":{"line":13,"column":null}},"8":{"start":{"line":18,"column":8},"end":{"line":23,"column":9}},"9":{"start":{"line":19,"column":27},"end":{"line":19,"column":134}},"10":{"start":{"line":20,"column":12},"end":{"line":20,"column":null}},"11":{"start":{"line":22,"column":12},"end":{"line":22,"column":null}},"12":{"start":{"line":27,"column":8},"end":{"line":32,"column":9}},"13":{"start":{"line":28,"column":27},"end":{"line":28,"column":101}},"14":{"start":{"line":29,"column":12},"end":{"line":29,"column":null}},"15":{"start":{"line":31,"column":12},"end":{"line":31,"column":null}}},"fnMap":{"0":{"name":"(anonymous_7)","decl":{"start":{"line":8,"column":10},"end":{"line":8,"column":22}},"loc":{"start":{"line":8,"column":34},"end":{"line":15,"column":null}}},"1":{"name":"(anonymous_9)","decl":{"start":{"line":17,"column":10},"end":{"line":17,"column":24}},"loc":{"start":{"line":17,"column":57},"end":{"line":24,"column":null}}},"2":{"name":"(anonymous_11)","decl":{"start":{"line":26,"column":10},"end":{"line":26,"column":20}},"loc":{"start":{"line":26,"column":44},"end":{"line":33,"column":null}}}},"branchMap":{},"s":{"0":2,"1":2,"2":2,"3":2,"4":3,"5":3,"6":2,"7":1,"8":3,"9":3,"10":2,"11":1,"12":4,"13":4,"14":4,"15":0},"f":{"0":3,"1":3,"2":4},"b":{}}
,"/Users/mar/Desktop/ITIncubator/blog_project/src/Repositories/PostRepo/PostQueryRepo.ts": {"path":"/Users/mar/Desktop/ITIncubator/blog_project/src/Repositories/PostRepo/PostQueryRepo.ts","statementMap":{"0":{"start":{"line":1,"column":0},"end":{"line":1,"column":60}},"1":{"start":{"line":2,"column":0},"end":{"line":2,"column":64}},"2":{"start":{"line":3,"column":0},"end":{"line":3,"column":42}},"3":{"start":{"line":4,"column":0},"end":{"line":4,"column":35}},"4":{"start":{"line":6,"column":0},"end":{"line":6,"column":68}},"5":{"start":{"line":10,"column":13},"end":{"line":63,"column":null}},"6":{"start":{"line":12,"column":8},"end":{"line":35,"column":9}},"7":{"start":{"line":13,"column":27},"end":{"line":15,"column":14}},"8":{"start":{"line":16,"column":12},"end":{"line":30,"column":13}},"9":{"start":{"line":17,"column":39},"end":{"line":17,"column":45}},"10":{"start":{"line":17,"column":35},"end":{"line":17,"column":39}},"11":{"start":{"line":18,"column":16},"end":{"line":29,"column":null}},"12":{"start":{"line":31,"column":12},"end":{"line":31,"column":null}},"13":{"start":{"line":33,"column":12},"end":{"line":33,"column":null}},"14":{"start":{"line":34,"column":12},"end":{"line":34,"column":null}},"15":{"start":{"line":39,"column":8},"end":{"line":61,"column":9}},"16":{"start":{"line":40,"column":27},"end":{"line":40,"column":99}},"17":{"start":{"line":41,"column":12},"end":{"line":56,"column":13}},"18":{"start":{"line":42,"column":16},"end":{"line":55,"column":null}},"19":{"start":{"line":45,"column":24},"end":{"line":53,"column":null}},"20":{"start":{"line":57,"column":12},"end":{"line":57,"column":null}},"21":{"start":{"line":59,"column":12},"end":{"line":59,"column":null}},"22":{"start":{"line":60,"column":12},"end":{"line":60,"column":null}}},"fnMap":{"0":{"name":"(anonymous_8)","decl":{"start":{"line":11,"column":10},"end":{"line":11,"column":21}},"loc":{"start":{"line":11,"column":33},"end":{"line":36,"column":null}}},"1":{"name":"(anonymous_10)","decl":{"start":{"line":38,"column":10},"end":{"line":38,"column":21}},"loc":{"start":{"line":38,"column":21},"end":{"line":62,"column":null}}},"2":{"name":"(anonymous_12)","decl":{"start":{"line":44,"column":41},"end":{"line":44,"column":42}},"loc":{"start":{"line":44,"column":48},"end":{"line":54,"column":21}}}},"branchMap":{"0":{"loc":{"start":{"line":16,"column":12},"end":{"line":30,"column":13}},"type":"if","locations":[{"start":{"line":16,"column":12},"end":{"line":30,"column":13}}]},"1":{"loc":{"start":{"line":41,"column":12},"end":{"line":56,"column":13}},"type":"if","locations":[{"start":{"line":41,"column":12},"end":{"line":56,"column":13}}]}},"s":{"0":2,"1":2,"2":2,"3":2,"4":2,"5":2,"6":6,"7":6,"8":5,"9":2,"10":2,"11":2,"12":3,"13":1,"14":1,"15":1,"16":1,"17":1,"18":1,"19":2,"20":0,"21":0,"22":0},"f":{"0":6,"1":1,"2":2},"b":{"0":[2],"1":[1]}}
,"/Users/mar/Desktop/ITIncubator/blog_project/src/Repositories/PostRepo/PostRepo.ts": {"path":"/Users/mar/Desktop/ITIncubator/blog_project/src/Repositories/PostRepo/PostRepo.ts","statementMap":{"0":{"start":{"line":1,"column":0},"end":{"line":1,"column":64}},"1":{"start":{"line":4,"column":0},"end":{"line":4,"column":42}},"2":{"start":{"line":5,"column":0},"end":{"line":5,"column":35}},"3":{"start":{"line":8,"column":13},"end":{"line":35,"column":null}},"4":{"start":{"line":10,"column":8},"end":{"line":15,"column":9}},"5":{"start":{"line":11,"column":27},"end":{"line":11,"column":115}},"6":{"start":{"line":12,"column":12},"end":{"line":12,"column":26}},"7":{"start":{"line":14,"column":12},"end":{"line":14,"column":null}},"8":{"start":{"line":19,"column":8},"end":{"line":24,"column":9}},"9":{"start":{"line":20,"column":27},"end":{"line":20,"column":134}},"10":{"start":{"line":21,"column":12},"end":{"line":21,"column":26}},"11":{"start":{"line":23,"column":12},"end":{"line":23,"column":null}},"12":{"start":{"line":28,"column":8},"end":{"line":33,"column":9}},"13":{"start":{"line":29,"column":27},"end":{"line":29,"column":101}},"14":{"start":{"line":30,"column":12},"end":{"line":30,"column":null}},"15":{"start":{"line":32,"column":12},"end":{"line":32,"column":null}}},"fnMap":{"0":{"name":"(anonymous_7)","decl":{"start":{"line":9,"column":10},"end":{"line":9,"column":22}},"loc":{"start":{"line":9,"column":34},"end":{"line":16,"column":null}}},"1":{"name":"(anonymous_9)","decl":{"start":{"line":18,"column":10},"end":{"line":18,"column":24}},"loc":{"start":{"line":18,"column":57},"end":{"line":25,"column":null}}},"2":{"name":"(anonymous_11)","decl":{"start":{"line":27,"column":10},"end":{"line":27,"column":20}},"loc":{"start":{"line":27,"column":41},"end":{"line":34,"column":null}}}},"branchMap":{},"s":{"0":2,"1":2,"2":2,"3":2,"4":3,"5":3,"6":2,"7":1,"8":3,"9":3,"10":2,"11":1,"12":3,"13":3,"14":3,"15":0},"f":{"0":3,"1":3,"2":3},"b":{}}
,"/Users/mar/Desktop/ITIncubator/blog_project/src/Repositories/TestRepo/TestRepo.ts": {"path":"/Users/mar/Desktop/ITIncubator/blog_project/src/Repositories/TestRepo/TestRepo.ts","statementMap":{"0":{"start":{"line":1,"column":0},"end":{"line":1,"column":63}},"1":{"start":{"line":2,"column":0},"end":{"line":2,"column":60}},"2":{"start":{"line":3,"column":0},"end":{"line":3,"column":41}},"3":{"start":{"line":6,"column":13},"end":{"line":16,"column":null}},"4":{"start":{"line":8,"column":8},"end":{"line":14,"column":9}},"5":{"start":{"line":9,"column":32},"end":{"line":9,"column":100}},"6":{"start":{"line":10,"column":32},"end":{"line":10,"column":100}},"7":{"start":{"line":11,"column":12},"end":{"line":11,"column":null}},"8":{"start":{"line":13,"column":12},"end":{"line":13,"column":null}}},"fnMap":{"0":{"name":"(anonymous_7)","decl":{"start":{"line":7,"column":10},"end":{"line":7,"column":25}},"loc":{"start":{"line":7,"column":25},"end":{"line":15,"column":null}}}},"branchMap":{},"s":{"0":2,"1":2,"2":2,"3":2,"4":4,"5":4,"6":4,"7":4,"8":0},"f":{"0":4},"b":{}}
,"/Users/mar/Desktop/ITIncubator/blog_project/src/Routers/BlogRouter/BlogRouters.ts": {"path":"/Users/mar/Desktop/ITIncubator/blog_project/src/Routers/BlogRouter/BlogRouters.ts","statementMap":{"0":{"start":{"line":1,"column":0},"end":{"line":1,"column":52}},"1":{"start":{"line":2,"column":0},"end":{"line":2,"column":116}},"2":{"start":{"line":5,"column":0},"end":{"line":5,"column":74}},"3":{"start":{"line":6,"column":0},"end":{"line":6,"column":56}},"4":{"start":{"line":7,"column":0},"end":{"line":7,"column":75}},"5":{"start":{"line":9,"column":13},"end":{"line":9,"column":null}},"6":{"start":{"line":12,"column":0},"end":{"line":15,"column":null}},"7":{"start":{"line":12,"column":81},"end":{"line":15,"column":2}},"8":{"start":{"line":13,"column":19},"end":{"line":13,"column":53}},"9":{"start":{"line":14,"column":4},"end":{"line":14,"column":null}},"10":{"start":{"line":17,"column":0},"end":{"line":20,"column":null}},"11":{"start":{"line":17,"column":101},"end":{"line":20,"column":2}},"12":{"start":{"line":18,"column":19},"end":{"line":18,"column":66}},"13":{"start":{"line":19,"column":4},"end":{"line":19,"column":null}},"14":{"start":{"line":22,"column":0},"end":{"line":31,"column":null}},"15":{"start":{"line":28,"column":86},"end":{"line":31,"column":2}},"16":{"start":{"line":29,"column":23},"end":{"line":29,"column":68}},"17":{"start":{"line":30,"column":8},"end":{"line":30,"column":null}},"18":{"start":{"line":33,"column":0},"end":{"line":42,"column":null}},"19":{"start":{"line":39,"column":96},"end":{"line":42,"column":2}},"20":{"start":{"line":40,"column":23},"end":{"line":40,"column":83}},"21":{"start":{"line":41,"column":8},"end":{"line":41,"column":null}},"22":{"start":{"line":44,"column":0},"end":{"line":49,"column":null}},"23":{"start":{"line":46,"column":77},"end":{"line":49,"column":2}},"24":{"start":{"line":47,"column":23},"end":{"line":47,"column":73}},"25":{"start":{"line":48,"column":8},"end":{"line":48,"column":null}}},"fnMap":{"0":{"name":"(anonymous_7)","decl":{"start":{"line":12,"column":20},"end":{"line":12,"column":27}},"loc":{"start":{"line":12,"column":81},"end":{"line":15,"column":2}}},"1":{"name":"(anonymous_8)","decl":{"start":{"line":12,"column":81},"end":{"line":12,"column":null}},"loc":{"start":{"line":12,"column":81},"end":{"line":15,"column":1}}},"2":{"name":"(anonymous_9)","decl":{"start":{"line":17,"column":23},"end":{"line":17,"column":30}},"loc":{"start":{"line":17,"column":101},"end":{"line":20,"column":2}}},"3":{"name":"(anonymous_10)","decl":{"start":{"line":17,"column":101},"end":{"line":17,"column":null}},"loc":{"start":{"line":17,"column":101},"end":{"line":20,"column":1}}},"4":{"name":"(anonymous_11)","decl":{"start":{"line":28,"column":4},"end":{"line":28,"column":11}},"loc":{"start":{"line":28,"column":86},"end":{"line":31,"column":2}}},"5":{"name":"(anonymous_12)","decl":{"start":{"line":28,"column":86},"end":{"line":28,"column":null}},"loc":{"start":{"line":28,"column":86},"end":{"line":31,"column":1}}},"6":{"name":"(anonymous_13)","decl":{"start":{"line":39,"column":4},"end":{"line":39,"column":11}},"loc":{"start":{"line":39,"column":96},"end":{"line":42,"column":2}}},"7":{"name":"(anonymous_14)","decl":{"start":{"line":39,"column":96},"end":{"line":39,"column":null}},"loc":{"start":{"line":39,"column":96},"end":{"line":42,"column":1}}},"8":{"name":"(anonymous_15)","decl":{"start":{"line":46,"column":4},"end":{"line":46,"column":11}},"loc":{"start":{"line":46,"column":77},"end":{"line":49,"column":2}}},"9":{"name":"(anonymous_16)","decl":{"start":{"line":46,"column":77},"end":{"line":46,"column":null}},"loc":{"start":{"line":46,"column":77},"end":{"line":49,"column":1}}}},"branchMap":{},"s":{"0":2,"1":2,"2":2,"3":2,"4":2,"5":2,"6":2,"7":1,"8":1,"9":1,"10":2,"11":6,"12":6,"13":6,"14":2,"15":4,"16":4,"17":4,"18":2,"19":3,"20":3,"21":3,"22":2,"23":3,"24":3,"25":3},"f":{"0":1,"1":1,"2":6,"3":6,"4":4,"5":4,"6":3,"7":3,"8":3,"9":3},"b":{}}
,"/Users/mar/Desktop/ITIncubator/blog_project/src/Routers/PostRouter/PostRouter.ts": {"path":"/Users/mar/Desktop/ITIncubator/blog_project/src/Routers/PostRouter/PostRouter.ts","statementMap":{"0":{"start":{"line":1,"column":0},"end":{"line":1,"column":52}},"1":{"start":{"line":5,"column":0},"end":{"line":5,"column":116}},"2":{"start":{"line":6,"column":0},"end":{"line":6,"column":74}},"3":{"start":{"line":7,"column":0},"end":{"line":7,"column":56}},"4":{"start":{"line":8,"column":0},"end":{"line":8,"column":74}},"5":{"start":{"line":11,"column":13},"end":{"line":11,"column":null}},"6":{"start":{"line":13,"column":0},"end":{"line":16,"column":null}},"7":{"start":{"line":13,"column":81},"end":{"line":16,"column":2}},"8":{"start":{"line":14,"column":19},"end":{"line":14,"column":52}},"9":{"start":{"line":15,"column":4},"end":{"line":15,"column":null}},"10":{"start":{"line":18,"column":0},"end":{"line":21,"column":null}},"11":{"start":{"line":18,"column":101},"end":{"line":21,"column":2}},"12":{"start":{"line":19,"column":19},"end":{"line":19,"column":65}},"13":{"start":{"line":20,"column":4},"end":{"line":20,"column":null}},"14":{"start":{"line":23,"column":0},"end":{"line":33,"column":null}},"15":{"start":{"line":30,"column":88},"end":{"line":33,"column":2}},"16":{"start":{"line":31,"column":23},"end":{"line":31,"column":68}},"17":{"start":{"line":32,"column":8},"end":{"line":32,"column":null}},"18":{"start":{"line":35,"column":0},"end":{"line":45,"column":null}},"19":{"start":{"line":42,"column":104},"end":{"line":45,"column":2}},"20":{"start":{"line":43,"column":23},"end":{"line":43,"column":83}},"21":{"start":{"line":44,"column":8},"end":{"line":44,"column":null}},"22":{"start":{"line":47,"column":0},"end":{"line":52,"column":null}},"23":{"start":{"line":49,"column":84},"end":{"line":52,"column":2}},"24":{"start":{"line":50,"column":23},"end":{"line":50,"column":73}},"25":{"start":{"line":51,"column":8},"end":{"line":51,"column":null}}},"fnMap":{"0":{"name":"(anonymous_7)","decl":{"start":{"line":13,"column":20},"end":{"line":13,"column":27}},"loc":{"start":{"line":13,"column":81},"end":{"line":16,"column":2}}},"1":{"name":"(anonymous_8)","decl":{"start":{"line":13,"column":81},"end":{"line":13,"column":null}},"loc":{"start":{"line":13,"column":81},"end":{"line":16,"column":1}}},"2":{"name":"(anonymous_9)","decl":{"start":{"line":18,"column":23},"end":{"line":18,"column":30}},"loc":{"start":{"line":18,"column":101},"end":{"line":21,"column":2}}},"3":{"name":"(anonymous_10)","decl":{"start":{"line":18,"column":101},"end":{"line":18,"column":null}},"loc":{"start":{"line":18,"column":101},"end":{"line":21,"column":1}}},"4":{"name":"(anonymous_11)","decl":{"start":{"line":30,"column":4},"end":{"line":30,"column":11}},"loc":{"start":{"line":30,"column":88},"end":{"line":33,"column":2}}},"5":{"name":"(anonymous_12)","decl":{"start":{"line":30,"column":88},"end":{"line":30,"column":null}},"loc":{"start":{"line":30,"column":88},"end":{"line":33,"column":1}}},"6":{"name":"(anonymous_13)","decl":{"start":{"line":42,"column":4},"end":{"line":42,"column":11}},"loc":{"start":{"line":42,"column":104},"end":{"line":45,"column":2}}},"7":{"name":"(anonymous_14)","decl":{"start":{"line":42,"column":104},"end":{"line":42,"column":null}},"loc":{"start":{"line":42,"column":104},"end":{"line":45,"column":1}}},"8":{"name":"(anonymous_15)","decl":{"start":{"line":49,"column":4},"end":{"line":49,"column":11}},"loc":{"start":{"line":49,"column":84},"end":{"line":52,"column":2}}},"9":{"name":"(anonymous_16)","decl":{"start":{"line":49,"column":84},"end":{"line":49,"column":null}},"loc":{"start":{"line":49,"column":84},"end":{"line":52,"column":1}}}},"branchMap":{},"s":{"0":2,"1":2,"2":2,"3":2,"4":2,"5":2,"6":2,"7":1,"8":1,"9":1,"10":2,"11":6,"12":6,"13":6,"14":2,"15":3,"16":3,"17":3,"18":2,"19":3,"20":3,"21":3,"22":2,"23":3,"24":3,"25":3},"f":{"0":1,"1":1,"2":6,"3":6,"4":3,"5":3,"6":3,"7":3,"8":3,"9":3},"b":{}}
,"/Users/mar/Desktop/ITIncubator/blog_project/src/Routers/TestRouter/TestRouter.ts": {"path":"/Users/mar/Desktop/ITIncubator/blog_project/src/Routers/TestRouter/TestRouter.ts","statementMap":{"0":{"start":{"line":1,"column":0},"end":{"line":1,"column":52}},"1":{"start":{"line":2,"column":0},"end":{"line":2,"column":42}},"2":{"start":{"line":3,"column":0},"end":{"line":3,"column":64}},"3":{"start":{"line":7,"column":13},"end":{"line":7,"column":null}},"4":{"start":{"line":9,"column":0},"end":{"line":12,"column":null}},"5":{"start":{"line":9,"column":106},"end":{"line":12,"column":2}},"6":{"start":{"line":10,"column":19},"end":{"line":10,"column":51}},"7":{"start":{"line":11,"column":4},"end":{"line":11,"column":null}}},"fnMap":{"0":{"name":"(anonymous_7)","decl":{"start":{"line":9,"column":52},"end":{"line":9,"column":59}},"loc":{"start":{"line":9,"column":106},"end":{"line":12,"column":2}}},"1":{"name":"(anonymous_8)","decl":{"start":{"line":9,"column":106},"end":{"line":9,"column":null}},"loc":{"start":{"line":9,"column":106},"end":{"line":12,"column":1}}}},"branchMap":{},"s":{"0":2,"1":2,"2":2,"3":2,"4":2,"5":4,"6":4,"7":4},"f":{"0":4,"1":4},"b":{}}
,"/Users/mar/Desktop/ITIncubator/blog_project/src/Service/BlogService.ts": {"path":"/Users/mar/Desktop/ITIncubator/blog_project/src/Service/BlogService.ts","statementMap":{"0":{"start":{"line":1,"column":0},"end":{"line":1,"column":61}},"1":{"start":{"line":2,"column":0},"end":{"line":2,"column":57}},"2":{"start":{"line":3,"column":0},"end":{"line":3,"column":64}},"3":{"start":{"line":4,"column":0},"end":{"line":4,"column":38}},"4":{"start":{"line":10,"column":13},"end":{"line":57,"column":null}},"5":{"start":{"line":12,"column":22},"end":{"line":15,"column":null}},"6":{"start":{"line":17,"column":8},"end":{"line":29,"column":9}},"7":{"start":{"line":18,"column":52},"end":{"line":18,"column":88}},"8":{"start":{"line":19,"column":12},"end":{"line":25,"column":null}},"9":{"start":{"line":27,"column":12},"end":{"line":27,"column":null}},"10":{"start":{"line":28,"column":12},"end":{"line":28,"column":null}},"11":{"start":{"line":33,"column":8},"end":{"line":45,"column":9}},"12":{"start":{"line":34,"column":51},"end":{"line":34,"column":91}},"13":{"start":{"line":35,"column":12},"end":{"line":40,"column":13}},"14":{"start":{"line":36,"column":16},"end":{"line":38,"column":17}},"15":{"start":{"line":37,"column":20},"end":{"line":37,"column":null}},"16":{"start":{"line":39,"column":16},"end":{"line":39,"column":null}},"17":{"start":{"line":41,"column":12},"end":{"line":41,"column":null}},"18":{"start":{"line":43,"column":12},"end":{"line":43,"column":null}},"19":{"start":{"line":44,"column":12},"end":{"line":44,"column":null}},"20":{"start":{"line":49,"column":8},"end":{"line":55,"column":9}},"21":{"start":{"line":50,"column":52},"end":{"line":50,"column":84}},"22":{"start":{"line":51,"column":12},"end":{"line":51,"column":null}},"23":{"start":{"line":53,"column":12},"end":{"line":53,"column":null}},"24":{"start":{"line":54,"column":12},"end":{"line":54,"column":null}}},"fnMap":{"0":{"name":"(anonymous_7)","decl":{"start":{"line":11,"column":10},"end":{"line":11,"column":27}},"loc":{"start":{"line":11,"column":48},"end":{"line":30,"column":null}}},"1":{"name":"(anonymous_9)","decl":{"start":{"line":32,"column":10},"end":{"line":32,"column":27}},"loc":{"start":{"line":32,"column":60},"end":{"line":46,"column":null}}},"2":{"name":"(anonymous_11)","decl":{"start":{"line":48,"column":10},"end":{"line":48,"column":27}},"loc":{"start":{"line":48,"column":39},"end":{"line":56,"column":null}}}},"branchMap":{"0":{"loc":{"start":{"line":35,"column":12},"end":{"line":40,"column":13}},"type":"if","locations":[{"start":{"line":35,"column":12},"end":{"line":40,"column":13}}]},"1":{"loc":{"start":{"line":36,"column":16},"end":{"line":38,"column":17}},"type":"if","locations":[{"start":{"line":36,"column":16},"end":{"line":38,"column":17}}]},"2":{"loc":{"start":{"line":51,"column":19},"end":{"line":51,"column":74}},"type":"cond-expr","locations":[{"start":{"line":51,"column":45},"end":{"line":51,"column":58}},{"start":{"line":51,"column":61},"end":{"line":51,"column":74}}]}},"s":{"0":2,"1":2,"2":2,"3":2,"4":2,"5":4,"6":4,"7":4,"8":4,"9":0,"10":0,"11":3,"12":3,"13":2,"14":1,"15":1,"16":0,"17":1,"18":1,"19":1,"20":3,"21":3,"22":2,"23":1,"24":1},"f":{"0":4,"1":3,"2":3},"b":{"0":[1],"1":[1],"2":[1,1]}}
,"/Users/mar/Desktop/ITIncubator/blog_project/src/Service/PostService.ts": {"path":"/Users/mar/Desktop/ITIncubator/blog_project/src/Service/PostService.ts","statementMap":{"0":{"start":{"line":1,"column":0},"end":{"line":1,"column":57}},"1":{"start":{"line":2,"column":0},"end":{"line":2,"column":64}},"2":{"start":{"line":3,"column":0},"end":{"line":3,"column":38}},"3":{"start":{"line":5,"column":0},"end":{"line":5,"column":60}},"4":{"start":{"line":6,"column":0},"end":{"line":6,"column":71}},"5":{"start":{"line":12,"column":13},"end":{"line":69,"column":null}},"6":{"start":{"line":14,"column":8},"end":{"line":37,"column":9}},"7":{"start":{"line":15,"column":46},"end":{"line":15,"column":91}},"8":{"start":{"line":16,"column":12},"end":{"line":18,"column":13}},"9":{"start":{"line":17,"column":16},"end":{"line":17,"column":null}},"10":{"start":{"line":20,"column":26},"end":{"line":23,"column":null}},"11":{"start":{"line":26,"column":52},"end":{"line":26,"column":87}},"12":{"start":{"line":27,"column":12},"end":{"line":33,"column":null}},"13":{"start":{"line":35,"column":12},"end":{"line":35,"column":null}},"14":{"start":{"line":36,"column":12},"end":{"line":36,"column":null}},"15":{"start":{"line":41,"column":8},"end":{"line":57,"column":9}},"16":{"start":{"line":42,"column":46},"end":{"line":42,"column":91}},"17":{"start":{"line":43,"column":12},"end":{"line":45,"column":13}},"18":{"start":{"line":44,"column":16},"end":{"line":44,"column":null}},"19":{"start":{"line":46,"column":51},"end":{"line":46,"column":90}},"20":{"start":{"line":47,"column":12},"end":{"line":52,"column":13}},"21":{"start":{"line":48,"column":16},"end":{"line":50,"column":17}},"22":{"start":{"line":49,"column":20},"end":{"line":49,"column":null}},"23":{"start":{"line":51,"column":16},"end":{"line":51,"column":null}},"24":{"start":{"line":53,"column":12},"end":{"line":53,"column":null}},"25":{"start":{"line":55,"column":12},"end":{"line":55,"column":null}},"26":{"start":{"line":56,"column":12},"end":{"line":56,"column":null}},"27":{"start":{"line":61,"column":8},"end":{"line":67,"column":9}},"28":{"start":{"line":62,"column":52},"end":{"line":62,"column":83}},"29":{"start":{"line":63,"column":12},"end":{"line":63,"column":null}},"30":{"start":{"line":65,"column":12},"end":{"line":65,"column":null}},"31":{"start":{"line":66,"column":12},"end":{"line":66,"column":null}}},"fnMap":{"0":{"name":"(anonymous_7)","decl":{"start":{"line":13,"column":10},"end":{"line":13,"column":27}},"loc":{"start":{"line":13,"column":48},"end":{"line":38,"column":null}}},"1":{"name":"(anonymous_9)","decl":{"start":{"line":40,"column":10},"end":{"line":40,"column":27}},"loc":{"start":{"line":40,"column":60},"end":{"line":58,"column":null}}},"2":{"name":"(anonymous_11)","decl":{"start":{"line":60,"column":10},"end":{"line":60,"column":27}},"loc":{"start":{"line":60,"column":39},"end":{"line":68,"column":null}}}},"branchMap":{"0":{"loc":{"start":{"line":16,"column":12},"end":{"line":18,"column":13}},"type":"if","locations":[{"start":{"line":16,"column":12},"end":{"line":18,"column":13}}]},"1":{"loc":{"start":{"line":43,"column":12},"end":{"line":45,"column":13}},"type":"if","locations":[{"start":{"line":43,"column":12},"end":{"line":45,"column":13}}]},"2":{"loc":{"start":{"line":47,"column":12},"end":{"line":52,"column":13}},"type":"if","locations":[{"start":{"line":47,"column":12},"end":{"line":52,"column":13}}]},"3":{"loc":{"start":{"line":48,"column":16},"end":{"line":50,"column":17}},"type":"if","locations":[{"start":{"line":48,"column":16},"end":{"line":50,"column":17}}]},"4":{"loc":{"start":{"line":63,"column":19},"end":{"line":63,"column":74}},"type":"cond-expr","locations":[{"start":{"line":63,"column":45},"end":{"line":63,"column":58}},{"start":{"line":63,"column":61},"end":{"line":63,"column":74}}]}},"s":{"0":2,"1":2,"2":2,"3":2,"4":2,"5":2,"6":3,"7":3,"8":3,"9":0,"10":3,"11":3,"12":3,"13":0,"14":0,"15":3,"16":3,"17":3,"18":0,"19":3,"20":2,"21":1,"22":1,"23":0,"24":1,"25":1,"26":1,"27":3,"28":3,"29":2,"30":1,"31":1},"f":{"0":3,"1":3,"2":3},"b":{"0":[0],"1":[0],"2":[1],"3":[1],"4":[1,1]}}
,"/Users/mar/Desktop/ITIncubator/blog_project/src/Service/ErrorService/ErrorService.ts": {"path":"/Users/mar/Desktop/ITIncubator/blog_project/src/Service/ErrorService/ErrorService.ts","statementMap":{"0":{"start":{"line":1,"column":0},"end":{"line":1,"column":19}},"1":{"start":{"line":4,"column":19},"end":{"line":4,"column":164}},"2":{"start":{"line":3,"column":0},"end":{"line":3,"column":22}}},"fnMap":{"0":{"name":"SaveError","decl":{"start":{"line":3,"column":22},"end":{"line":3,"column":31}},"loc":{"start":{"line":3,"column":92},"end":{"line":5,"column":null}}}},"branchMap":{},"s":{"0":2,"1":8,"2":2},"f":{"0":8},"b":{}}
}
