{"/Users/mar/Desktop/ITIncubator/blog_project/__tests__/Dto/AuthDto.ts": {"path":"/Users/mar/Desktop/ITIncubator/blog_project/__tests__/Dto/AuthDto.ts","statementMap":{"0":{"start":{"line":1,"column":0},"end":{"line":1,"column":37}},"1":{"start":{"line":3,"column":13},"end":{"line":9,"column":null}},"2":{"start":{"line":11,"column":13},"end":{"line":22,"column":null}},"3":{"start":{"line":25,"column":13},"end":{"line":37,"column":null}}},"fnMap":{},"branchMap":{},"s":{"0":7,"1":7,"2":7,"3":7},"f":{},"b":{}}
,"/Users/mar/Desktop/ITIncubator/blog_project/__tests__/Dto/BlogDto.ts": {"path":"/Users/mar/Desktop/ITIncubator/blog_project/__tests__/Dto/BlogDto.ts","statementMap":{"0":{"start":{"line":2,"column":13},"end":{"line":14,"column":null}},"1":{"start":{"line":16,"column":13},"end":{"line":24,"column":null}}},"fnMap":{},"branchMap":{},"s":{"0":3,"1":3},"f":{},"b":{}}
,"/Users/mar/Desktop/ITIncubator/blog_project/__tests__/Dto/CommentDto.ts": {"path":"/Users/mar/Desktop/ITIncubator/blog_project/__tests__/Dto/CommentDto.ts","statementMap":{"0":{"start":{"line":1,"column":0},"end":{"line":1,"column":43}},"1":{"start":{"line":2,"column":0},"end":{"line":2,"column":35}},"2":{"start":{"line":5,"column":13},"end":{"line":9,"column":null}},"3":{"start":{"line":11,"column":13},"end":{"line":23,"column":null}}},"fnMap":{},"branchMap":{},"s":{"0":1,"1":1,"2":1,"3":1},"f":{},"b":{}}
,"/Users/mar/Desktop/ITIncubator/blog_project/__tests__/Dto/PostDto.ts": {"path":"/Users/mar/Desktop/ITIncubator/blog_project/__tests__/Dto/PostDto.ts","statementMap":{"0":{"start":{"line":2,"column":0},"end":{"line":2,"column":47}},"1":{"start":{"line":6,"column":13},"end":{"line":25,"column":2}},"2":{"start":{"line":27,"column":13},"end":{"line":36,"column":null}}},"fnMap":{},"branchMap":{"0":{"loc":{"start":{"line":32,"column":16},"end":{"line":32,"column":78}},"type":"binary-expr","locations":[{"start":{"line":32,"column":16},"end":{"line":32,"column":45}},{"start":{"line":32,"column":49},"end":{"line":32,"column":78}}]}},"s":{"0":2,"1":2,"2":2},"f":{},"b":{"0":[2,2]}}
,"/Users/mar/Desktop/ITIncubator/blog_project/__tests__/Modules/Body.Modules.ts": {"path":"/Users/mar/Desktop/ITIncubator/blog_project/__tests__/Modules/Body.Modules.ts","statementMap":{"0":{"start":{"line":1,"column":0},"end":{"line":1,"column":67}},"1":{"start":{"line":2,"column":0},"end":{"line":2,"column":51}},"2":{"start":{"line":9,"column":35},"end":{"line":11,"column":null}},"3":{"start":{"line":9,"column":75},"end":{"line":11,"column":null}},"4":{"start":{"line":10,"column":4},"end":{"line":10,"column":null}},"5":{"start":{"line":9,"column":13},"end":{"line":9,"column":35}},"6":{"start":{"line":13,"column":36},"end":{"line":15,"column":null}},"7":{"start":{"line":13,"column":76},"end":{"line":15,"column":null}},"8":{"start":{"line":14,"column":4},"end":{"line":14,"column":null}},"9":{"start":{"line":13,"column":13},"end":{"line":13,"column":36}},"10":{"start":{"line":17,"column":29},"end":{"line":19,"column":null}},"11":{"start":{"line":17,"column":71},"end":{"line":19,"column":null}},"12":{"start":{"line":18,"column":4},"end":{"line":18,"column":null}},"13":{"start":{"line":17,"column":13},"end":{"line":17,"column":29}},"14":{"start":{"line":21,"column":29},"end":{"line":23,"column":null}},"15":{"start":{"line":21,"column":71},"end":{"line":23,"column":null}},"16":{"start":{"line":22,"column":4},"end":{"line":22,"column":null}},"17":{"start":{"line":21,"column":13},"end":{"line":21,"column":29}},"18":{"start":{"line":25,"column":35},"end":{"line":27,"column":null}},"19":{"start":{"line":25,"column":88},"end":{"line":27,"column":null}},"20":{"start":{"line":26,"column":4},"end":{"line":26,"column":null}},"21":{"start":{"line":25,"column":13},"end":{"line":25,"column":35}},"22":{"start":{"line":29,"column":31},"end":{"line":31,"column":null}},"23":{"start":{"line":29,"column":73},"end":{"line":31,"column":null}},"24":{"start":{"line":30,"column":4},"end":{"line":30,"column":null}},"25":{"start":{"line":29,"column":13},"end":{"line":29,"column":31}},"26":{"start":{"line":36,"column":13},"end":{"line":56,"column":null}},"27":{"start":{"line":38,"column":8},"end":{"line":38,"column":null}},"28":{"start":{"line":39,"column":8},"end":{"line":39,"column":null}},"29":{"start":{"line":40,"column":8},"end":{"line":40,"column":null}},"30":{"start":{"line":41,"column":8},"end":{"line":41,"column":null}},"31":{"start":{"line":42,"column":8},"end":{"line":42,"column":null}},"32":{"start":{"line":46,"column":8},"end":{"line":46,"column":null}},"33":{"start":{"line":50,"column":8},"end":{"line":50,"column":null}},"34":{"start":{"line":54,"column":8},"end":{"line":54,"column":null}}},"fnMap":{"0":{"name":"(anonymous_7)","decl":{"start":{"line":9,"column":35},"end":{"line":9,"column":42}},"loc":{"start":{"line":9,"column":75},"end":{"line":11,"column":null}}},"1":{"name":"(anonymous_8)","decl":{"start":{"line":9,"column":75},"end":{"line":9,"column":null}},"loc":{"start":{"line":9,"column":75},"end":{"line":11,"column":1}}},"2":{"name":"(anonymous_9)","decl":{"start":{"line":13,"column":36},"end":{"line":13,"column":43}},"loc":{"start":{"line":13,"column":76},"end":{"line":15,"column":null}}},"3":{"name":"(anonymous_10)","decl":{"start":{"line":13,"column":76},"end":{"line":13,"column":null}},"loc":{"start":{"line":13,"column":76},"end":{"line":15,"column":1}}},"4":{"name":"(anonymous_11)","decl":{"start":{"line":17,"column":29},"end":{"line":17,"column":36}},"loc":{"start":{"line":17,"column":71},"end":{"line":19,"column":null}}},"5":{"name":"(anonymous_12)","decl":{"start":{"line":17,"column":71},"end":{"line":17,"column":null}},"loc":{"start":{"line":17,"column":71},"end":{"line":19,"column":1}}},"6":{"name":"(anonymous_13)","decl":{"start":{"line":21,"column":29},"end":{"line":21,"column":36}},"loc":{"start":{"line":21,"column":71},"end":{"line":23,"column":null}}},"7":{"name":"(anonymous_14)","decl":{"start":{"line":21,"column":71},"end":{"line":21,"column":null}},"loc":{"start":{"line":21,"column":71},"end":{"line":23,"column":1}}},"8":{"name":"(anonymous_15)","decl":{"start":{"line":25,"column":35},"end":{"line":25,"column":42}},"loc":{"start":{"line":25,"column":88},"end":{"line":27,"column":null}}},"9":{"name":"(anonymous_16)","decl":{"start":{"line":25,"column":88},"end":{"line":25,"column":null}},"loc":{"start":{"line":25,"column":88},"end":{"line":27,"column":1}}},"10":{"name":"(anonymous_17)","decl":{"start":{"line":29,"column":31},"end":{"line":29,"column":38}},"loc":{"start":{"line":29,"column":73},"end":{"line":31,"column":null}}},"11":{"name":"(anonymous_18)","decl":{"start":{"line":29,"column":73},"end":{"line":29,"column":null}},"loc":{"start":{"line":29,"column":73},"end":{"line":31,"column":1}}},"12":{"name":"(anonymous_19)","decl":{"start":{"line":37,"column":10},"end":{"line":37,"column":28}},"loc":{"start":{"line":37,"column":28},"end":{"line":43,"column":null}}},"13":{"name":"(anonymous_21)","decl":{"start":{"line":45,"column":10},"end":{"line":45,"column":28}},"loc":{"start":{"line":45,"column":28},"end":{"line":47,"column":null}}},"14":{"name":"(anonymous_23)","decl":{"start":{"line":49,"column":10},"end":{"line":49,"column":36}},"loc":{"start":{"line":49,"column":36},"end":{"line":51,"column":null}}},"15":{"name":"(anonymous_25)","decl":{"start":{"line":53,"column":10},"end":{"line":53,"column":28}},"loc":{"start":{"line":53,"column":28},"end":{"line":55,"column":null}}}},"branchMap":{},"s":{"0":8,"1":8,"2":8,"3":60,"4":60,"5":8,"6":8,"7":0,"8":0,"9":8,"10":8,"11":29,"12":29,"13":8,"14":8,"15":14,"16":14,"17":8,"18":8,"19":5,"20":5,"21":8,"22":8,"23":3,"24":3,"25":8,"26":8,"27":30,"28":30,"29":30,"30":30,"31":30,"32":27,"33":18,"34":5},"f":{"0":60,"1":60,"2":0,"3":0,"4":29,"5":29,"6":14,"7":14,"8":5,"9":5,"10":3,"11":3,"12":30,"13":27,"14":18,"15":5},"b":{}}
,"/Users/mar/Desktop/ITIncubator/blog_project/__tests__/e2e/modules/modules.ts": {"path":"/Users/mar/Desktop/ITIncubator/blog_project/__tests__/e2e/modules/modules.ts","statementMap":{"0":{"start":{"line":1,"column":0},"end":{"line":1,"column":31}},"1":{"start":{"line":2,"column":0},"end":{"line":2,"column":38}},"2":{"start":{"line":3,"column":0},"end":{"line":3,"column":56}},"3":{"start":{"line":4,"column":0},"end":{"line":4,"column":71}},"4":{"start":{"line":8,"column":13},"end":{"line":10,"column":null}},"5":{"start":{"line":12,"column":26},"end":{"line":14,"column":1}},"6":{"start":{"line":13,"column":4},"end":{"line":13,"column":null}},"7":{"start":{"line":12,"column":13},"end":{"line":12,"column":26}},"8":{"start":{"line":16,"column":27},"end":{"line":20,"column":null}},"9":{"start":{"line":16,"column":38},"end":{"line":20,"column":null}},"10":{"start":{"line":17,"column":19},"end":{"line":18,"column":81}},"11":{"start":{"line":19,"column":4},"end":{"line":19,"column":null}},"12":{"start":{"line":16,"column":13},"end":{"line":16,"column":27}},"13":{"start":{"line":22,"column":26},"end":{"line":28,"column":null}},"14":{"start":{"line":22,"column":46},"end":{"line":28,"column":null}},"15":{"start":{"line":23,"column":19},"end":{"line":26,"column":19}},"16":{"start":{"line":27,"column":4},"end":{"line":27,"column":null}},"17":{"start":{"line":22,"column":13},"end":{"line":22,"column":26}},"18":{"start":{"line":30,"column":25},"end":{"line":35,"column":null}},"19":{"start":{"line":30,"column":45},"end":{"line":35,"column":null}},"20":{"start":{"line":31,"column":19},"end":{"line":33,"column":19}},"21":{"start":{"line":34,"column":4},"end":{"line":34,"column":null}},"22":{"start":{"line":30,"column":13},"end":{"line":30,"column":25}},"23":{"start":{"line":37,"column":26},"end":{"line":43,"column":null}},"24":{"start":{"line":37,"column":46},"end":{"line":43,"column":null}},"25":{"start":{"line":38,"column":19},"end":{"line":41,"column":19}},"26":{"start":{"line":42,"column":4},"end":{"line":42,"column":null}},"27":{"start":{"line":37,"column":13},"end":{"line":37,"column":26}},"28":{"start":{"line":45,"column":27},"end":{"line":51,"column":null}},"29":{"start":{"line":45,"column":47},"end":{"line":51,"column":null}},"30":{"start":{"line":46,"column":19},"end":{"line":49,"column":19}},"31":{"start":{"line":50,"column":4},"end":{"line":50,"column":null}},"32":{"start":{"line":45,"column":13},"end":{"line":45,"column":27}},"33":{"start":{"line":53,"column":32},"end":{"line":58,"column":null}},"34":{"start":{"line":53,"column":52},"end":{"line":58,"column":null}},"35":{"start":{"line":54,"column":19},"end":{"line":56,"column":19}},"36":{"start":{"line":57,"column":4},"end":{"line":57,"column":null}},"37":{"start":{"line":53,"column":13},"end":{"line":53,"column":32}},"38":{"start":{"line":60,"column":39},"end":{"line":65,"column":null}},"39":{"start":{"line":60,"column":59},"end":{"line":65,"column":null}},"40":{"start":{"line":61,"column":19},"end":{"line":63,"column":19}},"41":{"start":{"line":64,"column":4},"end":{"line":64,"column":null}},"42":{"start":{"line":60,"column":13},"end":{"line":60,"column":39}},"43":{"start":{"line":67,"column":45},"end":{"line":72,"column":null}},"44":{"start":{"line":67,"column":65},"end":{"line":72,"column":null}},"45":{"start":{"line":68,"column":19},"end":{"line":70,"column":19}},"46":{"start":{"line":71,"column":4},"end":{"line":71,"column":null}},"47":{"start":{"line":67,"column":13},"end":{"line":67,"column":45}},"48":{"start":{"line":74,"column":39},"end":{"line":76,"column":null}},"49":{"start":{"line":74,"column":83},"end":{"line":76,"column":null}},"50":{"start":{"line":75,"column":4},"end":{"line":75,"column":null}},"51":{"start":{"line":74,"column":13},"end":{"line":74,"column":39}},"52":{"start":{"line":78,"column":33},"end":{"line":80,"column":null}},"53":{"start":{"line":78,"column":77},"end":{"line":80,"column":null}},"54":{"start":{"line":79,"column":4},"end":{"line":79,"column":null}},"55":{"start":{"line":78,"column":13},"end":{"line":78,"column":33}}},"fnMap":{"0":{"name":"(anonymous_8)","decl":{"start":{"line":12,"column":26},"end":{"line":12,"column":29}},"loc":{"start":{"line":12,"column":31},"end":{"line":14,"column":1}}},"1":{"name":"(anonymous_9)","decl":{"start":{"line":16,"column":27},"end":{"line":16,"column":36}},"loc":{"start":{"line":16,"column":38},"end":{"line":20,"column":null}}},"2":{"name":"(anonymous_10)","decl":{"start":{"line":16,"column":38},"end":{"line":16,"column":null}},"loc":{"start":{"line":16,"column":38},"end":{"line":20,"column":1}}},"3":{"name":"(anonymous_11)","decl":{"start":{"line":22,"column":26},"end":{"line":22,"column":33}},"loc":{"start":{"line":22,"column":46},"end":{"line":28,"column":null}}},"4":{"name":"(anonymous_12)","decl":{"start":{"line":22,"column":46},"end":{"line":22,"column":null}},"loc":{"start":{"line":22,"column":46},"end":{"line":28,"column":1}}},"5":{"name":"(anonymous_13)","decl":{"start":{"line":30,"column":25},"end":{"line":30,"column":32}},"loc":{"start":{"line":30,"column":45},"end":{"line":35,"column":null}}},"6":{"name":"(anonymous_14)","decl":{"start":{"line":30,"column":45},"end":{"line":30,"column":null}},"loc":{"start":{"line":30,"column":45},"end":{"line":35,"column":1}}},"7":{"name":"(anonymous_15)","decl":{"start":{"line":37,"column":26},"end":{"line":37,"column":33}},"loc":{"start":{"line":37,"column":46},"end":{"line":43,"column":null}}},"8":{"name":"(anonymous_16)","decl":{"start":{"line":37,"column":46},"end":{"line":37,"column":null}},"loc":{"start":{"line":37,"column":46},"end":{"line":43,"column":1}}},"9":{"name":"(anonymous_17)","decl":{"start":{"line":45,"column":27},"end":{"line":45,"column":34}},"loc":{"start":{"line":45,"column":47},"end":{"line":51,"column":null}}},"10":{"name":"(anonymous_18)","decl":{"start":{"line":45,"column":47},"end":{"line":45,"column":null}},"loc":{"start":{"line":45,"column":47},"end":{"line":51,"column":1}}},"11":{"name":"(anonymous_19)","decl":{"start":{"line":53,"column":32},"end":{"line":53,"column":39}},"loc":{"start":{"line":53,"column":52},"end":{"line":58,"column":null}}},"12":{"name":"(anonymous_20)","decl":{"start":{"line":53,"column":52},"end":{"line":53,"column":null}},"loc":{"start":{"line":53,"column":52},"end":{"line":58,"column":1}}},"13":{"name":"(anonymous_21)","decl":{"start":{"line":60,"column":39},"end":{"line":60,"column":46}},"loc":{"start":{"line":60,"column":59},"end":{"line":65,"column":null}}},"14":{"name":"(anonymous_22)","decl":{"start":{"line":60,"column":59},"end":{"line":60,"column":null}},"loc":{"start":{"line":60,"column":59},"end":{"line":65,"column":1}}},"15":{"name":"(anonymous_23)","decl":{"start":{"line":67,"column":45},"end":{"line":67,"column":52}},"loc":{"start":{"line":67,"column":65},"end":{"line":72,"column":null}}},"16":{"name":"(anonymous_24)","decl":{"start":{"line":67,"column":65},"end":{"line":67,"column":null}},"loc":{"start":{"line":67,"column":65},"end":{"line":72,"column":1}}},"17":{"name":"(anonymous_25)","decl":{"start":{"line":74,"column":39},"end":{"line":74,"column":46}},"loc":{"start":{"line":74,"column":83},"end":{"line":76,"column":null}}},"18":{"name":"(anonymous_26)","decl":{"start":{"line":74,"column":83},"end":{"line":74,"column":null}},"loc":{"start":{"line":74,"column":83},"end":{"line":76,"column":1}}},"19":{"name":"(anonymous_27)","decl":{"start":{"line":78,"column":33},"end":{"line":78,"column":40}},"loc":{"start":{"line":78,"column":77},"end":{"line":80,"column":null}}},"20":{"name":"(anonymous_28)","decl":{"start":{"line":78,"column":77},"end":{"line":78,"column":null}},"loc":{"start":{"line":78,"column":77},"end":{"line":80,"column":1}}}},"branchMap":{},"s":{"0":7,"1":7,"2":7,"3":7,"4":7,"5":7,"6":168,"7":7,"8":7,"9":36,"10":36,"11":36,"12":7,"13":7,"14":9,"15":9,"16":9,"17":7,"18":7,"19":7,"20":7,"21":7,"22":7,"23":7,"24":19,"25":19,"26":19,"27":7,"28":7,"29":8,"30":8,"31":8,"32":7,"33":7,"34":0,"35":0,"36":0,"37":7,"38":7,"39":0,"40":0,"41":0,"42":7,"43":7,"44":0,"45":0,"46":0,"47":7,"48":7,"49":5,"50":5,"51":7,"52":7,"53":0,"54":0,"55":7},"f":{"0":168,"1":36,"2":36,"3":9,"4":9,"5":7,"6":7,"7":19,"8":19,"9":8,"10":8,"11":0,"12":0,"13":0,"14":0,"15":0,"16":0,"17":5,"18":5,"19":0,"20":0},"b":{}}
,"/Users/mar/Desktop/ITIncubator/blog_project/src/app.ts": {"path":"/Users/mar/Desktop/ITIncubator/blog_project/src/app.ts","statementMap":{"0":{"start":{"line":1,"column":0},"end":{"line":1,"column":29}},"1":{"start":{"line":2,"column":0},"end":{"line":2,"column":23}},"2":{"start":{"line":3,"column":0},"end":{"line":3,"column":40}},"3":{"start":{"line":4,"column":0},"end":{"line":4,"column":45}},"4":{"start":{"line":5,"column":0},"end":{"line":5,"column":61}},"5":{"start":{"line":6,"column":0},"end":{"line":6,"column":60}},"6":{"start":{"line":7,"column":0},"end":{"line":7,"column":60}},"7":{"start":{"line":8,"column":0},"end":{"line":8,"column":60}},"8":{"start":{"line":9,"column":0},"end":{"line":9,"column":62}},"9":{"start":{"line":10,"column":0},"end":{"line":10,"column":72}},"10":{"start":{"line":11,"column":0},"end":{"line":11,"column":42}},"11":{"start":{"line":12,"column":0},"end":{"line":12,"column":72}},"12":{"start":{"line":15,"column":13},"end":{"line":15,"column":null}},"13":{"start":{"line":16,"column":0},"end":{"line":16,"column":null}},"14":{"start":{"line":17,"column":0},"end":{"line":17,"column":null}},"15":{"start":{"line":18,"column":0},"end":{"line":18,"column":null}},"16":{"start":{"line":19,"column":0},"end":{"line":19,"column":null}},"17":{"start":{"line":20,"column":0},"end":{"line":20,"column":29}},"18":{"start":{"line":23,"column":0},"end":{"line":23,"column":null}},"19":{"start":{"line":24,"column":0},"end":{"line":24,"column":null}},"20":{"start":{"line":25,"column":0},"end":{"line":25,"column":null}},"21":{"start":{"line":26,"column":0},"end":{"line":26,"column":null}},"22":{"start":{"line":27,"column":0},"end":{"line":27,"column":null}},"23":{"start":{"line":28,"column":0},"end":{"line":28,"column":null}},"24":{"start":{"line":29,"column":0},"end":{"line":29,"column":null}}},"fnMap":{},"branchMap":{},"s":{"0":7,"1":7,"2":7,"3":7,"4":7,"5":7,"6":7,"7":7,"8":7,"9":7,"10":7,"11":7,"12":7,"13":7,"14":7,"15":7,"16":7,"17":7,"18":7,"19":7,"20":7,"21":7,"22":7,"23":7,"24":7},"f":{},"b":{}}
,"/Users/mar/Desktop/ITIncubator/blog_project/src/settings.ts": {"path":"/Users/mar/Desktop/ITIncubator/blog_project/src/settings.ts","statementMap":{"0":{"start":{"line":1,"column":0},"end":{"line":1,"column":31}},"1":{"start":{"line":2,"column":0},"end":{"line":2,"column":null}},"2":{"start":{"line":5,"column":13},"end":{"line":38,"column":null}},"3":{"start":{"line":40,"column":13},"end":{"line":52,"column":null}},"4":{"start":{"line":54,"column":13},"end":{"line":59,"column":null}},"5":{"start":{"line":61,"column":13},"end":{"line":66,"column":null}},"6":{"start":{"line":68,"column":13},"end":{"line":75,"column":null}}},"fnMap":{},"branchMap":{"0":{"loc":{"start":{"line":41,"column":9},"end":{"line":41,"column":59}},"type":"binary-expr","locations":[{"start":{"line":41,"column":9},"end":{"line":41,"column":30}},{"start":{"line":41,"column":34},"end":{"line":41,"column":59}}]},"1":{"loc":{"start":{"line":42,"column":15},"end":{"line":42,"column":71}},"type":"binary-expr","locations":[{"start":{"line":42,"column":15},"end":{"line":42,"column":42}},{"start":{"line":42,"column":46},"end":{"line":42,"column":71}}]},"2":{"loc":{"start":{"line":55,"column":10},"end":{"line":55,"column":36}},"type":"binary-expr","locations":[{"start":{"line":55,"column":10},"end":{"line":55,"column":26}},{"start":{"line":55,"column":30},"end":{"line":55,"column":36}}]},"3":{"loc":{"start":{"line":57,"column":27},"end":{"line":57,"column":75}},"type":"binary-expr","locations":[{"start":{"line":57,"column":27},"end":{"line":57,"column":60}},{"start":{"line":57,"column":64},"end":{"line":57,"column":75}}]},"4":{"loc":{"start":{"line":58,"column":28},"end":{"line":58,"column":78}},"type":"binary-expr","locations":[{"start":{"line":58,"column":28},"end":{"line":58,"column":62}},{"start":{"line":58,"column":66},"end":{"line":58,"column":78}}]},"5":{"loc":{"start":{"line":73,"column":18},"end":{"line":73,"column":70}},"type":"binary-expr","locations":[{"start":{"line":73,"column":18},"end":{"line":73,"column":49}},{"start":{"line":73,"column":53},"end":{"line":73,"column":70}}]}},"s":{"0":13,"1":13,"2":13,"3":13,"4":13,"5":13,"6":13},"f":{},"b":{"0":[13,0],"1":[13,0],"2":[13,13],"3":[13,0],"4":[13,0],"5":[13,0]}}
,"/Users/mar/Desktop/ITIncubator/blog_project/src/Applications/ConnectionDB/Connection.ts": {"path":"/Users/mar/Desktop/ITIncubator/blog_project/src/Applications/ConnectionDB/Connection.ts","statementMap":{"0":{"start":{"line":1,"column":0},"end":{"line":1,"column":56}},"1":{"start":{"line":2,"column":0},"end":{"line":2,"column":48}},"2":{"start":{"line":3,"column":0},"end":{"line":3,"column":63}},"3":{"start":{"line":6,"column":13},"end":{"line":12,"column":3}},"4":{"start":{"line":13,"column":13},"end":{"line":13,"column":null}},"5":{"start":{"line":15,"column":4},"end":{"line":22,"column":5}},"6":{"start":{"line":16,"column":8},"end":{"line":16,"column":null}},"7":{"start":{"line":17,"column":8},"end":{"line":17,"column":null}},"8":{"start":{"line":19,"column":8},"end":{"line":19,"column":null}},"9":{"start":{"line":20,"column":8},"end":{"line":20,"column":null}},"10":{"start":{"line":21,"column":8},"end":{"line":21,"column":null}},"11":{"start":{"line":14,"column":0},"end":{"line":14,"column":22}}},"fnMap":{"0":{"name":"startDB","decl":{"start":{"line":14,"column":22},"end":{"line":14,"column":29}},"loc":{"start":{"line":14,"column":29},"end":{"line":23,"column":null}}}},"branchMap":{},"s":{"0":13,"1":13,"2":13,"3":13,"4":13,"5":0,"6":0,"7":0,"8":0,"9":0,"10":0,"11":13},"f":{"0":0},"b":{}}
,"/Users/mar/Desktop/ITIncubator/blog_project/src/Applications/JWT/jwt.ts": {"path":"/Users/mar/Desktop/ITIncubator/blog_project/src/Applications/JWT/jwt.ts","statementMap":{"0":{"start":{"line":1,"column":0},"end":{"line":1,"column":47}},"1":{"start":{"line":2,"column":0},"end":{"line":2,"column":41}},"2":{"start":{"line":3,"column":0},"end":{"line":3,"column":53}},"3":{"start":{"line":8,"column":13},"end":{"line":36,"column":null}},"4":{"start":{"line":10,"column":8},"end":{"line":18,"column":9}},"5":{"start":{"line":11,"column":33},"end":{"line":11,"column":49}},"6":{"start":{"line":12,"column":12},"end":{"line":15,"column":null}},"7":{"start":{"line":17,"column":12},"end":{"line":17,"column":null}},"8":{"start":{"line":22,"column":8},"end":{"line":26,"column":9}},"9":{"start":{"line":23,"column":12},"end":{"line":23,"column":null}},"10":{"start":{"line":25,"column":12},"end":{"line":25,"column":null}},"11":{"start":{"line":30,"column":8},"end":{"line":34,"column":9}},"12":{"start":{"line":31,"column":12},"end":{"line":31,"column":null}},"13":{"start":{"line":33,"column":12},"end":{"line":33,"column":null}}},"fnMap":{"0":{"name":"(anonymous_8)","decl":{"start":{"line":9,"column":10},"end":{"line":9,"column":17}},"loc":{"start":{"line":9,"column":63},"end":{"line":19,"column":null}}},"1":{"name":"(anonymous_10)","decl":{"start":{"line":21,"column":10},"end":{"line":21,"column":19}},"loc":{"start":{"line":21,"column":34},"end":{"line":27,"column":null}}},"2":{"name":"(anonymous_12)","decl":{"start":{"line":29,"column":10},"end":{"line":29,"column":26}},"loc":{"start":{"line":29,"column":41},"end":{"line":35,"column":null}}}},"branchMap":{},"s":{"0":10,"1":10,"2":10,"3":10,"4":55,"5":55,"6":55,"7":0,"8":3,"9":3,"10":0,"11":35,"12":35,"13":6},"f":{"0":55,"1":3,"2":35},"b":{}}
,"/Users/mar/Desktop/ITIncubator/blog_project/src/Applications/Middleware/auth/AdminAuth/AdminAuth.ts": {"path":"/Users/mar/Desktop/ITIncubator/blog_project/src/Applications/Middleware/auth/AdminAuth/AdminAuth.ts","statementMap":{"0":{"start":{"line":2,"column":0},"end":{"line":2,"column":48}},"1":{"start":{"line":4,"column":30},"end":{"line":32,"column":null}},"2":{"start":{"line":4,"column":88},"end":{"line":32,"column":null}},"3":{"start":{"line":5,"column":17},"end":{"line":5,"column":45}},"4":{"start":{"line":6,"column":4},"end":{"line":8,"column":5}},"5":{"start":{"line":7,"column":8},"end":{"line":7,"column":null}},"6":{"start":{"line":9,"column":4},"end":{"line":29,"column":5}},"7":{"start":{"line":10,"column":28},"end":{"line":10,"column":46}},"8":{"start":{"line":11,"column":8},"end":{"line":13,"column":9}},"9":{"start":{"line":12,"column":12},"end":{"line":12,"column":null}},"10":{"start":{"line":15,"column":21},"end":{"line":15,"column":39}},"11":{"start":{"line":16,"column":23},"end":{"line":16,"column":67}},"12":{"start":{"line":17,"column":27},"end":{"line":17,"column":47}},"13":{"start":{"line":18,"column":8},"end":{"line":26,"column":9}},"14":{"start":{"line":19,"column":12},"end":{"line":24,"column":13}},"15":{"start":{"line":20,"column":16},"end":{"line":22,"column":17}},"16":{"start":{"line":21,"column":20},"end":{"line":21,"column":null}},"17":{"start":{"line":23,"column":16},"end":{"line":23,"column":null}},"18":{"start":{"line":25,"column":12},"end":{"line":25,"column":null}},"19":{"start":{"line":28,"column":8},"end":{"line":28,"column":null}},"20":{"start":{"line":31,"column":4},"end":{"line":31,"column":null}},"21":{"start":{"line":4,"column":13},"end":{"line":4,"column":30}}},"fnMap":{"0":{"name":"(anonymous_7)","decl":{"start":{"line":4,"column":30},"end":{"line":4,"column":37}},"loc":{"start":{"line":4,"column":88},"end":{"line":32,"column":null}}},"1":{"name":"(anonymous_8)","decl":{"start":{"line":4,"column":88},"end":{"line":4,"column":null}},"loc":{"start":{"line":4,"column":88},"end":{"line":32,"column":1}}}},"branchMap":{"0":{"loc":{"start":{"line":6,"column":4},"end":{"line":8,"column":5}},"type":"if","locations":[{"start":{"line":6,"column":4},"end":{"line":8,"column":5}}]},"1":{"loc":{"start":{"line":11,"column":8},"end":{"line":13,"column":9}},"type":"if","locations":[{"start":{"line":11,"column":8},"end":{"line":13,"column":9}}]},"2":{"loc":{"start":{"line":19,"column":12},"end":{"line":24,"column":13}},"type":"if","locations":[{"start":{"line":19,"column":12},"end":{"line":24,"column":13}}]},"3":{"loc":{"start":{"line":20,"column":16},"end":{"line":22,"column":17}},"type":"if","locations":[{"start":{"line":20,"column":16},"end":{"line":22,"column":17}}]}},"s":{"0":7,"1":7,"2":92,"3":92,"4":92,"5":6,"6":86,"7":86,"8":86,"9":1,"10":85,"11":85,"12":85,"13":85,"14":85,"15":84,"16":82,"17":2,"18":1,"19":0,"20":0,"21":7},"f":{"0":92,"1":92},"b":{"0":[6],"1":[1],"2":[84],"3":[82]}}
,"/Users/mar/Desktop/ITIncubator/blog_project/src/Applications/Middleware/auth/UserAuth/AuthUser.ts": {"path":"/Users/mar/Desktop/ITIncubator/blog_project/src/Applications/Middleware/auth/UserAuth/AuthUser.ts","statementMap":{"0":{"start":{"line":2,"column":0},"end":{"line":2,"column":48}},"1":{"start":{"line":3,"column":0},"end":{"line":3,"column":94}},"2":{"start":{"line":5,"column":0},"end":{"line":5,"column":60}},"3":{"start":{"line":8,"column":13},"end":{"line":33,"column":null}},"4":{"start":{"line":10,"column":8},"end":{"line":31,"column":9}},"5":{"start":{"line":11,"column":12},"end":{"line":13,"column":13}},"6":{"start":{"line":12,"column":16},"end":{"line":12,"column":null}},"7":{"start":{"line":15,"column":26},"end":{"line":15,"column":65}},"8":{"start":{"line":16,"column":32},"end":{"line":16,"column":68}},"9":{"start":{"line":18,"column":12},"end":{"line":25,"column":13}},"10":{"start":{"line":19,"column":63},"end":{"line":19,"column":122}},"11":{"start":{"line":20,"column":16},"end":{"line":22,"column":17}},"12":{"start":{"line":21,"column":20},"end":{"line":21,"column":null}},"13":{"start":{"line":23,"column":16},"end":{"line":23,"column":null}},"14":{"start":{"line":24,"column":16},"end":{"line":24,"column":null}},"15":{"start":{"line":27,"column":12},"end":{"line":27,"column":null}},"16":{"start":{"line":30,"column":12},"end":{"line":30,"column":null}}},"fnMap":{"0":{"name":"(anonymous_7)","decl":{"start":{"line":9,"column":10},"end":{"line":9,"column":31}},"loc":{"start":{"line":9,"column":80},"end":{"line":32,"column":null}}}},"branchMap":{"0":{"loc":{"start":{"line":11,"column":12},"end":{"line":13,"column":13}},"type":"if","locations":[{"start":{"line":11,"column":12},"end":{"line":13,"column":13}}]},"1":{"loc":{"start":{"line":18,"column":12},"end":{"line":25,"column":13}},"type":"if","locations":[{"start":{"line":18,"column":12},"end":{"line":25,"column":13}}]},"2":{"loc":{"start":{"line":20,"column":16},"end":{"line":22,"column":17}},"type":"if","locations":[{"start":{"line":20,"column":16},"end":{"line":22,"column":17}}]}},"s":{"0":7,"1":7,"2":7,"3":7,"4":5,"5":5,"6":2,"7":3,"8":3,"9":3,"10":3,"11":3,"12":0,"13":3,"14":3,"15":0,"16":0},"f":{"0":5},"b":{"0":[2],"1":[3],"2":[0]}}
,"/Users/mar/Desktop/ITIncubator/blog_project/src/Applications/Middleware/bcrypt/bcrypt.ts": {"path":"/Users/mar/Desktop/ITIncubator/blog_project/src/Applications/Middleware/bcrypt/bcrypt.ts","statementMap":{"0":{"start":{"line":1,"column":0},"end":{"line":1,"column":28}},"1":{"start":{"line":2,"column":0},"end":{"line":2,"column":45}},"2":{"start":{"line":5,"column":30},"end":{"line":11,"column":null}},"3":{"start":{"line":5,"column":57},"end":{"line":11,"column":null}},"4":{"start":{"line":6,"column":4},"end":{"line":10,"column":5}},"5":{"start":{"line":7,"column":8},"end":{"line":7,"column":null}},"6":{"start":{"line":9,"column":8},"end":{"line":9,"column":null}},"7":{"start":{"line":5,"column":13},"end":{"line":5,"column":30}},"8":{"start":{"line":13,"column":27},"end":{"line":19,"column":null}},"9":{"start":{"line":13,"column":80},"end":{"line":19,"column":null}},"10":{"start":{"line":14,"column":4},"end":{"line":18,"column":5}},"11":{"start":{"line":15,"column":8},"end":{"line":15,"column":null}},"12":{"start":{"line":17,"column":8},"end":{"line":17,"column":null}},"13":{"start":{"line":13,"column":13},"end":{"line":13,"column":27}}},"fnMap":{"0":{"name":"(anonymous_8)","decl":{"start":{"line":5,"column":30},"end":{"line":5,"column":37}},"loc":{"start":{"line":5,"column":57},"end":{"line":11,"column":null}}},"1":{"name":"(anonymous_9)","decl":{"start":{"line":5,"column":57},"end":{"line":5,"column":null}},"loc":{"start":{"line":5,"column":57},"end":{"line":11,"column":1}}},"2":{"name":"(anonymous_10)","decl":{"start":{"line":13,"column":27},"end":{"line":13,"column":34}},"loc":{"start":{"line":13,"column":80},"end":{"line":19,"column":null}}},"3":{"name":"(anonymous_11)","decl":{"start":{"line":13,"column":80},"end":{"line":13,"column":null}},"loc":{"start":{"line":13,"column":80},"end":{"line":19,"column":1}}}},"branchMap":{},"s":{"0":10,"1":10,"2":10,"3":19,"4":19,"5":19,"6":0,"7":10,"8":10,"9":50,"10":50,"11":50,"12":0,"13":10},"f":{"0":19,"1":19,"2":50,"3":50},"b":{}}
,"/Users/mar/Desktop/ITIncubator/blog_project/src/Applications/Middleware/input-validation/InputValidations.ts": {"path":"/Users/mar/Desktop/ITIncubator/blog_project/src/Applications/Middleware/input-validation/InputValidations.ts","statementMap":{"0":{"start":{"line":2,"column":0},"end":{"line":2,"column":67}},"1":{"start":{"line":3,"column":0},"end":{"line":3,"column":101}},"2":{"start":{"line":5,"column":31},"end":{"line":18,"column":1}},"3":{"start":{"line":6,"column":26},"end":{"line":6,"column":47}},"4":{"start":{"line":8,"column":4},"end":{"line":16,"column":5}},"5":{"start":{"line":9,"column":8},"end":{"line":14,"column":null}},"6":{"start":{"line":10,"column":77},"end":{"line":13,"column":14}},"7":{"start":{"line":17,"column":4},"end":{"line":17,"column":null}},"8":{"start":{"line":5,"column":13},"end":{"line":5,"column":31}},"9":{"start":{"line":20,"column":13},"end":{"line":117,"column":2}},"10":{"start":{"line":77,"column":37},"end":{"line":83,"column":14}},"11":{"start":{"line":78,"column":27},"end":{"line":78,"column":70}},"12":{"start":{"line":79,"column":12},"end":{"line":81,"column":13}},"13":{"start":{"line":80,"column":16},"end":{"line":80,"column":28}},"14":{"start":{"line":82,"column":12},"end":{"line":82,"column":49}},"15":{"start":{"line":99,"column":33},"end":{"line":99,"column":106}},"16":{"start":{"line":100,"column":33},"end":{"line":100,"column":80}},"17":{"start":{"line":102,"column":12},"end":{"line":104,"column":13}},"18":{"start":{"line":103,"column":16},"end":{"line":103,"column":34}},"19":{"start":{"line":106,"column":12},"end":{"line":106,"column":24}}},"fnMap":{"0":{"name":"(anonymous_7)","decl":{"start":{"line":5,"column":31},"end":{"line":5,"column":32}},"loc":{"start":{"line":5,"column":83},"end":{"line":18,"column":1}}},"1":{"name":"(anonymous_8)","decl":{"start":{"line":10,"column":69},"end":{"line":10,"column":70}},"loc":{"start":{"line":10,"column":77},"end":{"line":13,"column":14}}},"2":{"name":"(anonymous_9)","decl":{"start":{"line":77,"column":16},"end":{"line":77,"column":23}},"loc":{"start":{"line":77,"column":37},"end":{"line":83,"column":14}}},"3":{"name":"(anonymous_10)","decl":{"start":{"line":77,"column":37},"end":{"line":77,"column":null}},"loc":{"start":{"line":77,"column":37},"end":{"line":83,"column":13}}},"4":{"name":"(anonymous_11)","decl":{"start":{"line":98,"column":16},"end":{"line":98,"column":17}},"loc":{"start":{"line":98,"column":26},"end":{"line":107,"column":9}}}},"branchMap":{"0":{"loc":{"start":{"line":8,"column":4},"end":{"line":16,"column":5}},"type":"if","locations":[{"start":{"line":8,"column":4},"end":{"line":16,"column":5}}]},"1":{"loc":{"start":{"line":79,"column":12},"end":{"line":81,"column":13}},"type":"if","locations":[{"start":{"line":79,"column":12},"end":{"line":81,"column":13}}]},"2":{"loc":{"start":{"line":99,"column":33},"end":{"line":99,"column":106}},"type":"binary-expr","locations":[{"start":{"line":99,"column":33},"end":{"line":99,"column":50}},{"start":{"line":99,"column":54},"end":{"line":99,"column":72}},{"start":{"line":99,"column":76},"end":{"line":99,"column":106}}]},"3":{"loc":{"start":{"line":102,"column":12},"end":{"line":104,"column":13}},"type":"if","locations":[{"start":{"line":102,"column":12},"end":{"line":104,"column":13}}]},"4":{"loc":{"start":{"line":102,"column":16},"end":{"line":102,"column":46}},"type":"binary-expr","locations":[{"start":{"line":102,"column":16},"end":{"line":102,"column":29}},{"start":{"line":102,"column":33},"end":{"line":102,"column":46}}]}},"s":{"0":7,"1":7,"2":7,"3":78,"4":78,"5":21,"6":45,"7":57,"8":7,"9":7,"10":20,"11":20,"12":20,"13":18,"14":2,"15":7,"16":7,"17":7,"18":0,"19":7},"f":{"0":78,"1":45,"2":20,"3":20,"4":7},"b":{"0":[21],"1":[18],"2":[7,7,7],"3":[0],"4":[7,0]}}
,"/Users/mar/Desktop/ITIncubator/blog_project/src/Applications/Middleware/request-limit/request-limit.ts": {"path":"/Users/mar/Desktop/ITIncubator/blog_project/src/Applications/Middleware/request-limit/request-limit.ts","statementMap":{"0":{"start":{"line":2,"column":0},"end":{"line":2,"column":51}},"1":{"start":{"line":3,"column":0},"end":{"line":3,"column":49}},"2":{"start":{"line":4,"column":0},"end":{"line":4,"column":71}},"3":{"start":{"line":5,"column":0},"end":{"line":5,"column":95}},"4":{"start":{"line":7,"column":0},"end":{"line":7,"column":66}},"5":{"start":{"line":18,"column":30},"end":{"line":40,"column":null}},"6":{"start":{"line":18,"column":88},"end":{"line":40,"column":null}},"7":{"start":{"line":19,"column":4},"end":{"line":39,"column":5}},"8":{"start":{"line":20,"column":55},"end":{"line":25,"column":null}},"9":{"start":{"line":27,"column":47},"end":{"line":27,"column":85}},"10":{"start":{"line":29,"column":8},"end":{"line":35,"column":9}},"11":{"start":{"line":31,"column":16},"end":{"line":31,"column":null}},"12":{"start":{"line":33,"column":16},"end":{"line":33,"column":null}},"13":{"start":{"line":34,"column":21},"end":{"line":34,"column":null}},"14":{"start":{"line":37,"column":8},"end":{"line":37,"column":null}},"15":{"start":{"line":38,"column":8},"end":{"line":38,"column":null}},"16":{"start":{"line":18,"column":13},"end":{"line":18,"column":30}},"17":{"start":{"line":47,"column":38},"end":{"line":53,"column":null}},"18":{"start":{"line":47,"column":49},"end":{"line":53,"column":null}},"19":{"start":{"line":48,"column":4},"end":{"line":52,"column":5}},"20":{"start":{"line":49,"column":8},"end":{"line":49,"column":null}},"21":{"start":{"line":51,"column":8},"end":{"line":51,"column":null}},"22":{"start":{"line":47,"column":13},"end":{"line":47,"column":38}}},"fnMap":{"0":{"name":"(anonymous_7)","decl":{"start":{"line":18,"column":30},"end":{"line":18,"column":37}},"loc":{"start":{"line":18,"column":88},"end":{"line":40,"column":null}}},"1":{"name":"(anonymous_8)","decl":{"start":{"line":18,"column":88},"end":{"line":18,"column":null}},"loc":{"start":{"line":18,"column":88},"end":{"line":40,"column":1}}},"2":{"name":"(anonymous_9)","decl":{"start":{"line":47,"column":38},"end":{"line":47,"column":47}},"loc":{"start":{"line":47,"column":49},"end":{"line":53,"column":null}}},"3":{"name":"(anonymous_10)","decl":{"start":{"line":47,"column":49},"end":{"line":47,"column":null}},"loc":{"start":{"line":47,"column":49},"end":{"line":53,"column":1}}}},"branchMap":{"0":{"loc":{"start":{"line":21,"column":16},"end":{"line":21,"column":51}},"type":"binary-expr","locations":[{"start":{"line":21,"column":16},"end":{"line":21,"column":22}},{"start":{"line":21,"column":26},"end":{"line":21,"column":51}}]},"1":{"loc":{"start":{"line":29,"column":8},"end":{"line":35,"column":9}},"type":"switch","locations":[{"start":{"line":30,"column":12},"end":{"line":31,"column":null}},{"start":{"line":32,"column":12},"end":{"line":33,"column":null}},{"start":{"line":34,"column":12},"end":{"line":34,"column":null}}]}},"s":{"0":7,"1":7,"2":7,"3":7,"4":7,"5":7,"6":8,"7":8,"8":8,"9":8,"10":8,"11":8,"12":0,"13":0,"14":0,"15":0,"16":7,"17":7,"18":0,"19":0,"20":0,"21":0,"22":7},"f":{"0":8,"1":8,"2":0,"3":0},"b":{"0":[8,0],"1":[8,0,0]}}
,"/Users/mar/Desktop/ITIncubator/blog_project/src/Applications/Nodemailer/nodemailer.ts": {"path":"/Users/mar/Desktop/ITIncubator/blog_project/src/Applications/Nodemailer/nodemailer.ts","statementMap":{"0":{"start":{"line":1,"column":0},"end":{"line":1,"column":36}},"1":{"start":{"line":2,"column":0},"end":{"line":2,"column":47}},"2":{"start":{"line":6,"column":20},"end":{"line":12,"column":2}},"3":{"start":{"line":15,"column":13},"end":{"line":24,"column":null}},"4":{"start":{"line":17,"column":8},"end":{"line":22,"column":11}}},"fnMap":{"0":{"name":"(anonymous_1)","decl":{"start":{"line":16,"column":4},"end":{"line":16,"column":13}},"loc":{"start":{"line":16,"column":66},"end":{"line":23,"column":5}}}},"branchMap":{},"s":{"0":10,"1":10,"2":10,"3":10,"4":1},"f":{"0":1},"b":{}}
,"/Users/mar/Desktop/ITIncubator/blog_project/src/Applications/Nodemailer/patterns/patterns.ts": {"path":"/Users/mar/Desktop/ITIncubator/blog_project/src/Applications/Nodemailer/patterns/patterns.ts","statementMap":{"0":{"start":{"line":2,"column":13},"end":{"line":14,"column":null}},"1":{"start":{"line":4,"column":8},"end":{"line":12,"column":null}}},"fnMap":{"0":{"name":"(anonymous_7)","decl":{"start":{"line":3,"column":10},"end":{"line":3,"column":21}},"loc":{"start":{"line":3,"column":35},"end":{"line":13,"column":null}}}},"branchMap":{},"s":{"0":10,"1":10},"f":{"0":10},"b":{}}
,"/Users/mar/Desktop/ITIncubator/blog_project/src/Applications/Types-Models/BasicTypes.ts": {"path":"/Users/mar/Desktop/ITIncubator/blog_project/src/Applications/Types-Models/BasicTypes.ts","statementMap":{"0":{"start":{"line":58,"column":0},"end":{"line":58,"column":null}},"1":{"start":{"line":59,"column":4},"end":{"line":59,"column":null}},"2":{"start":{"line":60,"column":4},"end":{"line":60,"column":null}},"3":{"start":{"line":61,"column":4},"end":{"line":61,"column":null}},"4":{"start":{"line":62,"column":4},"end":{"line":62,"column":null}},"5":{"start":{"line":63,"column":4},"end":{"line":63,"column":null}},"6":{"start":{"line":64,"column":4},"end":{"line":64,"column":null}}},"fnMap":{"0":{"name":"(anonymous_0)","decl":{"start":{"line":58,"column":0},"end":{"line":58,"column":12}},"loc":{"start":{"line":58,"column":34},"end":{"line":65,"column":1}}}},"branchMap":{"0":{"loc":{"start":{"line":58,"column":12},"end":{"line":58,"column":null}},"type":"binary-expr","locations":[{"start":{"line":58,"column":12},"end":{"line":58,"column":34}},{"start":{"line":58,"column":34},"end":{"line":58,"column":null}}]}},"s":{"0":13,"1":13,"2":13,"3":13,"4":13,"5":13,"6":13},"f":{"0":13},"b":{"0":[13,13]}}
,"/Users/mar/Desktop/ITIncubator/blog_project/src/Repositories/AuthRepositories/AuthRepositories.ts": {"path":"/Users/mar/Desktop/ITIncubator/blog_project/src/Repositories/AuthRepositories/AuthRepositories.ts","statementMap":{"0":{"start":{"line":1,"column":0},"end":{"line":1,"column":34}},"1":{"start":{"line":2,"column":0},"end":{"line":2,"column":63}},"2":{"start":{"line":5,"column":0},"end":{"line":5,"column":47}},"3":{"start":{"line":8,"column":13},"end":{"line":169,"column":null}},"4":{"start":{"line":16,"column":8},"end":{"line":20,"column":9}},"5":{"start":{"line":17,"column":12},"end":{"line":17,"column":null}},"6":{"start":{"line":19,"column":12},"end":{"line":19,"column":null}},"7":{"start":{"line":29,"column":8},"end":{"line":33,"column":9}},"8":{"start":{"line":30,"column":12},"end":{"line":30,"column":null}},"9":{"start":{"line":32,"column":12},"end":{"line":32,"column":null}},"10":{"start":{"line":44,"column":8},"end":{"line":48,"column":9}},"11":{"start":{"line":45,"column":12},"end":{"line":45,"column":null}},"12":{"start":{"line":47,"column":12},"end":{"line":47,"column":null}},"13":{"start":{"line":58,"column":8},"end":{"line":64,"column":9}},"14":{"start":{"line":59,"column":12},"end":{"line":61,"column":27}},"15":{"start":{"line":63,"column":12},"end":{"line":63,"column":null}},"16":{"start":{"line":73,"column":8},"end":{"line":77,"column":9}},"17":{"start":{"line":74,"column":12},"end":{"line":74,"column":110}},"18":{"start":{"line":76,"column":12},"end":{"line":76,"column":null}},"19":{"start":{"line":85,"column":8},"end":{"line":89,"column":9}},"20":{"start":{"line":86,"column":12},"end":{"line":86,"column":null}},"21":{"start":{"line":88,"column":12},"end":{"line":88,"column":null}},"22":{"start":{"line":97,"column":8},"end":{"line":101,"column":9}},"23":{"start":{"line":98,"column":12},"end":{"line":98,"column":null}},"24":{"start":{"line":100,"column":12},"end":{"line":100,"column":null}},"25":{"start":{"line":110,"column":8},"end":{"line":114,"column":9}},"26":{"start":{"line":111,"column":12},"end":{"line":111,"column":null}},"27":{"start":{"line":113,"column":12},"end":{"line":113,"column":null}},"28":{"start":{"line":124,"column":8},"end":{"line":128,"column":9}},"29":{"start":{"line":125,"column":12},"end":{"line":125,"column":null}},"30":{"start":{"line":127,"column":12},"end":{"line":127,"column":null}},"31":{"start":{"line":137,"column":8},"end":{"line":141,"column":9}},"32":{"start":{"line":138,"column":12},"end":{"line":138,"column":null}},"33":{"start":{"line":140,"column":12},"end":{"line":140,"column":null}},"34":{"start":{"line":150,"column":8},"end":{"line":154,"column":9}},"35":{"start":{"line":151,"column":12},"end":{"line":151,"column":null}},"36":{"start":{"line":153,"column":12},"end":{"line":153,"column":null}},"37":{"start":{"line":163,"column":8},"end":{"line":167,"column":9}},"38":{"start":{"line":164,"column":12},"end":{"line":164,"column":null}},"39":{"start":{"line":166,"column":12},"end":{"line":166,"column":null}}},"fnMap":{"0":{"name":"(anonymous_7)","decl":{"start":{"line":15,"column":10},"end":{"line":15,"column":35}},"loc":{"start":{"line":15,"column":60},"end":{"line":21,"column":null}}},"1":{"name":"(anonymous_9)","decl":{"start":{"line":28,"column":10},"end":{"line":28,"column":20}},"loc":{"start":{"line":28,"column":60},"end":{"line":34,"column":null}}},"2":{"name":"(anonymous_11)","decl":{"start":{"line":43,"column":10},"end":{"line":43,"column":27}},"loc":{"start":{"line":43,"column":69},"end":{"line":49,"column":null}}},"3":{"name":"(anonymous_13)","decl":{"start":{"line":57,"column":10},"end":{"line":57,"column":26}},"loc":{"start":{"line":57,"column":43},"end":{"line":65,"column":null}}},"4":{"name":"(anonymous_15)","decl":{"start":{"line":72,"column":10},"end":{"line":72,"column":25}},"loc":{"start":{"line":72,"column":41},"end":{"line":78,"column":null}}},"5":{"name":"(anonymous_17)","decl":{"start":{"line":84,"column":10},"end":{"line":84,"column":23}},"loc":{"start":{"line":84,"column":57},"end":{"line":90,"column":null}}},"6":{"name":"(anonymous_19)","decl":{"start":{"line":96,"column":10},"end":{"line":96,"column":30}},"loc":{"start":{"line":96,"column":43},"end":{"line":102,"column":null}}},"7":{"name":"(anonymous_21)","decl":{"start":{"line":109,"column":10},"end":{"line":109,"column":39}},"loc":{"start":{"line":109,"column":68},"end":{"line":115,"column":null}}},"8":{"name":"(anonymous_23)","decl":{"start":{"line":123,"column":10},"end":{"line":123,"column":32}},"loc":{"start":{"line":123,"column":44},"end":{"line":129,"column":null}}},"9":{"name":"(anonymous_25)","decl":{"start":{"line":136,"column":10},"end":{"line":136,"column":27}},"loc":{"start":{"line":136,"column":56},"end":{"line":142,"column":null}}},"10":{"name":"(anonymous_27)","decl":{"start":{"line":149,"column":10},"end":{"line":149,"column":27}},"loc":{"start":{"line":149,"column":39},"end":{"line":155,"column":null}}},"11":{"name":"(anonymous_29)","decl":{"start":{"line":162,"column":10},"end":{"line":162,"column":28}},"loc":{"start":{"line":162,"column":44},"end":{"line":168,"column":null}}}},"branchMap":{},"s":{"0":10,"1":10,"2":10,"3":10,"4":8,"5":8,"6":0,"7":0,"8":0,"9":0,"10":8,"11":8,"12":0,"13":0,"14":0,"15":0,"16":0,"17":0,"18":0,"19":49,"20":49,"21":0,"22":1,"23":1,"24":0,"25":29,"26":29,"27":0,"28":5,"29":5,"30":0,"31":6,"32":6,"33":0,"34":5,"35":5,"36":0,"37":1,"38":1,"39":0},"f":{"0":8,"1":0,"2":8,"3":0,"4":0,"5":49,"6":1,"7":29,"8":5,"9":6,"10":5,"11":1},"b":{}}
,"/Users/mar/Desktop/ITIncubator/blog_project/src/Repositories/BlogRepositories/BlogQueryRepositories.ts": {"path":"/Users/mar/Desktop/ITIncubator/blog_project/src/Repositories/BlogRepositories/BlogQueryRepositories.ts","statementMap":{"0":{"start":{"line":1,"column":0},"end":{"line":1,"column":34}},"1":{"start":{"line":2,"column":0},"end":{"line":2,"column":63}},"2":{"start":{"line":5,"column":0},"end":{"line":5,"column":47}},"3":{"start":{"line":6,"column":0},"end":{"line":6,"column":77}},"4":{"start":{"line":7,"column":0},"end":{"line":7,"column":57}},"5":{"start":{"line":12,"column":13},"end":{"line":76,"column":null}},"6":{"start":{"line":26,"column":8},"end":{"line":46,"column":9}},"7":{"start":{"line":27,"column":25},"end":{"line":29,"column":null}},"8":{"start":{"line":30,"column":27},"end":{"line":32,"column":null}},"9":{"start":{"line":34,"column":53},"end":{"line":34,"column":124}},"10":{"start":{"line":36,"column":27},"end":{"line":41,"column":26}},"11":{"start":{"line":43,"column":12},"end":{"line":43,"column":null}},"12":{"start":{"line":45,"column":12},"end":{"line":45,"column":null}},"13":{"start":{"line":56,"column":8},"end":{"line":61,"column":9}},"14":{"start":{"line":57,"column":27},"end":{"line":57,"column":137}},"15":{"start":{"line":58,"column":12},"end":{"line":58,"column":null}},"16":{"start":{"line":60,"column":12},"end":{"line":60,"column":null}},"17":{"start":{"line":70,"column":8},"end":{"line":74,"column":9}},"18":{"start":{"line":71,"column":12},"end":{"line":71,"column":null}},"19":{"start":{"line":73,"column":12},"end":{"line":73,"column":null}}},"fnMap":{"0":{"name":"(anonymous_7)","decl":{"start":{"line":25,"column":10},"end":{"line":25,"column":21}},"loc":{"start":{"line":25,"column":49},"end":{"line":47,"column":null}}},"1":{"name":"(anonymous_9)","decl":{"start":{"line":55,"column":10},"end":{"line":55,"column":21}},"loc":{"start":{"line":55,"column":33},"end":{"line":62,"column":null}}},"2":{"name":"(anonymous_11)","decl":{"start":{"line":69,"column":10},"end":{"line":69,"column":26}},"loc":{"start":{"line":69,"column":42},"end":{"line":75,"column":null}}}},"branchMap":{"0":{"loc":{"start":{"line":58,"column":19},"end":{"line":58,"column":67}},"type":"cond-expr","locations":[{"start":{"line":58,"column":28},"end":{"line":58,"column":60}},{"start":{"line":58,"column":63},"end":{"line":58,"column":67}}]}},"s":{"0":7,"1":7,"2":7,"3":7,"4":7,"5":7,"6":4,"7":4,"8":4,"9":4,"10":4,"11":4,"12":0,"13":24,"14":24,"15":23,"16":1,"17":4,"18":4,"19":0},"f":{"0":4,"1":24,"2":4},"b":{"0":[20,3]}}
,"/Users/mar/Desktop/ITIncubator/blog_project/src/Repositories/BlogRepositories/BlogRepositories.ts": {"path":"/Users/mar/Desktop/ITIncubator/blog_project/src/Repositories/BlogRepositories/BlogRepositories.ts","statementMap":{"0":{"start":{"line":1,"column":0},"end":{"line":1,"column":34}},"1":{"start":{"line":2,"column":0},"end":{"line":2,"column":63}},"2":{"start":{"line":5,"column":0},"end":{"line":5,"column":47}},"3":{"start":{"line":11,"column":13},"end":{"line":65,"column":null}},"4":{"start":{"line":19,"column":8},"end":{"line":23,"column":9}},"5":{"start":{"line":20,"column":12},"end":{"line":20,"column":null}},"6":{"start":{"line":22,"column":12},"end":{"line":22,"column":null}},"7":{"start":{"line":33,"column":8},"end":{"line":37,"column":9}},"8":{"start":{"line":34,"column":12},"end":{"line":34,"column":null}},"9":{"start":{"line":36,"column":12},"end":{"line":36,"column":null}},"10":{"start":{"line":46,"column":8},"end":{"line":50,"column":9}},"11":{"start":{"line":47,"column":12},"end":{"line":47,"column":null}},"12":{"start":{"line":49,"column":12},"end":{"line":49,"column":null}},"13":{"start":{"line":59,"column":8},"end":{"line":63,"column":9}},"14":{"start":{"line":60,"column":12},"end":{"line":60,"column":null}},"15":{"start":{"line":62,"column":12},"end":{"line":62,"column":null}}},"fnMap":{"0":{"name":"(anonymous_7)","decl":{"start":{"line":18,"column":10},"end":{"line":18,"column":20}},"loc":{"start":{"line":18,"column":52},"end":{"line":24,"column":null}}},"1":{"name":"(anonymous_9)","decl":{"start":{"line":32,"column":10},"end":{"line":32,"column":24}},"loc":{"start":{"line":32,"column":62},"end":{"line":38,"column":null}}},"2":{"name":"(anonymous_11)","decl":{"start":{"line":45,"column":10},"end":{"line":45,"column":24}},"loc":{"start":{"line":45,"column":36},"end":{"line":51,"column":null}}},"3":{"name":"(anonymous_13)","decl":{"start":{"line":58,"column":10},"end":{"line":58,"column":31}},"loc":{"start":{"line":58,"column":43},"end":{"line":64,"column":null}}}},"branchMap":{},"s":{"0":9,"1":9,"2":9,"3":9,"4":21,"5":21,"6":0,"7":5,"8":5,"9":1,"10":5,"11":5,"12":1,"13":33,"14":33,"15":0},"f":{"0":21,"1":5,"2":5,"3":33},"b":{}}
,"/Users/mar/Desktop/ITIncubator/blog_project/src/Repositories/CommentRepositories/CommentQueryRepositories.ts": {"path":"/Users/mar/Desktop/ITIncubator/blog_project/src/Repositories/CommentRepositories/CommentQueryRepositories.ts","statementMap":{"0":{"start":{"line":1,"column":0},"end":{"line":1,"column":34}},"1":{"start":{"line":2,"column":0},"end":{"line":2,"column":63}},"2":{"start":{"line":5,"column":0},"end":{"line":5,"column":66}},"3":{"start":{"line":6,"column":0},"end":{"line":6,"column":82}},"4":{"start":{"line":7,"column":0},"end":{"line":7,"column":47}},"5":{"start":{"line":10,"column":13},"end":{"line":74,"column":null}},"6":{"start":{"line":24,"column":8},"end":{"line":44,"column":9}},"7":{"start":{"line":25,"column":25},"end":{"line":27,"column":null}},"8":{"start":{"line":28,"column":27},"end":{"line":30,"column":null}},"9":{"start":{"line":32,"column":53},"end":{"line":32,"column":126}},"10":{"start":{"line":34,"column":27},"end":{"line":39,"column":26}},"11":{"start":{"line":41,"column":12},"end":{"line":41,"column":null}},"12":{"start":{"line":43,"column":12},"end":{"line":43,"column":null}},"13":{"start":{"line":54,"column":8},"end":{"line":59,"column":9}},"14":{"start":{"line":55,"column":27},"end":{"line":55,"column":138}},"15":{"start":{"line":56,"column":12},"end":{"line":56,"column":null}},"16":{"start":{"line":58,"column":12},"end":{"line":58,"column":null}},"17":{"start":{"line":68,"column":8},"end":{"line":72,"column":9}},"18":{"start":{"line":69,"column":12},"end":{"line":69,"column":null}},"19":{"start":{"line":71,"column":12},"end":{"line":71,"column":null}}},"fnMap":{"0":{"name":"(anonymous_7)","decl":{"start":{"line":23,"column":10},"end":{"line":23,"column":24}},"loc":{"start":{"line":23,"column":65},"end":{"line":45,"column":null}}},"1":{"name":"(anonymous_9)","decl":{"start":{"line":53,"column":10},"end":{"line":53,"column":24}},"loc":{"start":{"line":53,"column":36},"end":{"line":60,"column":null}}},"2":{"name":"(anonymous_11)","decl":{"start":{"line":67,"column":10},"end":{"line":67,"column":26}},"loc":{"start":{"line":67,"column":42},"end":{"line":73,"column":null}}}},"branchMap":{"0":{"loc":{"start":{"line":29,"column":35},"end":{"line":29,"column":62}},"type":"cond-expr","locations":[{"start":{"line":29,"column":44},"end":{"line":29,"column":50}},{"start":{"line":29,"column":53},"end":{"line":29,"column":62}}]},"1":{"loc":{"start":{"line":56,"column":19},"end":{"line":56,"column":71}},"type":"cond-expr","locations":[{"start":{"line":56,"column":28},"end":{"line":56,"column":64}},{"start":{"line":56,"column":67},"end":{"line":56,"column":71}}]}},"s":{"0":7,"1":7,"2":7,"3":7,"4":7,"5":7,"6":5,"7":5,"8":5,"9":5,"10":5,"11":5,"12":0,"13":0,"14":0,"15":0,"16":0,"17":5,"18":5,"19":0},"f":{"0":5,"1":0,"2":5},"b":{"0":[5,0],"1":[0,0]}}
,"/Users/mar/Desktop/ITIncubator/blog_project/src/Repositories/CommentRepositories/CommentRepositories.ts": {"path":"/Users/mar/Desktop/ITIncubator/blog_project/src/Repositories/CommentRepositories/CommentRepositories.ts","statementMap":{"0":{"start":{"line":1,"column":0},"end":{"line":1,"column":34}},"1":{"start":{"line":2,"column":0},"end":{"line":2,"column":63}},"2":{"start":{"line":5,"column":0},"end":{"line":5,"column":47}},"3":{"start":{"line":11,"column":13},"end":{"line":62,"column":null}},"4":{"start":{"line":18,"column":8},"end":{"line":22,"column":9}},"5":{"start":{"line":19,"column":12},"end":{"line":19,"column":null}},"6":{"start":{"line":21,"column":12},"end":{"line":21,"column":null}},"7":{"start":{"line":32,"column":8},"end":{"line":36,"column":9}},"8":{"start":{"line":33,"column":12},"end":{"line":33,"column":null}},"9":{"start":{"line":35,"column":12},"end":{"line":35,"column":null}},"10":{"start":{"line":44,"column":8},"end":{"line":48,"column":9}},"11":{"start":{"line":45,"column":12},"end":{"line":45,"column":null}},"12":{"start":{"line":47,"column":12},"end":{"line":47,"column":null}},"13":{"start":{"line":56,"column":8},"end":{"line":60,"column":9}},"14":{"start":{"line":57,"column":12},"end":{"line":57,"column":null}},"15":{"start":{"line":59,"column":12},"end":{"line":59,"column":null}}},"fnMap":{"0":{"name":"(anonymous_7)","decl":{"start":{"line":17,"column":10},"end":{"line":17,"column":23}},"loc":{"start":{"line":17,"column":48},"end":{"line":23,"column":null}}},"1":{"name":"(anonymous_9)","decl":{"start":{"line":31,"column":10},"end":{"line":31,"column":34}},"loc":{"start":{"line":31,"column":46},"end":{"line":37,"column":null}}},"2":{"name":"(anonymous_11)","decl":{"start":{"line":43,"column":10},"end":{"line":43,"column":27}},"loc":{"start":{"line":43,"column":39},"end":{"line":49,"column":null}}},"3":{"name":"(anonymous_13)","decl":{"start":{"line":55,"column":10},"end":{"line":55,"column":27}},"loc":{"start":{"line":55,"column":68},"end":{"line":61,"column":null}}}},"branchMap":{},"s":{"0":9,"1":9,"2":9,"3":9,"4":2,"5":2,"6":0,"7":8,"8":8,"9":0,"10":1,"11":1,"12":0,"13":1,"14":1,"15":0},"f":{"0":2,"1":8,"2":1,"3":1},"b":{}}
,"/Users/mar/Desktop/ITIncubator/blog_project/src/Repositories/PostRepositories/PostQueryRepositories.ts": {"path":"/Users/mar/Desktop/ITIncubator/blog_project/src/Repositories/PostRepositories/PostQueryRepositories.ts","statementMap":{"0":{"start":{"line":1,"column":0},"end":{"line":1,"column":34}},"1":{"start":{"line":2,"column":0},"end":{"line":2,"column":63}},"2":{"start":{"line":5,"column":0},"end":{"line":5,"column":47}},"3":{"start":{"line":6,"column":0},"end":{"line":6,"column":76}},"4":{"start":{"line":7,"column":0},"end":{"line":7,"column":57}},"5":{"start":{"line":13,"column":13},"end":{"line":77,"column":null}},"6":{"start":{"line":27,"column":8},"end":{"line":47,"column":9}},"7":{"start":{"line":28,"column":25},"end":{"line":30,"column":null}},"8":{"start":{"line":31,"column":27},"end":{"line":33,"column":null}},"9":{"start":{"line":35,"column":53},"end":{"line":35,"column":123}},"10":{"start":{"line":37,"column":27},"end":{"line":42,"column":26}},"11":{"start":{"line":44,"column":12},"end":{"line":44,"column":null}},"12":{"start":{"line":46,"column":12},"end":{"line":46,"column":null}},"13":{"start":{"line":57,"column":8},"end":{"line":62,"column":9}},"14":{"start":{"line":58,"column":27},"end":{"line":58,"column":137}},"15":{"start":{"line":59,"column":12},"end":{"line":59,"column":null}},"16":{"start":{"line":61,"column":12},"end":{"line":61,"column":null}},"17":{"start":{"line":71,"column":8},"end":{"line":75,"column":9}},"18":{"start":{"line":72,"column":12},"end":{"line":72,"column":null}},"19":{"start":{"line":74,"column":12},"end":{"line":74,"column":null}}},"fnMap":{"0":{"name":"(anonymous_7)","decl":{"start":{"line":26,"column":10},"end":{"line":26,"column":20}},"loc":{"start":{"line":26,"column":61},"end":{"line":48,"column":null}}},"1":{"name":"(anonymous_9)","decl":{"start":{"line":56,"column":10},"end":{"line":56,"column":21}},"loc":{"start":{"line":56,"column":33},"end":{"line":63,"column":null}}},"2":{"name":"(anonymous_11)","decl":{"start":{"line":70,"column":10},"end":{"line":70,"column":26}},"loc":{"start":{"line":70,"column":42},"end":{"line":76,"column":null}}}},"branchMap":{"0":{"loc":{"start":{"line":32,"column":24},"end":{"line":32,"column":51}},"type":"cond-expr","locations":[{"start":{"line":32,"column":33},"end":{"line":32,"column":39}},{"start":{"line":32,"column":42},"end":{"line":32,"column":51}}]},"1":{"loc":{"start":{"line":59,"column":19},"end":{"line":59,"column":67}},"type":"cond-expr","locations":[{"start":{"line":59,"column":28},"end":{"line":59,"column":60}},{"start":{"line":59,"column":63},"end":{"line":59,"column":67}}]}},"s":{"0":7,"1":7,"2":7,"3":7,"4":7,"5":7,"6":8,"7":8,"8":8,"9":8,"10":8,"11":8,"12":0,"13":5,"14":5,"15":4,"16":1,"17":8,"18":8,"19":0},"f":{"0":8,"1":5,"2":8},"b":{"0":[5,3],"1":[2,2]}}
,"/Users/mar/Desktop/ITIncubator/blog_project/src/Repositories/PostRepositories/PostRepositories.ts": {"path":"/Users/mar/Desktop/ITIncubator/blog_project/src/Repositories/PostRepositories/PostRepositories.ts","statementMap":{"0":{"start":{"line":1,"column":0},"end":{"line":1,"column":34}},"1":{"start":{"line":2,"column":0},"end":{"line":2,"column":63}},"2":{"start":{"line":5,"column":0},"end":{"line":5,"column":47}},"3":{"start":{"line":9,"column":13},"end":{"line":62,"column":null}},"4":{"start":{"line":16,"column":8},"end":{"line":20,"column":9}},"5":{"start":{"line":17,"column":12},"end":{"line":17,"column":null}},"6":{"start":{"line":19,"column":12},"end":{"line":19,"column":null}},"7":{"start":{"line":29,"column":8},"end":{"line":33,"column":9}},"8":{"start":{"line":30,"column":12},"end":{"line":30,"column":null}},"9":{"start":{"line":32,"column":12},"end":{"line":32,"column":null}},"10":{"start":{"line":42,"column":8},"end":{"line":46,"column":9}},"11":{"start":{"line":43,"column":12},"end":{"line":43,"column":null}},"12":{"start":{"line":45,"column":12},"end":{"line":45,"column":null}},"13":{"start":{"line":56,"column":8},"end":{"line":60,"column":9}},"14":{"start":{"line":57,"column":12},"end":{"line":57,"column":null}},"15":{"start":{"line":59,"column":12},"end":{"line":59,"column":null}}},"fnMap":{"0":{"name":"(anonymous_7)","decl":{"start":{"line":15,"column":10},"end":{"line":15,"column":20}},"loc":{"start":{"line":15,"column":52},"end":{"line":21,"column":null}}},"1":{"name":"(anonymous_9)","decl":{"start":{"line":28,"column":10},"end":{"line":28,"column":24}},"loc":{"start":{"line":28,"column":62},"end":{"line":34,"column":null}}},"2":{"name":"(anonymous_11)","decl":{"start":{"line":41,"column":10},"end":{"line":41,"column":24}},"loc":{"start":{"line":41,"column":36},"end":{"line":47,"column":null}}},"3":{"name":"(anonymous_13)","decl":{"start":{"line":55,"column":10},"end":{"line":55,"column":31}},"loc":{"start":{"line":55,"column":43},"end":{"line":61,"column":null}}}},"branchMap":{},"s":{"0":8,"1":8,"2":8,"3":8,"4":11,"5":11,"6":0,"7":5,"8":5,"9":1,"10":5,"11":5,"12":1,"13":14,"14":14,"15":0},"f":{"0":11,"1":5,"2":5,"3":14},"b":{}}
,"/Users/mar/Desktop/ITIncubator/blog_project/src/Repositories/UserRepostitories/UserQueryRepositories.ts": {"path":"/Users/mar/Desktop/ITIncubator/blog_project/src/Repositories/UserRepostitories/UserQueryRepositories.ts","statementMap":{"0":{"start":{"line":1,"column":0},"end":{"line":1,"column":34}},"1":{"start":{"line":2,"column":0},"end":{"line":2,"column":63}},"2":{"start":{"line":5,"column":0},"end":{"line":5,"column":76}},"3":{"start":{"line":6,"column":0},"end":{"line":6,"column":47}},"4":{"start":{"line":7,"column":0},"end":{"line":7,"column":54}},"5":{"start":{"line":10,"column":13},"end":{"line":78,"column":null}},"6":{"start":{"line":26,"column":8},"end":{"line":49,"column":9}},"7":{"start":{"line":27,"column":25},"end":{"line":29,"column":null}},"8":{"start":{"line":30,"column":27},"end":{"line":35,"column":null}},"9":{"start":{"line":37,"column":53},"end":{"line":37,"column":123}},"10":{"start":{"line":39,"column":27},"end":{"line":44,"column":26}},"11":{"start":{"line":46,"column":12},"end":{"line":46,"column":null}},"12":{"start":{"line":48,"column":12},"end":{"line":48,"column":null}},"13":{"start":{"line":58,"column":8},"end":{"line":63,"column":9}},"14":{"start":{"line":59,"column":27},"end":{"line":59,"column":137}},"15":{"start":{"line":60,"column":12},"end":{"line":60,"column":null}},"16":{"start":{"line":62,"column":12},"end":{"line":62,"column":null}},"17":{"start":{"line":72,"column":8},"end":{"line":76,"column":9}},"18":{"start":{"line":73,"column":12},"end":{"line":73,"column":null}},"19":{"start":{"line":75,"column":12},"end":{"line":75,"column":null}}},"fnMap":{"0":{"name":"(anonymous_7)","decl":{"start":{"line":25,"column":10},"end":{"line":25,"column":21}},"loc":{"start":{"line":25,"column":49},"end":{"line":50,"column":null}}},"1":{"name":"(anonymous_9)","decl":{"start":{"line":57,"column":10},"end":{"line":57,"column":27}},"loc":{"start":{"line":57,"column":39},"end":{"line":64,"column":null}}},"2":{"name":"(anonymous_11)","decl":{"start":{"line":71,"column":10},"end":{"line":71,"column":26}},"loc":{"start":{"line":71,"column":42},"end":{"line":77,"column":null}}}},"branchMap":{"0":{"loc":{"start":{"line":60,"column":19},"end":{"line":60,"column":77}},"type":"cond-expr","locations":[{"start":{"line":60,"column":28},"end":{"line":60,"column":70}},{"start":{"line":60,"column":73},"end":{"line":60,"column":77}}]}},"s":{"0":7,"1":7,"2":7,"3":7,"4":7,"5":7,"6":6,"7":6,"8":6,"9":6,"10":6,"11":6,"12":0,"13":1,"14":1,"15":1,"16":0,"17":6,"18":6,"19":0},"f":{"0":6,"1":1,"2":6},"b":{"0":[1,0]}}
,"/Users/mar/Desktop/ITIncubator/blog_project/src/Repositories/UserRepostitories/UserRepositories.ts": {"path":"/Users/mar/Desktop/ITIncubator/blog_project/src/Repositories/UserRepostitories/UserRepositories.ts","statementMap":{"0":{"start":{"line":1,"column":0},"end":{"line":1,"column":34}},"1":{"start":{"line":2,"column":0},"end":{"line":2,"column":63}},"2":{"start":{"line":5,"column":0},"end":{"line":5,"column":47}},"3":{"start":{"line":14,"column":13},"end":{"line":101,"column":null}},"4":{"start":{"line":22,"column":8},"end":{"line":26,"column":9}},"5":{"start":{"line":23,"column":12},"end":{"line":23,"column":null}},"6":{"start":{"line":25,"column":12},"end":{"line":25,"column":null}},"7":{"start":{"line":36,"column":8},"end":{"line":40,"column":9}},"8":{"start":{"line":37,"column":12},"end":{"line":37,"column":null}},"9":{"start":{"line":39,"column":12},"end":{"line":39,"column":null}},"10":{"start":{"line":51,"column":8},"end":{"line":55,"column":9}},"11":{"start":{"line":52,"column":12},"end":{"line":52,"column":null}},"12":{"start":{"line":54,"column":12},"end":{"line":54,"column":null}},"13":{"start":{"line":65,"column":8},"end":{"line":70,"column":9}},"14":{"start":{"line":66,"column":27},"end":{"line":66,"column":120}},"15":{"start":{"line":67,"column":12},"end":{"line":67,"column":null}},"16":{"start":{"line":69,"column":12},"end":{"line":69,"column":null}},"17":{"start":{"line":80,"column":8},"end":{"line":85,"column":9}},"18":{"start":{"line":81,"column":27},"end":{"line":81,"column":152}},"19":{"start":{"line":82,"column":12},"end":{"line":82,"column":null}},"20":{"start":{"line":84,"column":12},"end":{"line":84,"column":null}},"21":{"start":{"line":94,"column":8},"end":{"line":99,"column":9}},"22":{"start":{"line":95,"column":27},"end":{"line":95,"column":145}},"23":{"start":{"line":96,"column":12},"end":{"line":96,"column":null}},"24":{"start":{"line":98,"column":12},"end":{"line":98,"column":null}}},"fnMap":{"0":{"name":"(anonymous_7)","decl":{"start":{"line":21,"column":10},"end":{"line":21,"column":20}},"loc":{"start":{"line":21,"column":77},"end":{"line":27,"column":null}}},"1":{"name":"(anonymous_9)","decl":{"start":{"line":35,"column":10},"end":{"line":35,"column":24}},"loc":{"start":{"line":35,"column":36},"end":{"line":41,"column":null}}},"2":{"name":"(anonymous_11)","decl":{"start":{"line":50,"column":10},"end":{"line":50,"column":31}},"loc":{"start":{"line":50,"column":43},"end":{"line":56,"column":null}}},"3":{"name":"(anonymous_13)","decl":{"start":{"line":64,"column":10},"end":{"line":64,"column":41}},"loc":{"start":{"line":64,"column":57},"end":{"line":71,"column":null}}},"4":{"name":"(anonymous_15)","decl":{"start":{"line":79,"column":10},"end":{"line":79,"column":35}},"loc":{"start":{"line":79,"column":49},"end":{"line":86,"column":null}}},"5":{"name":"(anonymous_17)","decl":{"start":{"line":93,"column":10},"end":{"line":93,"column":24}},"loc":{"start":{"line":93,"column":49},"end":{"line":100,"column":null}}}},"branchMap":{"0":{"loc":{"start":{"line":67,"column":19},"end":{"line":67,"column":41}},"type":"cond-expr","locations":[{"start":{"line":67,"column":28},"end":{"line":67,"column":34}},{"start":{"line":67,"column":37},"end":{"line":67,"column":41}}]},"1":{"loc":{"start":{"line":82,"column":19},"end":{"line":82,"column":41}},"type":"cond-expr","locations":[{"start":{"line":82,"column":28},"end":{"line":82,"column":34}},{"start":{"line":82,"column":37},"end":{"line":82,"column":41}}]}},"s":{"0":11,"1":11,"2":11,"3":11,"4":19,"5":19,"6":0,"7":2,"8":2,"9":0,"10":17,"11":17,"12":0,"13":77,"14":77,"15":77,"16":0,"17":4,"18":4,"19":4,"20":0,"21":2,"22":2,"23":2,"24":0},"f":{"0":19,"1":2,"2":17,"3":77,"4":4,"5":2},"b":{"0":[56,21],"1":[2,2]}}
,"/Users/mar/Desktop/ITIncubator/blog_project/src/Repositories/test-repositories/test-repositories.ts": {"path":"/Users/mar/Desktop/ITIncubator/blog_project/src/Repositories/test-repositories/test-repositories.ts","statementMap":{"0":{"start":{"line":1,"column":0},"end":{"line":1,"column":63}},"1":{"start":{"line":2,"column":0},"end":{"line":2,"column":47}},"2":{"start":{"line":5,"column":13},"end":{"line":17,"column":null}},"3":{"start":{"line":7,"column":8},"end":{"line":15,"column":9}},"4":{"start":{"line":8,"column":12},"end":{"line":8,"column":null}},"5":{"start":{"line":9,"column":12},"end":{"line":9,"column":null}},"6":{"start":{"line":10,"column":12},"end":{"line":10,"column":null}},"7":{"start":{"line":11,"column":12},"end":{"line":11,"column":null}},"8":{"start":{"line":12,"column":12},"end":{"line":12,"column":18}},"9":{"start":{"line":14,"column":12},"end":{"line":14,"column":null}}},"fnMap":{"0":{"name":"(anonymous_7)","decl":{"start":{"line":6,"column":10},"end":{"line":6,"column":27}},"loc":{"start":{"line":6,"column":27},"end":{"line":16,"column":null}}}},"branchMap":{},"s":{"0":7,"1":7,"2":7,"3":36,"4":36,"5":36,"6":36,"7":36,"8":36,"9":0},"f":{"0":36},"b":{}}
,"/Users/mar/Desktop/ITIncubator/blog_project/src/Routers/AuthRouter/AuthRouter.ts": {"path":"/Users/mar/Desktop/ITIncubator/blog_project/src/Routers/AuthRouter/AuthRouter.ts","statementMap":{"0":{"start":{"line":1,"column":0},"end":{"line":1,"column":52}},"1":{"start":{"line":2,"column":0},"end":{"line":2,"column":50}},"2":{"start":{"line":3,"column":0},"end":{"line":3,"column":68}},"3":{"start":{"line":4,"column":0},"end":{"line":4,"column":115}},"4":{"start":{"line":6,"column":0},"end":{"line":6,"column":63}},"5":{"start":{"line":7,"column":0},"end":{"line":7,"column":130}},"6":{"start":{"line":8,"column":0},"end":{"line":8,"column":99}},"7":{"start":{"line":10,"column":0},"end":{"line":10,"column":80}},"8":{"start":{"line":12,"column":0},"end":{"line":12,"column":91}},"9":{"start":{"line":14,"column":13},"end":{"line":14,"column":null}},"10":{"start":{"line":28,"column":0},"end":{"line":54,"column":null}},"11":{"start":{"line":33,"column":111},"end":{"line":54,"column":2}},"12":{"start":{"line":34,"column":4},"end":{"line":53,"column":5}},"13":{"start":{"line":35,"column":69},"end":{"line":35,"column":174}},"14":{"start":{"line":36,"column":8},"end":{"line":49,"column":9}},"15":{"start":{"line":38,"column":48},"end":{"line":38,"column":60}},"16":{"start":{"line":38,"column":35},"end":{"line":38,"column":40}},"17":{"start":{"line":38,"column":44},"end":{"line":38,"column":48}},"18":{"start":{"line":39,"column":16},"end":{"line":42,"column":19}},"19":{"start":{"line":43,"column":16},"end":{"line":43,"column":null}},"20":{"start":{"line":45,"column":16},"end":{"line":45,"column":43}},"21":{"start":{"line":47,"column":16},"end":{"line":47,"column":null}},"22":{"start":{"line":48,"column":21},"end":{"line":48,"column":null}},"23":{"start":{"line":51,"column":8},"end":{"line":51,"column":null}},"24":{"start":{"line":52,"column":8},"end":{"line":52,"column":null}},"25":{"start":{"line":65,"column":0},"end":{"line":75,"column":null}},"26":{"start":{"line":67,"column":59},"end":{"line":75,"column":2}},"27":{"start":{"line":68,"column":4},"end":{"line":74,"column":5}},"28":{"start":{"line":69,"column":51},"end":{"line":69,"column":113}},"29":{"start":{"line":70,"column":8},"end":{"line":70,"column":null}},"30":{"start":{"line":72,"column":8},"end":{"line":72,"column":null}},"31":{"start":{"line":73,"column":8},"end":{"line":73,"column":null}},"32":{"start":{"line":85,"column":0},"end":{"line":105,"column":null}},"33":{"start":{"line":91,"column":66},"end":{"line":105,"column":2}},"34":{"start":{"line":92,"column":4},"end":{"line":104,"column":5}},"35":{"start":{"line":93,"column":47},"end":{"line":93,"column":91}},"36":{"start":{"line":94,"column":8},"end":{"line":100,"column":9}},"37":{"start":{"line":96,"column":16},"end":{"line":96,"column":43}},"38":{"start":{"line":98,"column":16},"end":{"line":98,"column":63}},"39":{"start":{"line":99,"column":21},"end":{"line":99,"column":null}},"40":{"start":{"line":102,"column":8},"end":{"line":102,"column":null}},"41":{"start":{"line":103,"column":8},"end":{"line":103,"column":null}},"42":{"start":{"line":115,"column":0},"end":{"line":133,"column":null}},"43":{"start":{"line":119,"column":73},"end":{"line":133,"column":2}},"44":{"start":{"line":120,"column":4},"end":{"line":132,"column":5}},"45":{"start":{"line":121,"column":47},"end":{"line":121,"column":109}},"46":{"start":{"line":122,"column":8},"end":{"line":128,"column":9}},"47":{"start":{"line":124,"column":16},"end":{"line":124,"column":43}},"48":{"start":{"line":126,"column":16},"end":{"line":126,"column":63}},"49":{"start":{"line":127,"column":21},"end":{"line":127,"column":null}},"50":{"start":{"line":130,"column":8},"end":{"line":130,"column":null}},"51":{"start":{"line":131,"column":8},"end":{"line":131,"column":null}},"52":{"start":{"line":143,"column":0},"end":{"line":161,"column":null}},"53":{"start":{"line":147,"column":74},"end":{"line":161,"column":2}},"54":{"start":{"line":148,"column":4},"end":{"line":160,"column":5}},"55":{"start":{"line":149,"column":47},"end":{"line":149,"column":111}},"56":{"start":{"line":150,"column":8},"end":{"line":156,"column":9}},"57":{"start":{"line":152,"column":16},"end":{"line":152,"column":43}},"58":{"start":{"line":154,"column":16},"end":{"line":154,"column":63}},"59":{"start":{"line":155,"column":21},"end":{"line":155,"column":null}},"60":{"start":{"line":158,"column":8},"end":{"line":158,"column":null}},"61":{"start":{"line":159,"column":8},"end":{"line":159,"column":null}},"62":{"start":{"line":174,"column":0},"end":{"line":194,"column":null}},"63":{"start":{"line":175,"column":59},"end":{"line":194,"column":2}},"64":{"start":{"line":176,"column":4},"end":{"line":193,"column":5}},"65":{"start":{"line":177,"column":69},"end":{"line":177,"column":125}},"66":{"start":{"line":178,"column":8},"end":{"line":189,"column":9}},"67":{"start":{"line":180,"column":48},"end":{"line":180,"column":60}},"68":{"start":{"line":180,"column":35},"end":{"line":180,"column":40}},"69":{"start":{"line":180,"column":44},"end":{"line":180,"column":48}},"70":{"start":{"line":181,"column":16},"end":{"line":184,"column":19}},"71":{"start":{"line":185,"column":16},"end":{"line":185,"column":null}},"72":{"start":{"line":187,"column":16},"end":{"line":187,"column":43}},"73":{"start":{"line":188,"column":21},"end":{"line":188,"column":null}},"74":{"start":{"line":191,"column":8},"end":{"line":191,"column":null}},"75":{"start":{"line":192,"column":8},"end":{"line":192,"column":null}},"76":{"start":{"line":204,"column":0},"end":{"line":220,"column":null}},"77":{"start":{"line":205,"column":38},"end":{"line":220,"column":2}},"78":{"start":{"line":206,"column":4},"end":{"line":219,"column":5}},"79":{"start":{"line":207,"column":47},"end":{"line":207,"column":97}},"80":{"start":{"line":208,"column":8},"end":{"line":215,"column":9}},"81":{"start":{"line":210,"column":16},"end":{"line":210,"column":null}},"82":{"start":{"line":211,"column":16},"end":{"line":211,"column":null}},"83":{"start":{"line":213,"column":16},"end":{"line":213,"column":43}},"84":{"start":{"line":214,"column":21},"end":{"line":214,"column":null}},"85":{"start":{"line":217,"column":8},"end":{"line":217,"column":null}},"86":{"start":{"line":218,"column":8},"end":{"line":218,"column":null}}},"fnMap":{"0":{"name":"(anonymous_8)","decl":{"start":{"line":33,"column":0},"end":{"line":33,"column":7}},"loc":{"start":{"line":33,"column":111},"end":{"line":54,"column":2}}},"1":{"name":"(anonymous_9)","decl":{"start":{"line":33,"column":111},"end":{"line":33,"column":null}},"loc":{"start":{"line":33,"column":111},"end":{"line":54,"column":1}}},"2":{"name":"(anonymous_10)","decl":{"start":{"line":67,"column":0},"end":{"line":67,"column":7}},"loc":{"start":{"line":67,"column":59},"end":{"line":75,"column":2}}},"3":{"name":"(anonymous_11)","decl":{"start":{"line":67,"column":59},"end":{"line":67,"column":null}},"loc":{"start":{"line":67,"column":59},"end":{"line":75,"column":1}}},"4":{"name":"(anonymous_12)","decl":{"start":{"line":91,"column":0},"end":{"line":91,"column":7}},"loc":{"start":{"line":91,"column":66},"end":{"line":105,"column":2}}},"5":{"name":"(anonymous_13)","decl":{"start":{"line":91,"column":66},"end":{"line":91,"column":null}},"loc":{"start":{"line":91,"column":66},"end":{"line":105,"column":1}}},"6":{"name":"(anonymous_14)","decl":{"start":{"line":119,"column":0},"end":{"line":119,"column":7}},"loc":{"start":{"line":119,"column":73},"end":{"line":133,"column":2}}},"7":{"name":"(anonymous_15)","decl":{"start":{"line":119,"column":73},"end":{"line":119,"column":null}},"loc":{"start":{"line":119,"column":73},"end":{"line":133,"column":1}}},"8":{"name":"(anonymous_16)","decl":{"start":{"line":147,"column":0},"end":{"line":147,"column":7}},"loc":{"start":{"line":147,"column":74},"end":{"line":161,"column":2}}},"9":{"name":"(anonymous_17)","decl":{"start":{"line":147,"column":74},"end":{"line":147,"column":null}},"loc":{"start":{"line":147,"column":74},"end":{"line":161,"column":1}}},"10":{"name":"(anonymous_18)","decl":{"start":{"line":175,"column":0},"end":{"line":175,"column":7}},"loc":{"start":{"line":175,"column":59},"end":{"line":194,"column":2}}},"11":{"name":"(anonymous_19)","decl":{"start":{"line":175,"column":59},"end":{"line":175,"column":null}},"loc":{"start":{"line":175,"column":59},"end":{"line":194,"column":1}}},"12":{"name":"(anonymous_20)","decl":{"start":{"line":205,"column":0},"end":{"line":205,"column":7}},"loc":{"start":{"line":205,"column":38},"end":{"line":220,"column":2}}},"13":{"name":"(anonymous_21)","decl":{"start":{"line":205,"column":38},"end":{"line":205,"column":null}},"loc":{"start":{"line":205,"column":38},"end":{"line":220,"column":1}}}},"branchMap":{"0":{"loc":{"start":{"line":35,"column":106},"end":{"line":35,"column":141}},"type":"binary-expr","locations":[{"start":{"line":35,"column":106},"end":{"line":35,"column":112}},{"start":{"line":35,"column":116},"end":{"line":35,"column":141}}]},"1":{"loc":{"start":{"line":35,"column":143},"end":{"line":35,"column":173}},"type":"binary-expr","locations":[{"start":{"line":35,"column":143},"end":{"line":35,"column":160}},{"start":{"line":35,"column":164},"end":{"line":35,"column":173}}]},"2":{"loc":{"start":{"line":36,"column":8},"end":{"line":49,"column":9}},"type":"switch","locations":[{"start":{"line":37,"column":12},"end":{"line":43,"column":null}},{"start":{"line":44,"column":12},"end":{"line":45,"column":43}},{"start":{"line":46,"column":12},"end":{"line":47,"column":null}},{"start":{"line":48,"column":12},"end":{"line":48,"column":null}}]},"3":{"loc":{"start":{"line":70,"column":15},"end":{"line":70,"column":74}},"type":"cond-expr","locations":[{"start":{"line":70,"column":24},"end":{"line":70,"column":52}},{"start":{"line":70,"column":55},"end":{"line":70,"column":74}}]},"4":{"loc":{"start":{"line":94,"column":8},"end":{"line":100,"column":9}},"type":"switch","locations":[{"start":{"line":95,"column":12},"end":{"line":96,"column":43}},{"start":{"line":97,"column":12},"end":{"line":98,"column":63}},{"start":{"line":99,"column":12},"end":{"line":99,"column":null}}]},"5":{"loc":{"start":{"line":122,"column":8},"end":{"line":128,"column":9}},"type":"switch","locations":[{"start":{"line":123,"column":12},"end":{"line":124,"column":43}},{"start":{"line":125,"column":12},"end":{"line":126,"column":63}},{"start":{"line":127,"column":12},"end":{"line":127,"column":null}}]},"6":{"loc":{"start":{"line":150,"column":8},"end":{"line":156,"column":9}},"type":"switch","locations":[{"start":{"line":151,"column":12},"end":{"line":152,"column":43}},{"start":{"line":153,"column":12},"end":{"line":154,"column":63}},{"start":{"line":155,"column":12},"end":{"line":155,"column":null}}]},"7":{"loc":{"start":{"line":178,"column":8},"end":{"line":189,"column":9}},"type":"switch","locations":[{"start":{"line":179,"column":12},"end":{"line":185,"column":null}},{"start":{"line":186,"column":12},"end":{"line":187,"column":43}},{"start":{"line":188,"column":12},"end":{"line":188,"column":null}}]},"8":{"loc":{"start":{"line":208,"column":8},"end":{"line":215,"column":9}},"type":"switch","locations":[{"start":{"line":209,"column":12},"end":{"line":211,"column":null}},{"start":{"line":212,"column":12},"end":{"line":213,"column":43}},{"start":{"line":214,"column":12},"end":{"line":214,"column":null}}]}},"s":{"0":7,"1":7,"2":7,"3":7,"4":7,"5":7,"6":7,"7":7,"8":7,"9":7,"10":7,"11":7,"12":7,"13":7,"14":7,"15":7,"16":7,"17":7,"18":7,"19":7,"20":0,"21":0,"22":0,"23":0,"24":0,"25":7,"26":1,"27":1,"28":1,"29":1,"30":0,"31":0,"32":7,"33":1,"34":1,"35":1,"36":1,"37":1,"38":0,"39":0,"40":0,"41":0,"42":7,"43":0,"44":0,"45":0,"46":0,"47":0,"48":0,"49":0,"50":0,"51":0,"52":7,"53":0,"54":0,"55":0,"56":0,"57":0,"58":0,"59":0,"60":0,"61":0,"62":7,"63":0,"64":0,"65"
[...]
,"/Users/mar/Desktop/ITIncubator/blog_project/src/Utils/default-values/Post/default-post-value.ts": {"path":"/Users/mar/Desktop/ITIncubator/blog_project/src/Utils/default-values/Post/default-post-value.ts","statementMap":{"0":{"start":{"line":3,"column":13},"end":{"line":24,"column":null}},"1":{"start":{"line":8,"column":8},"end":{"line":13,"column":null}},"2":{"start":{"line":19,"column":8},"end":{"line":22,"column":null}}},"fnMap":{"0":{"name":"(anonymous_7)","decl":{"start":{"line":7,"column":10},"end":{"line":7,"column":28}},"loc":{"start":{"line":7,"column":52},"end":{"line":14,"column":null}}},"1":{"name":"(anonymous_9)","decl":{"start":{"line":18,"column":10},"end":{"line":18,"column":29}},"loc":{"start":{"line":18,"column":47},"end":{"line":23,"column":null}}}},"branchMap":{"0":{"loc":{"start":{"line":9,"column":20},"end":{"line":9,"column":61}},"type":"cond-expr","locations":[{"start":{"line":9,"column":35},"end":{"line":9,"column":47}},{"start":{"line":9,"column":50},"end":{"line":9,"column":61}}]},"1":{"loc":{"start":{"line":10,"column":27},"end":{"line":10,"column":123}},"type":"cond-expr","locations":[{"start":{"line":10,"column":95},"end":{"line":10,"column":114}},{"start":{"line":10,"column":117},"end":{"line":10,"column":123}}]},"2":{"loc":{"start":{"line":10,"column":28},"end":{"line":10,"column":91}},"type":"binary-expr","locations":[{"start":{"line":10,"column":28},"end":{"line":10,"column":57}},{"start":{"line":10,"column":61},"end":{"line":10,"column":91}}]},"3":{"loc":{"start":{"line":11,"column":24},"end":{"line":11,"column":63}},"type":"cond-expr","locations":[{"start":{"line":11,"column":43},"end":{"line":11,"column":59}},{"start":{"line":11,"column":62},"end":{"line":11,"column":63}}]},"4":{"loc":{"start":{"line":12,"column":22},"end":{"line":12,"column":58}},"type":"cond-expr","locations":[{"start":{"line":12,"column":39},"end":{"line":12,"column":53}},{"start":{"line":12,"column":56},"end":{"line":12,"column":58}}]}},"s":{"0":8,"1":8,"2":11},"f":{"0":8,"1":11},"b":{"0":[0,8],"1":[0,8],"2":[8,8],"3":[2,6],"4":[2,6]}}
,"/Users/mar/Desktop/ITIncubator/blog_project/src/Utils/default-values/Registration/registration-default-value.ts": {"path":"/Users/mar/Desktop/ITIncubator/blog_project/src/Utils/default-values/Registration/registration-default-value.ts","statementMap":{"0":{"start":{"line":2,"column":13},"end":{"line":11,"column":null}},"1":{"start":{"line":7,"column":8},"end":{"line":9,"column":null}}},"fnMap":{"0":{"name":"(anonymous_7)","decl":{"start":{"line":6,"column":10},"end":{"line":6,"column":40}},"loc":{"start":{"line":6,"column":40},"end":{"line":10,"column":null}}}},"branchMap":{},"s":{"0":10,"1":9},"f":{"0":9},"b":{}}
,"/Users/mar/Desktop/ITIncubator/blog_project/src/Utils/default-values/User/default-user-value.ts": {"path":"/Users/mar/Desktop/ITIncubator/blog_project/src/Utils/default-values/User/default-user-value.ts","statementMap":{"0":{"start":{"line":3,"column":13},"end":{"line":26,"column":null}},"1":{"start":{"line":8,"column":8},"end":{"line":15,"column":null}},"2":{"start":{"line":21,"column":8},"end":{"line":23,"column":null}}},"fnMap":{"0":{"name":"(anonymous_7)","decl":{"start":{"line":7,"column":10},"end":{"line":7,"column":27}},"loc":{"start":{"line":7,"column":55},"end":{"line":16,"column":null}}},"1":{"name":"(anonymous_9)","decl":{"start":{"line":20,"column":10},"end":{"line":20,"column":28}},"loc":{"start":{"line":20,"column":28},"end":{"line":24,"column":null}}}},"branchMap":{"0":{"loc":{"start":{"line":9,"column":20},"end":{"line":9,"column":61}},"type":"cond-expr","locations":[{"start":{"line":9,"column":35},"end":{"line":9,"column":47}},{"start":{"line":9,"column":50},"end":{"line":9,"column":61}}]},"1":{"loc":{"start":{"line":10,"column":27},"end":{"line":10,"column":123}},"type":"cond-expr","locations":[{"start":{"line":10,"column":95},"end":{"line":10,"column":114}},{"start":{"line":10,"column":117},"end":{"line":10,"column":123}}]},"2":{"loc":{"start":{"line":10,"column":28},"end":{"line":10,"column":91}},"type":"binary-expr","locations":[{"start":{"line":10,"column":28},"end":{"line":10,"column":57}},{"start":{"line":10,"column":61},"end":{"line":10,"column":91}}]},"3":{"loc":{"start":{"line":11,"column":24},"end":{"line":11,"column":63}},"type":"cond-expr","locations":[{"start":{"line":11,"column":43},"end":{"line":11,"column":59}},{"start":{"line":11,"column":62},"end":{"line":11,"column":63}}]},"4":{"loc":{"start":{"line":12,"column":22},"end":{"line":12,"column":58}},"type":"cond-expr","locations":[{"start":{"line":12,"column":39},"end":{"line":12,"column":53}},{"start":{"line":12,"column":56},"end":{"line":12,"column":58}}]},"5":{"loc":{"start":{"line":13,"column":29},"end":{"line":13,"column":79}},"type":"cond-expr","locations":[{"start":{"line":13,"column":53},"end":{"line":13,"column":74}},{"start":{"line":13,"column":77},"end":{"line":13,"column":79}}]},"6":{"loc":{"start":{"line":14,"column":29},"end":{"line":14,"column":79}},"type":"cond-expr","locations":[{"start":{"line":14,"column":53},"end":{"line":14,"column":74}},{"start":{"line":14,"column":77},"end":{"line":14,"column":79}}]}},"s":{"0":7,"1":6,"2":10},"f":{"0":6,"1":10},"b":{"0":[0,6],"1":[0,6],"2":[6,6],"3":[1,5],"4":[1,5],"5":[1,5],"6":[1,5]}}
,"/Users/mar/Desktop/ITIncubator/blog_project/src/Utils/error-utils/save-error.ts": {"path":"/Users/mar/Desktop/ITIncubator/blog_project/src/Utils/error-utils/save-error.ts","statementMap":{"0":{"start":{"line":1,"column":0},"end":{"line":1,"column":19}},"1":{"start":{"line":4,"column":4},"end":{"line":4,"column":150}},"2":{"start":{"line":3,"column":0},"end":{"line":3,"column":22}}},"fnMap":{"0":{"name":"SaveError","decl":{"start":{"line":3,"column":22},"end":{"line":3,"column":31}},"loc":{"start":{"line":3,"column":92},"end":{"line":5,"column":null}}}},"branchMap":{},"s":{"0":13,"1":6,"2":13},"f":{"0":6},"b":{}}
,"/Users/mar/Desktop/ITIncubator/blog_project/src/Utils/generate-uuid/generate-uuid.ts": {"path":"/Users/mar/Desktop/ITIncubator/blog_project/src/Utils/generate-uuid/generate-uuid.ts","statementMap":{"0":{"start":{"line":1,"column":0},"end":{"line":1,"column":36}},"1":{"start":{"line":2,"column":0},"end":{"line":2,"column":54}},"2":{"start":{"line":5,"column":13},"end":{"line":13,"column":null}},"3":{"start":{"line":7,"column":8},"end":{"line":7,"column":null}},"4":{"start":{"line":11,"column":8},"end":{"line":11,"column":null}}},"fnMap":{"0":{"name":"(anonymous_7)","decl":{"start":{"line":6,"column":10},"end":{"line":6,"column":37}},"loc":{"start":{"line":6,"column":37},"end":{"line":8,"column":null}}},"1":{"name":"(anonymous_9)","decl":{"start":{"line":10,"column":10},"end":{"line":10,"column":26}},"loc":{"start":{"line":10,"column":42},"end":{"line":12,"column":null}}}},"branchMap":{},"s":{"0":10,"1":10,"2":10,"3":10,"4":49},"f":{"0":10,"1":49},"b":{}}
,"/Users/mar/Desktop/ITIncubator/blog_project/src/Utils/map/Blog/BlogMap.ts": {"path":"/Users/mar/Desktop/ITIncubator/blog_project/src/Utils/map/Blog/BlogMap.ts","statementMap":{"0":{"start":{"line":6,"column":13},"end":{"line":62,"column":null}},"1":{"start":{"line":14,"column":8},"end":{"line":30,"column":null}},"2":{"start":{"line":20,"column":16},"end":{"line":27,"column":null}},"3":{"start":{"line":38,"column":8},"end":{"line":45,"column":null}},"4":{"start":{"line":53,"column":8},"end":{"line":60,"column":null}}},"fnMap":{"0":{"name":"(anonymous_7)","decl":{"start":{"line":13,"column":10},"end":{"line":13,"column":18}},"loc":{"start":{"line":13,"column":84},"end":{"line":31,"column":null}}},"1":{"name":"(anonymous_9)","decl":{"start":{"line":19,"column":28},"end":{"line":19,"column":29}},"loc":{"start":{"line":19,"column":37},"end":{"line":28,"column":13}}},"2":{"name":"(anonymous_10)","decl":{"start":{"line":37,"column":10},"end":{"line":37,"column":17}},"loc":{"start":{"line":37,"column":47},"end":{"line":46,"column":null}}},"3":{"name":"(anonymous_12)","decl":{"start":{"line":52,"column":10},"end":{"line":52,"column":24}},"loc":{"start":{"line":52,"column":54},"end":{"line":61,"column":null}}}},"branchMap":{},"s":{"0":8,"1":4,"2":23,"3":20,"4":21},"f":{"0":4,"1":23,"2":20,"3":21},"b":{}}
,"/Users/mar/Desktop/ITIncubator/blog_project/src/Utils/map/Comments/CommentsMap.ts": {"path":"/Users/mar/Desktop/ITIncubator/blog_project/src/Utils/map/Comments/CommentsMap.ts","statementMap":{"0":{"start":{"line":5,"column":13},"end":{"line":64,"column":null}},"1":{"start":{"line":12,"column":6},"end":{"line":20,"column":null}},"2":{"start":{"line":28,"column":10},"end":{"line":36,"column":null}},"3":{"start":{"line":45,"column":10},"end":{"line":62,"column":null}},"4":{"start":{"line":51,"column":18},"end":{"line":59,"column":null}}},"fnMap":{"0":{"name":"(anonymous_7)","decl":{"start":{"line":11,"column":10},"end":{"line":11,"column":26}},"loc":{"start":{"line":11,"column":54},"end":{"line":21,"column":null}}},"1":{"name":"(anonymous_9)","decl":{"start":{"line":27,"column":14},"end":{"line":27,"column":24}},"loc":{"start":{"line":27,"column":52},"end":{"line":37,"column":null}}},"2":{"name":"(anonymous_11)","decl":{"start":{"line":44,"column":14},"end":{"line":44,"column":25}},"loc":{"start":{"line":44,"column":89},"end":{"line":63,"column":null}}},"3":{"name":"(anonymous_13)","decl":{"start":{"line":50,"column":30},"end":{"line":50,"column":31}},"loc":{"start":{"line":50,"column":39},"end":{"line":60,"column":15}}}},"branchMap":{},"s":{"0":8,"1":2,"2":0,"3":5,"4":23},"f":{"0":2,"1":0,"2":5,"3":23},"b":{}}
,"/Users/mar/Desktop/ITIncubator/blog_project/src/Utils/map/Post/PostMap.ts": {"path":"/Users/mar/Desktop/ITIncubator/blog_project/src/Utils/map/Post/PostMap.ts","statementMap":{"0":{"start":{"line":6,"column":13},"end":{"line":61,"column":null}},"1":{"start":{"line":12,"column":8},"end":{"line":29,"column":null}},"2":{"start":{"line":18,"column":16},"end":{"line":26,"column":null}},"3":{"start":{"line":36,"column":8},"end":{"line":44,"column":null}},"4":{"start":{"line":51,"column":8},"end":{"line":59,"column":null}}},"fnMap":{"0":{"name":"(anonymous_7)","decl":{"start":{"line":11,"column":10},"end":{"line":11,"column":18}},"loc":{"start":{"line":11,"column":84},"end":{"line":30,"column":null}}},"1":{"name":"(anonymous_9)","decl":{"start":{"line":17,"column":28},"end":{"line":17,"column":29}},"loc":{"start":{"line":17,"column":37},"end":{"line":27,"column":13}}},"2":{"name":"(anonymous_10)","decl":{"start":{"line":35,"column":10},"end":{"line":35,"column":17}},"loc":{"start":{"line":35,"column":47},"end":{"line":45,"column":null}}},"3":{"name":"(anonymous_12)","decl":{"start":{"line":50,"column":10},"end":{"line":50,"column":23}},"loc":{"start":{"line":50,"column":53},"end":{"line":60,"column":null}}}},"branchMap":{},"s":{"0":8,"1":8,"2":45,"3":2,"4":11},"f":{"0":8,"1":45,"2":2,"3":11},"b":{}}
,"/Users/mar/Desktop/ITIncubator/blog_project/src/Utils/map/Security/SecurityMap.ts": {"path":"/Users/mar/Desktop/ITIncubator/blog_project/src/Utils/map/Security/SecurityMap.ts","statementMap":{"0":{"start":{"line":5,"column":13},"end":{"line":20,"column":null}},"1":{"start":{"line":11,"column":8},"end":{"line":18,"column":null}},"2":{"start":{"line":12,"column":12},"end":{"line":17,"column":null}}},"fnMap":{"0":{"name":"(anonymous_7)","decl":{"start":{"line":10,"column":10},"end":{"line":10,"column":21}},"loc":{"start":{"line":10,"column":52},"end":{"line":19,"column":null}}},"1":{"name":"(anonymous_9)","decl":{"start":{"line":11,"column":24},"end":{"line":11,"column":25}},"loc":{"start":{"line":11,"column":34},"end":{"line":18,"column":9}}}},"branchMap":{},"s":{"0":8,"1":4,"2":9},"f":{"0":4,"1":9},"b":{}}
,"/Users/mar/Desktop/ITIncubator/blog_project/src/Utils/map/User/UserMap.ts": {"path":"/Users/mar/Desktop/ITIncubator/blog_project/src/Utils/map/User/UserMap.ts","statementMap":{"0":{"start":{"line":7,"column":13},"end":{"line":66,"column":null}},"1":{"start":{"line":14,"column":8},"end":{"line":16,"column":null}},"2":{"start":{"line":24,"column":8},"end":{"line":28,"column":null}},"3":{"start":{"line":36,"column":8},"end":{"line":41,"column":null}},"4":{"start":{"line":50,"column":8},"end":{"line":64,"column":null}},"5":{"start":{"line":56,"column":16},"end":{"line":61,"column":null}}},"fnMap":{"0":{"name":"(anonymous_7)","decl":{"start":{"line":13,"column":10},"end":{"line":13,"column":37}},"loc":{"start":{"line":13,"column":67},"end":{"line":17,"column":null}}},"1":{"name":"(anonymous_9)","decl":{"start":{"line":23,"column":10},"end":{"line":23,"column":30}},"loc":{"start":{"line":23,"column":60},"end":{"line":29,"column":null}}},"2":{"name":"(anonymous_11)","decl":{"start":{"line":35,"column":10},"end":{"line":35,"column":30}},"loc":{"start":{"line":35,"column":60},"end":{"line":42,"column":null}}},"3":{"name":"(anonymous_13)","decl":{"start":{"line":49,"column":10},"end":{"line":49,"column":25}},"loc":{"start":{"line":49,"column":91},"end":{"line":65,"column":null}}},"4":{"name":"(anonymous_15)","decl":{"start":{"line":55,"column":28},"end":{"line":55,"column":29}},"loc":{"start":{"line":55,"column":37},"end":{"line":62,"column":13}}}},"branchMap":{},"s":{"0":7,"1":3,"2":1,"3":10,"4":6,"5":32},"f":{"0":3,"1":1,"2":10,"3":6,"4":32},"b":{}}
,"/Users/mar/Desktop/ITIncubator/blog_project/src/Utils/pagination/BlogPagination.ts": {"path":"/Users/mar/Desktop/ITIncubator/blog_project/src/Utils/pagination/BlogPagination.ts","statementMap":{"0":{"start":{"line":2,"column":0},"end":{"line":2,"column":98}},"1":{"start":{"line":10,"column":37},"end":{"line":27,"column":null}},"2":{"start":{"line":10,"column":125},"end":{"line":27,"column":null}},"3":{"start":{"line":11,"column":4},"end":{"line":26,"column":5}},"4":{"start":{"line":12,"column":38},"end":{"line":12,"column":90}},"5":{"start":{"line":13,"column":27},"end":{"line":13,"column":41}},"6":{"start":{"line":14,"column":27},"end":{"line":14,"column":59}},"7":{"start":{"line":15,"column":21},"end":{"line":15,"column":42}},"8":{"start":{"line":17,"column":8},"end":{"line":23,"column":10}},"9":{"start":{"line":25,"column":8},"end":{"line":25,"column":26}},"10":{"start":{"line":10,"column":13},"end":{"line":10,"column":37}}},"fnMap":{"0":{"name":"(anonymous_7)","decl":{"start":{"line":10,"column":37},"end":{"line":10,"column":44}},"loc":{"start":{"line":10,"column":125},"end":{"line":27,"column":null}}},"1":{"name":"(anonymous_8)","decl":{"start":{"line":10,"column":125},"end":{"line":10,"column":null}},"loc":{"start":{"line":10,"column":125},"end":{"line":27,"column":1}}}},"branchMap":{},"s":{"0":7,"1":7,"2":4,"3":4,"4":4,"5":4,"6":4,"7":4,"8":4,"9":0,"10":7},"f":{"0":4,"1":4},"b":{}}
,"/Users/mar/Desktop/ITIncubator/blog_project/src/Utils/pagination/CommentPagination.ts": {"path":"/Users/mar/Desktop/ITIncubator/blog_project/src/Utils/pagination/CommentPagination.ts","statementMap":{"0":{"start":{"line":2,"column":0},"end":{"line":2,"column":107}},"1":{"start":{"line":12,"column":39},"end":{"line":29,"column":null}},"2":{"start":{"line":12,"column":127},"end":{"line":29,"column":null}},"3":{"start":{"line":13,"column":4},"end":{"line":28,"column":5}},"4":{"start":{"line":14,"column":38},"end":{"line":14,"column":93}},"5":{"start":{"line":15,"column":27},"end":{"line":15,"column":41}},"6":{"start":{"line":16,"column":27},"end":{"line":16,"column":59}},"7":{"start":{"line":17,"column":21},"end":{"line":17,"column":42}},"8":{"start":{"line":19,"column":8},"end":{"line":25,"column":10}},"9":{"start":{"line":27,"column":8},"end":{"line":27,"column":26}},"10":{"start":{"line":12,"column":13},"end":{"line":12,"column":39}}},"fnMap":{"0":{"name":"(anonymous_7)","decl":{"start":{"line":12,"column":39},"end":{"line":12,"column":46}},"loc":{"start":{"line":12,"column":127},"end":{"line":29,"column":null}}},"1":{"name":"(anonymous_8)","decl":{"start":{"line":12,"column":127},"end":{"line":12,"column":null}},"loc":{"start":{"line":12,"column":127},"end":{"line":29,"column":1}}}},"branchMap":{},"s":{"0":7,"1":7,"2":5,"3":5,"4":5,"5":5,"6":5,"7":5,"8":5,"9":0,"10":7},"f":{"0":5,"1":5},"b":{}}
,"/Users/mar/Desktop/ITIncubator/blog_project/src/Utils/pagination/PostPagination.ts": {"path":"/Users/mar/Desktop/ITIncubator/blog_project/src/Utils/pagination/PostPagination.ts","statementMap":{"0":{"start":{"line":2,"column":0},"end":{"line":2,"column":97}},"1":{"start":{"line":9,"column":36},"end":{"line":26,"column":null}},"2":{"start":{"line":9,"column":124},"end":{"line":26,"column":null}},"3":{"start":{"line":10,"column":4},"end":{"line":25,"column":5}},"4":{"start":{"line":11,"column":38},"end":{"line":11,"column":90}},"5":{"start":{"line":12,"column":27},"end":{"line":12,"column":41}},"6":{"start":{"line":13,"column":27},"end":{"line":13,"column":59}},"7":{"start":{"line":14,"column":21},"end":{"line":14,"column":42}},"8":{"start":{"line":16,"column":8},"end":{"line":22,"column":null}},"9":{"start":{"line":24,"column":8},"end":{"line":24,"column":26}},"10":{"start":{"line":9,"column":13},"end":{"line":9,"column":36}}},"fnMap":{"0":{"name":"(anonymous_7)","decl":{"start":{"line":9,"column":36},"end":{"line":9,"column":43}},"loc":{"start":{"line":9,"column":124},"end":{"line":26,"column":null}}},"1":{"name":"(anonymous_8)","decl":{"start":{"line":9,"column":124},"end":{"line":9,"column":null}},"loc":{"start":{"line":9,"column":124},"end":{"line":26,"column":1}}}},"branchMap":{},"s":{"0":7,"1":7,"2":8,"3":8,"4":8,"5":8,"6":8,"7":8,"8":8,"9":0,"10":7},"f":{"0":8,"1":8},"b":{}}
,"/Users/mar/Desktop/ITIncubator/blog_project/src/Utils/pagination/UserPagination.ts": {"path":"/Users/mar/Desktop/ITIncubator/blog_project/src/Utils/pagination/UserPagination.ts","statementMap":{"0":{"start":{"line":2,"column":0},"end":{"line":2,"column":98}},"1":{"start":{"line":9,"column":36},"end":{"line":26,"column":null}},"2":{"start":{"line":9,"column":124},"end":{"line":26,"column":null}},"3":{"start":{"line":10,"column":4},"end":{"line":25,"column":5}},"4":{"start":{"line":11,"column":38},"end":{"line":11,"column":90}},"5":{"start":{"line":12,"column":27},"end":{"line":12,"column":41}},"6":{"start":{"line":13,"column":27},"end":{"line":13,"column":59}},"7":{"start":{"line":14,"column":21},"end":{"line":14,"column":42}},"8":{"start":{"line":16,"column":8},"end":{"line":22,"column":null}},"9":{"start":{"line":24,"column":8},"end":{"line":24,"column":26}},"10":{"start":{"line":9,"column":13},"end":{"line":9,"column":36}}},"fnMap":{"0":{"name":"(anonymous_7)","decl":{"start":{"line":9,"column":36},"end":{"line":9,"column":43}},"loc":{"start":{"line":9,"column":124},"end":{"line":26,"column":null}}},"1":{"name":"(anonymous_8)","decl":{"start":{"line":9,"column":124},"end":{"line":9,"column":null}},"loc":{"start":{"line":9,"column":124},"end":{"line":26,"column":1}}}},"branchMap":{},"s":{"0":7,"1":7,"2":6,"3":6,"4":6,"5":6,"6":6,"7":6,"8":6,"9":0,"10":7},"f":{"0":6,"1":6},"b":{}}
}
