TN:
SF:__tests__/e2e/modules/modules.ts
FN:6,(anonymous_8)
FN:11,(anonymous_9)
FN:20,(anonymous_11)
FN:28,(anonymous_13)
FN:35,(anonymous_15)
FN:44,(anonymous_17)
FN:52,(anonymous_19)
FNF:7
FNH:7
FNDA:50,(anonymous_8)
FNDA:13,(anonymous_9)
FNDA:12,(anonymous_11)
FNDA:2,(anonymous_13)
FNDA:11,(anonymous_15)
FNDA:8,(anonymous_17)
FNDA:4,(anonymous_19)
DA:1,2
DA:2,2
DA:3,2
DA:6,2
DA:7,50
DA:10,2
DA:12,13
DA:17,13
DA:21,12
DA:25,12
DA:29,2
DA:32,2
DA:36,11
DA:41,11
DA:45,8
DA:49,8
DA:53,4
DA:56,4
LF:18
LH:18
BRF:0
BRH:0
end_of_record
TN:
SF:src/app.ts
FNF:0
FNH:0
DA:1,2
DA:2,2
DA:3,2
DA:4,2
DA:5,2
DA:6,2
DA:8,2
DA:10,2
DA:11,2
DA:13,2
DA:14,2
DA:15,2
LF:12
LH:12
BRF:0
BRH:0
end_of_record
TN:
SF:src/settings.ts
FNF:0
FNH:0
DA:1,2
DA:2,2
DA:4,2
DA:27,2
LF:4
LH:4
BRDA:5,0,0,2
BRDA:5,0,1,2
BRDA:15,1,0,2
BRDA:15,1,1,0
BRDA:16,2,0,2
BRDA:16,2,1,0
BRDA:17,3,0,2
BRDA:17,3,1,0
BRF:8
BRH:5
end_of_record
TN:
SF:src/Applications/ConnectionDB/Connection.ts
FN:14,startDB
FNF:1
FNH:0
FNDA:0,startDB
DA:1,2
DA:2,2
DA:3,2
DA:6,2
DA:13,2
DA:14,2
DA:15,0
DA:16,0
DA:17,0
DA:19,0
DA:20,0
DA:21,0
LF:12
LH:6
BRF:0
BRH:0
end_of_record
TN:
SF:src/Applications/Utils/Response.ts
FNF:0
FNH:0
DA:1,2
LF:1
LH:1
BRF:0
BRH:0
end_of_record
TN:
SF:src/Applications/Validations/auth/auth.ts
FN:4,(anonymous_7)
FN:4,(anonymous_8)
FNF:2
FNH:2
FNDA:32,(anonymous_7)
FNDA:32,(anonymous_8)
DA:2,2
DA:4,32
DA:5,32
DA:6,32
DA:7,0
DA:9,32
DA:10,32
DA:11,32
DA:12,0
DA:15,32
DA:16,32
DA:17,32
DA:18,32
DA:19,32
DA:20,32
DA:21,26
DA:23,6
DA:25,0
DA:28,0
DA:31,0
LF:20
LH:15
BRDA:6,0,0,0
BRDA:11,1,0,0
BRDA:19,2,0,32
BRDA:20,3,0,26
BRF:4
BRH:2
end_of_record
TN:
SF:src/Applications/Validations/inputValidations/InputValidations.ts
FN:6,(anonymous_7)
FN:11,(anonymous_8)
FN:66,(anonymous_9)
FN:66,(anonymous_10)
FNF:4
FNH:4
FNDA:20,(anonymous_7)
FNDA:9,(anonymous_8)
FNDA:10,(anonymous_9)
FNDA:10,(anonymous_10)
DA:2,2
DA:4,2
DA:6,2
DA:7,20
DA:9,20
DA:10,7
DA:11,9
DA:18,13
DA:21,2
DA:66,10
DA:67,10
DA:68,10
DA:69,8
DA:71,2
LF:14
LH:14
BRDA:9,0,0,7
BRDA:68,1,0,8
BRF:2
BRH:2
end_of_record
TN:
SF:src/Repositories/BlogRepo/BlogQueryRepo.ts
FN:11,(anonymous_8)
FN:36,(anonymous_10)
FN:42,(anonymous_12)
FNF:3
FNH:3
FNDA:22,(anonymous_8)
FNDA:1,(anonymous_10)
FNDA:2,(anonymous_12)
DA:1,2
DA:2,2
DA:4,2
DA:5,2
DA:6,2
DA:9,2
DA:12,22
DA:13,22
DA:14,19
DA:15,16
DA:16,16
DA:28,3
DA:31,3
DA:32,3
DA:37,1
DA:38,1
DA:39,1
DA:40,1
DA:43,2
DA:54,0
DA:56,0
DA:57,0
LF:22
LH:19
BRDA:14,0,0,16
BRDA:39,1,0,1
BRF:2
BRH:2
end_of_record
TN:
SF:src/Repositories/BlogRepo/BlogRepo.ts
FN:8,(anonymous_7)
FN:17,(anonymous_9)
FN:26,(anonymous_11)
FNF:3
FNH:3
FNDA:3,(anonymous_7)
FNDA:3,(anonymous_9)
FNDA:4,(anonymous_11)
DA:1,2
DA:2,2
DA:4,2
DA:7,2
DA:9,3
DA:10,3
DA:11,2
DA:13,1
DA:18,3
DA:19,3
DA:20,2
DA:22,1
DA:27,4
DA:28,4
DA:29,4
DA:31,0
LF:16
LH:15
BRF:0
BRH:0
end_of_record
TN:
SF:src/Repositories/PostRepo/PostQueryRepo.ts
FN:11,(anonymous_8)
FN:38,(anonymous_10)
FN:44,(anonymous_12)
FNF:3
FNH:3
FNDA:6,(anonymous_8)
FNDA:1,(anonymous_10)
FNDA:2,(anonymous_12)
DA:1,2
DA:2,2
DA:3,2
DA:4,2
DA:6,2
DA:10,2
DA:12,6
DA:13,6
DA:16,5
DA:17,2
DA:18,2
DA:31,3
DA:33,1
DA:34,1
DA:39,1
DA:40,1
DA:41,1
DA:42,1
DA:45,2
DA:57,0
DA:59,0
DA:60,0
LF:22
LH:19
BRDA:16,0,0,2
BRDA:41,1,0,1
BRF:2
BRH:2
end_of_record
TN:
SF:src/Repositories/PostRepo/PostRepo.ts
FN:9,(anonymous_7)
FN:18,(anonymous_9)
FN:27,(anonymous_11)
FNF:3
FNH:3
FNDA:3,(anonymous_7)
FNDA:3,(anonymous_9)
FNDA:3,(anonymous_11)
DA:1,2
DA:4,2
DA:5,2
DA:8,2
DA:10,3
DA:11,3
DA:12,2
DA:14,1
DA:19,3
DA:20,3
DA:21,2
DA:23,1
DA:28,3
DA:29,3
DA:30,3
DA:32,0
LF:16
LH:15
BRF:0
BRH:0
end_of_record
TN:
SF:src/Repositories/TestRepo/TestRepo.ts
FN:7,(anonymous_7)
FNF:1
FNH:1
FNDA:4,(anonymous_7)
DA:1,2
DA:2,2
DA:3,2
DA:6,2
DA:8,4
DA:9,4
DA:10,4
DA:11,4
DA:13,0
LF:9
LH:8
BRF:0
BRH:0
end_of_record
TN:
SF:src/Routers/BlogRouter/BlogRouters.ts
FN:12,(anonymous_7)
FN:12,(anonymous_8)
FN:17,(anonymous_9)
FN:17,(anonymous_10)
FN:28,(anonymous_11)
FN:28,(anonymous_12)
FN:39,(anonymous_13)
FN:39,(anonymous_14)
FN:46,(anonymous_15)
FN:46,(anonymous_16)
FNF:10
FNH:10
FNDA:1,(anonymous_7)
FNDA:1,(anonymous_8)
FNDA:6,(anonymous_9)
FNDA:6,(anonymous_10)
FNDA:4,(anonymous_11)
FNDA:4,(anonymous_12)
FNDA:3,(anonymous_13)
FNDA:3,(anonymous_14)
FNDA:3,(anonymous_15)
FNDA:3,(anonymous_16)
DA:1,2
DA:2,2
DA:5,2
DA:6,2
DA:7,2
DA:9,2
DA:12,2
DA:13,1
DA:14,1
DA:17,6
DA:18,6
DA:19,6
DA:22,2
DA:28,4
DA:29,4
DA:30,4
DA:33,2
DA:39,3
DA:40,3
DA:41,3
DA:44,2
DA:46,3
DA:47,3
DA:48,3
LF:24
LH:24
BRF:0
BRH:0
end_of_record
TN:
SF:src/Routers/PostRouter/PostRouter.ts
FN:13,(anonymous_7)
FN:13,(anonymous_8)
FN:18,(anonymous_9)
FN:18,(anonymous_10)
FN:30,(anonymous_11)
FN:30,(anonymous_12)
FN:42,(anonymous_13)
FN:42,(anonymous_14)
FN:49,(anonymous_15)
FN:49,(anonymous_16)
FNF:10
FNH:10
FNDA:1,(anonymous_7)
FNDA:1,(anonymous_8)
FNDA:6,(anonymous_9)
FNDA:6,(anonymous_10)
FNDA:3,(anonymous_11)
FNDA:3,(anonymous_12)
FNDA:3,(anonymous_13)
FNDA:3,(anonymous_14)
FNDA:3,(anonymous_15)
FNDA:3,(anonymous_16)
DA:1,2
DA:5,2
DA:6,2
DA:7,2
DA:8,2
DA:11,2
DA:13,2
DA:14,1
DA:15,1
DA:18,6
DA:19,6
DA:20,6
DA:23,2
DA:30,3
DA:31,3
DA:32,3
DA:35,2
DA:42,3
DA:43,3
DA:44,3
DA:47,2
DA:49,3
DA:50,3
DA:51,3
LF:24
LH:24
BRF:0
BRH:0
end_of_record
TN:
SF:src/Routers/TestRouter/TestRouter.ts
FN:9,(anonymous_7)
FN:9,(anonymous_8)
FNF:2
FNH:2
FNDA:4,(anonymous_7)
FNDA:4,(anonymous_8)
DA:1,2
DA:2,2
DA:3,2
DA:7,2
DA:9,4
DA:10,4
DA:11,4
LF:7
LH:7
BRF:0
BRH:0
end_of_record
TN:
SF:src/Service/BlogService.ts
FN:11,(anonymous_7)
FN:32,(anonymous_9)
FN:48,(anonymous_11)
FNF:3
FNH:3
FNDA:4,(anonymous_7)
FNDA:3,(anonymous_9)
FNDA:3,(anonymous_11)
DA:1,2
DA:2,2
DA:3,2
DA:4,2
DA:10,2
DA:12,4
DA:17,4
DA:18,4
DA:19,4
DA:27,0
DA:28,0
DA:33,3
DA:34,3
DA:35,2
DA:36,1
DA:37,1
DA:39,0
DA:41,1
DA:43,1
DA:44,1
DA:49,3
DA:50,3
DA:51,2
DA:53,1
DA:54,1
LF:25
LH:22
BRDA:35,0,0,1
BRDA:36,1,0,1
BRDA:51,2,0,1
BRDA:51,2,1,1
BRF:4
BRH:4
end_of_record
TN:
SF:src/Service/PostService.ts
FN:13,(anonymous_7)
FN:40,(anonymous_9)
FN:60,(anonymous_11)
FNF:3
FNH:3
FNDA:3,(anonymous_7)
FNDA:3,(anonymous_9)
FNDA:3,(anonymous_11)
DA:1,2
DA:2,2
DA:3,2
DA:5,2
DA:6,2
DA:12,2
DA:14,3
DA:15,3
DA:16,3
DA:17,0
DA:20,3
DA:26,3
DA:27,3
DA:35,0
DA:36,0
DA:41,3
DA:42,3
DA:43,3
DA:44,0
DA:46,3
DA:47,2
DA:48,1
DA:49,1
DA:51,0
DA:53,1
DA:55,1
DA:56,1
DA:61,3
DA:62,3
DA:63,2
DA:65,1
DA:66,1
LF:32
LH:27
BRDA:16,0,0,0
BRDA:43,1,0,0
BRDA:47,2,0,1
BRDA:48,3,0,1
BRDA:63,4,0,1
BRDA:63,4,1,1
BRF:6
BRH:4
end_of_record
TN:
SF:src/Service/ErrorService/ErrorService.ts
FN:3,SaveError
FNF:1
FNH:1
FNDA:8,SaveError
DA:1,2
DA:3,2
DA:4,8
LF:3
LH:3
BRF:0
BRH:0
end_of_record
