TN:
SF:__tests__/e2e/modules/modules.ts
FN:12,(anonymous_8)
FN:16,(anonymous_9)
FN:16,(anonymous_10)
FN:22,(anonymous_11)
FN:22,(anonymous_12)
FN:30,(anonymous_13)
FN:30,(anonymous_14)
FN:37,(anonymous_15)
FN:37,(anonymous_16)
FN:45,(anonymous_17)
FN:45,(anonymous_18)
FN:53,(anonymous_19)
FN:53,(anonymous_20)
FN:60,(anonymous_21)
FN:60,(anonymous_22)
FN:67,(anonymous_23)
FN:67,(anonymous_24)
FN:74,(anonymous_25)
FN:74,(anonymous_26)
FN:78,(anonymous_27)
FN:78,(anonymous_28)
FNF:21
FNH:15
FNDA:216,(anonymous_8)
FNDA:53,(anonymous_9)
FNDA:53,(anonymous_10)
FNDA:15,(anonymous_11)
FNDA:15,(anonymous_12)
FNDA:8,(anonymous_13)
FNDA:8,(anonymous_14)
FNDA:19,(anonymous_15)
FNDA:19,(anonymous_16)
FNDA:8,(anonymous_17)
FNDA:8,(anonymous_18)
FNDA:0,(anonymous_19)
FNDA:0,(anonymous_20)
FNDA:0,(anonymous_21)
FNDA:0,(anonymous_22)
FNDA:0,(anonymous_23)
FNDA:0,(anonymous_24)
FNDA:5,(anonymous_25)
FNDA:5,(anonymous_26)
FNDA:4,(anonymous_27)
FNDA:4,(anonymous_28)
DA:1,8
DA:2,8
DA:3,8
DA:4,8
DA:8,8
DA:12,8
DA:13,216
DA:16,53
DA:17,53
DA:19,53
DA:22,15
DA:23,15
DA:27,15
DA:30,8
DA:31,8
DA:34,8
DA:37,19
DA:38,19
DA:42,19
DA:45,8
DA:46,8
DA:50,8
DA:53,8
DA:54,0
DA:57,0
DA:60,8
DA:61,0
DA:64,0
DA:67,8
DA:68,0
DA:71,0
DA:74,8
DA:75,5
DA:78,8
DA:79,4
LF:35
LH:29
BRF:0
BRH:0
end_of_record
TN:
SF:src/app.ts
FNF:0
FNH:0
DA:1,8
DA:2,8
DA:3,8
DA:4,8
DA:5,8
DA:6,8
DA:7,8
DA:8,8
DA:9,8
DA:11,8
DA:13,8
DA:14,8
DA:16,8
DA:17,8
DA:18,8
DA:19,8
DA:20,8
DA:21,8
LF:18
LH:18
BRF:0
BRH:0
end_of_record
TN:
SF:src/settings.ts
FNF:0
FNH:0
DA:1,8
DA:2,8
DA:5,8
DA:34,8
DA:46,8
DA:52,8
DA:59,8
LF:7
LH:7
BRDA:35,0,0,8
BRDA:35,0,1,0
BRDA:36,1,0,8
BRDA:36,1,1,0
BRDA:47,2,0,8
BRDA:47,2,1,8
BRDA:49,3,0,8
BRDA:49,3,1,0
BRDA:64,4,0,8
BRDA:64,4,1,0
BRF:10
BRH:6
end_of_record
TN:
SF:src/Applications/ConnectionDB/Connection.ts
FN:14,startDB
FNF:1
FNH:0
FNDA:0,startDB
DA:1,8
DA:2,8
DA:3,8
DA:6,8
DA:13,8
DA:14,8
DA:15,0
DA:16,0
DA:17,0
DA:19,0
DA:20,0
DA:21,0
LF:12
LH:6
BRF:0
BRH:0
end_of_record
TN:
SF:src/Applications/JWT/jwt.ts
FN:7,(anonymous_8)
FN:15,(anonymous_10)
FNF:2
FNH:1
FNDA:0,(anonymous_8)
FNDA:6,(anonymous_10)
DA:1,8
DA:2,8
DA:6,8
DA:8,0
DA:9,0
DA:11,0
DA:16,6
DA:17,6
DA:19,2
LF:9
LH:6
BRF:0
BRH:0
end_of_record
TN:
SF:src/Applications/Middleware/auth/AdminAuth/AdminAuth.ts
FN:4,(anonymous_7)
FN:4,(anonymous_8)
FNF:2
FNH:2
FNDA:98,(anonymous_7)
FNDA:98,(anonymous_8)
DA:2,8
DA:4,98
DA:5,98
DA:6,98
DA:7,6
DA:9,92
DA:10,92
DA:11,92
DA:12,1
DA:15,91
DA:16,91
DA:17,91
DA:18,91
DA:19,91
DA:20,90
DA:21,88
DA:23,2
DA:25,1
DA:28,0
DA:31,0
LF:20
LH:18
BRDA:6,0,0,6
BRDA:11,1,0,1
BRDA:19,2,0,90
BRDA:20,3,0,88
BRF:4
BRH:4
end_of_record
TN:
SF:src/Applications/Middleware/auth/UserAuth/AuthUser.ts
FN:9,(anonymous_7)
FNF:1
FNH:1
FNDA:9,(anonymous_7)
DA:2,8
DA:3,8
DA:5,8
DA:8,8
DA:10,9
DA:11,9
DA:12,3
DA:15,6
DA:16,6
DA:18,4
DA:19,4
DA:20,4
DA:21,0
DA:23,4
DA:24,4
DA:27,0
DA:30,2
LF:17
LH:15
BRDA:11,0,0,3
BRDA:18,1,0,4
BRDA:20,2,0,0
BRF:3
BRH:2
end_of_record
TN:
SF:src/Applications/Middleware/auth/UserAuth/jwt.ts
FN:7,(anonymous_8)
FN:15,(anonymous_10)
FNF:2
FNH:1
FNDA:10,(anonymous_8)
FNDA:0,(anonymous_10)
DA:1,8
DA:2,8
DA:6,8
DA:8,10
DA:9,10
DA:11,0
DA:16,0
LF:7
LH:5
BRF:0
BRH:0
end_of_record
TN:
SF:src/Applications/Middleware/bcrypt/bcrypt.ts
FN:5,(anonymous_8)
FN:5,(anonymous_9)
FN:13,(anonymous_10)
FN:13,(anonymous_11)
FNF:4
FNH:4
FNDA:17,(anonymous_8)
FNDA:17,(anonymous_9)
FNDA:11,(anonymous_10)
FNDA:11,(anonymous_11)
DA:1,8
DA:2,8
DA:5,17
DA:6,17
DA:7,17
DA:9,0
DA:13,11
DA:14,11
DA:15,11
DA:17,0
LF:10
LH:8
BRF:0
BRH:0
end_of_record
TN:
SF:src/Applications/Middleware/input-validation/InputValidations.ts
FN:5,(anonymous_7)
FN:10,(anonymous_8)
FN:77,(anonymous_9)
FN:77,(anonymous_10)
FN:98,(anonymous_11)
FNF:5
FNH:5
FNDA:105,(anonymous_7)
FNDA:59,(anonymous_8)
FNDA:20,(anonymous_9)
FNDA:20,(anonymous_10)
FNDA:15,(anonymous_11)
DA:2,8
DA:3,8
DA:5,8
DA:6,105
DA:8,105
DA:9,31
DA:10,59
DA:17,74
DA:20,8
DA:77,20
DA:78,20
DA:79,20
DA:80,18
DA:82,2
DA:99,15
DA:100,15
DA:102,15
DA:103,2
DA:106,13
LF:19
LH:19
BRDA:8,0,0,31
BRDA:79,1,0,18
BRDA:99,2,0,15
BRDA:99,2,1,13
BRDA:99,2,2,11
BRDA:102,3,0,2
BRDA:102,4,0,15
BRDA:102,4,1,4
BRF:8
BRH:8
end_of_record
TN:
SF:src/Applications/Nodemailer/nodemailer.ts
FN:15,(anonymous_8)
FN:15,(anonymous_9)
FNF:2
FNH:2
FNDA:2,(anonymous_8)
FNDA:2,(anonymous_9)
DA:1,8
DA:2,8
DA:6,8
DA:15,8
DA:16,2
DA:17,2
DA:24,0
LF:7
LH:6
BRF:0
BRH:0
end_of_record
TN:
SF:src/Applications/Nodemailer/patterns/patterns.ts
FN:3,(anonymous_7)
FNF:1
FNH:1
FNDA:2,(anonymous_7)
DA:2,8
DA:4,2
LF:2
LH:2
BRF:0
BRH:0
end_of_record
TN:
SF:src/Applications/Types-Models/BasicTypes.ts
FN:67,(anonymous_0)
FNF:1
FNH:1
FNDA:8,(anonymous_0)
DA:67,8
DA:68,8
DA:69,8
DA:70,8
DA:71,8
DA:72,8
LF:6
LH:6
BRDA:67,0,0,8
BRDA:67,0,1,8
BRF:2
BRH:2
end_of_record
TN:
SF:src/Repositories/BlogRepositories/BlogQueryRepositories.ts
FN:25,(anonymous_7)
FN:55,(anonymous_9)
FN:69,(anonymous_11)
FNF:3
FNH:3
FNDA:4,(anonymous_7)
FNDA:24,(anonymous_9)
FNDA:4,(anonymous_11)
DA:1,8
DA:2,8
DA:5,8
DA:6,8
DA:7,8
DA:12,8
DA:26,4
DA:27,4
DA:30,4
DA:34,4
DA:36,4
DA:43,4
DA:45,0
DA:56,24
DA:57,24
DA:58,23
DA:60,1
DA:70,4
DA:71,4
DA:73,0
LF:20
LH:18
BRDA:58,0,0,20
BRDA:58,0,1,3
BRF:2
BRH:2
end_of_record
TN:
SF:src/Repositories/BlogRepositories/BlogRepositories.ts
FN:18,(anonymous_7)
FN:32,(anonymous_9)
FN:45,(anonymous_11)
FN:58,(anonymous_13)
FNF:4
FNH:4
FNDA:20,(anonymous_7)
FNDA:3,(anonymous_9)
FNDA:3,(anonymous_11)
FNDA:30,(anonymous_13)
DA:1,8
DA:2,8
DA:5,8
DA:11,8
DA:19,20
DA:20,20
DA:22,0
DA:33,3
DA:34,3
DA:36,1
DA:46,3
DA:47,3
DA:49,1
DA:59,30
DA:60,30
DA:62,0
LF:16
LH:14
BRF:0
BRH:0
end_of_record
TN:
SF:src/Repositories/CommentRepositories/CommentQueryRepositories.ts
FN:23,(anonymous_7)
FN:53,(anonymous_9)
FN:67,(anonymous_11)
FNF:3
FNH:2
FNDA:5,(anonymous_7)
FNDA:0,(anonymous_9)
FNDA:5,(anonymous_11)
DA:1,8
DA:2,8
DA:5,8
DA:6,8
DA:7,8
DA:10,8
DA:24,5
DA:25,5
DA:28,5
DA:32,5
DA:34,5
DA:41,5
DA:43,0
DA:54,0
DA:55,0
DA:56,0
DA:58,0
DA:68,5
DA:69,5
DA:71,0
LF:20
LH:14
BRDA:29,0,0,5
BRDA:29,0,1,0
BRDA:56,1,0,0
BRDA:56,1,1,0
BRF:4
BRH:1
end_of_record
TN:
SF:src/Repositories/CommentRepositories/CommentRepositories.ts
FN:17,(anonymous_7)
FN:31,(anonymous_9)
FN:43,(anonymous_11)
FN:55,(anonymous_13)
FNF:4
FNH:2
FNDA:1,(anonymous_7)
FNDA:1,(anonymous_9)
FNDA:0,(anonymous_11)
FNDA:0,(anonymous_13)
DA:1,8
DA:2,8
DA:5,8
DA:11,8
DA:18,1
DA:19,1
DA:21,0
DA:32,1
DA:33,1
DA:35,0
DA:44,0
DA:45,0
DA:47,0
DA:56,0
DA:57,0
DA:59,0
LF:16
LH:8
BRF:0
BRH:0
end_of_record
TN:
SF:src/Repositories/PostRepositories/PostQueryRepositories.ts
FN:26,(anonymous_7)
FN:56,(anonymous_9)
FN:70,(anonymous_11)
FNF:3
FNH:3
FNDA:8,(anonymous_7)
FNDA:5,(anonymous_9)
FNDA:8,(anonymous_11)
DA:1,8
DA:2,8
DA:5,8
DA:6,8
DA:7,8
DA:13,8
DA:27,8
DA:28,8
DA:31,8
DA:35,8
DA:37,8
DA:44,8
DA:46,0
DA:57,5
DA:58,5
DA:59,4
DA:61,1
DA:71,8
DA:72,8
DA:74,0
LF:20
LH:18
BRDA:32,0,0,5
BRDA:32,0,1,3
BRDA:59,1,0,2
BRDA:59,1,1,2
BRF:4
BRH:4
end_of_record
TN:
SF:src/Repositories/PostRepositories/PostRepositories.ts
FN:15,(anonymous_7)
FN:28,(anonymous_9)
FN:41,(anonymous_11)
FN:55,(anonymous_13)
FNF:4
FNH:4
FNDA:10,(anonymous_7)
FNDA:3,(anonymous_9)
FNDA:3,(anonymous_11)
FNDA:11,(anonymous_13)
DA:1,8
DA:2,8
DA:5,8
DA:9,8
DA:16,10
DA:17,10
DA:19,0
DA:29,3
DA:30,3
DA:32,1
DA:42,3
DA:43,3
DA:45,1
DA:56,11
DA:57,11
DA:59,0
LF:16
LH:14
BRF:0
BRH:0
end_of_record
TN:
SF:src/Repositories/UserRepostitories/UserQueryRepositories.ts
FN:25,(anonymous_7)
FN:57,(anonymous_9)
FN:71,(anonymous_11)
FNF:3
FNH:3
FNDA:6,(anonymous_7)
FNDA:2,(anonymous_9)
FNDA:6,(anonymous_11)
DA:1,8
DA:2,8
DA:5,8
DA:6,8
DA:7,8
DA:10,8
DA:26,6
DA:27,6
DA:30,6
DA:37,6
DA:39,6
DA:46,6
DA:48,0
DA:58,2
DA:59,2
DA:60,2
DA:62,0
DA:72,6
DA:73,6
DA:75,0
LF:20
LH:17
BRDA:60,0,0,2
BRDA:60,0,1,0
BRF:2
BRH:1
end_of_record
TN:
SF:src/Repositories/UserRepostitories/UserRepositories.ts
FN:21,(anonymous_7)
FN:35,(anonymous_9)
FN:50,(anonymous_11)
FN:64,(anonymous_13)
FN:72,(anonymous_15)
FN:81,(anonymous_17)
FNF:6
FNH:6
FNDA:17,(anonymous_7)
FNDA:2,(anonymous_9)
FNDA:21,(anonymous_11)
FNDA:36,(anonymous_13)
FNDA:1,(anonymous_15)
FNDA:2,(anonymous_17)
DA:1,8
DA:2,8
DA:5,8
DA:14,8
DA:22,17
DA:23,17
DA:25,0
DA:36,2
DA:37,2
DA:39,0
DA:51,21
DA:52,21
DA:54,0
DA:65,36
DA:66,36
DA:67,36
DA:69,0
DA:73,1
DA:74,1
DA:75,1
DA:77,0
DA:82,2
DA:83,2
DA:84,2
DA:86,0
LF:25
LH:19
BRDA:67,0,0,16
BRDA:67,0,1,20
BRDA:75,1,0,1
BRDA:75,1,1,0
BRF:4
BRH:3
end_of_record
TN:
SF:src/Repositories/test-repositories/test-repositories.ts
FN:6,(anonymous_7)
FNF:1
FNH:1
FNDA:53,(anonymous_7)
DA:1,8
DA:2,8
DA:5,8
DA:7,53
DA:8,53
DA:9,53
DA:10,53
DA:11,53
DA:12,53
DA:14,0
LF:10
LH:9
BRF:0
BRH:0
end_of_record
TN:
SF:src/Routers/AuthRouter/AuthRouter.ts
FN:27,(anonymous_7)
FN:27,(anonymous_8)
FN:57,(anonymous_9)
FN:57,(anonymous_10)
FN:79,(anonymous_11)
FN:79,(anonymous_12)
FN:101,(anonymous_13)
FN:101,(anonymous_14)
FN:121,(anonymous_15)
FN:121,(anonymous_16)
FNF:10
FNH:10
FNDA:13,(anonymous_7)
FNDA:13,(anonymous_8)
FNDA:2,(anonymous_9)
FNDA:2,(anonymous_10)
FNDA:2,(anonymous_11)
FNDA:2,(anonymous_12)
FNDA:1,(anonymous_13)
FNDA:1,(anonymous_14)
FNDA:3,(anonymous_15)
FNDA:3,(anonymous_16)
DA:1,8
DA:2,8
DA:3,8
DA:4,8
DA:6,8
DA:7,8
DA:8,8
DA:10,8
DA:13,8
DA:23,8
DA:27,13
DA:28,13
DA:29,13
DA:30,13
DA:32,10
DA:33,10
DA:35,3
DA:36,3
DA:37,0
DA:39,13
DA:41,0
DA:42,0
DA:55,8
DA:57,2
DA:58,2
DA:59,2
DA:60,2
DA:62,0
DA:63,0
DA:74,8
DA:79,2
DA:80,2
DA:81,2
DA:82,2
DA:84,1
DA:86,1
DA:87,0
DA:90,0
DA:91,0
DA:98,8
DA:101,1
DA:102,1
DA:103,1
DA:104,1
DA:106,1
DA:108,0
DA:109,0
DA:112,0
DA:113,0
DA:118,8
DA:121,3
DA:122,3
DA:123,3
DA:124,3
DA:126,1
DA:128,1
DA:130,1
DA:131,0
DA:134,0
DA:135,0
LF:60
LH:45
BRDA:30,0,0,10
BRDA:30,0,1,3
BRDA:30,0,2,0
BRDA:60,1,0,2
BRDA:60,1,1,0
BRDA:82,2,0,1
BRDA:82,2,1,1
BRDA:82,2,2,0
BRDA:104,3,0,1
BRDA:104,3,1,0
BRDA:104,3,2,0
BRDA:124,4,0,1
BRDA:124,4,1,1
BRDA:124,4,2,1
BRDA:124,4,3,0
BRF:15
BRH:9
end_of_record
TN:
SF:src/Routers/BlogRouter/BlogRouters.ts
FN:23,(anonymous_7)
FN:23,(anonymous_8)
FN:39,(anonymous_9)
FN:39,(anonymous_10)
FN:56,(anonymous_11)
FN:56,(anonymous_12)
FN:80,(anonymous_13)
FN:80,(anonymous_14)
FN:110,(anonymous_15)
FN:110,(anonymous_16)
FN:140,(anonymous_17)
FN:140,(anonymous_18)
FN:165,(anonymous_19)
FN:165,(anonymous_20)
FNF:14
FNH:14
FNDA:4,(anonymous_7)
FNDA:4,(anonymous_8)
FNDA:4,(anonymous_9)
FNDA:4,(anonymous_10)
FNDA:5,(anonymous_11)
FNDA:5,(anonymous_12)
FNDA:20,(anonymous_13)
FNDA:20,(anonymous_14)
FNDA:1,(anonymous_15)
FNDA:1,(anonymous_16)
FNDA:3,(anonymous_17)
FNDA:3,(anonymous_18)
FNDA:3,(anonymous_19)
FNDA:3,(anonymous_20)
DA:1,8
DA:2,8
DA:3,8
DA:4,8
DA:5,8
DA:7,8
DA:8,8
DA:10,8
DA:11,8
DA:12,8
DA:13,8
DA:14,8
DA:16,8
DA:23,8
DA:24,4
DA:25,4
DA:26,4
DA:27,4
DA:29,0
DA:30,0
DA:39,8
DA:40,4
DA:41,4
DA:42,3
DA:44,1
DA:45,1
DA:55,8
DA:56,5
DA:57,5
DA:58,5
DA:59,5
DA:60,5
DA:62,0
DA:63,0
DA:74,8
DA:80,20
DA:81,20
DA:82,20
DA:83,20
DA:85,20
DA:87,0
DA:88,0
DA:91,0
DA:92,0
DA:104,8
DA:110,1
DA:111,1
DA:112,1
DA:113,1
DA:114,1
DA:116,1
DA:118,0
DA:119,0
DA:122,0
DA:123,0
DA:134,8
DA:140,3
DA:141,3
DA:142,3
DA:143,2
DA:145,1
DA:147,1
DA:148,0
DA:151,1
DA:152,1
DA:163,8
DA:165,3
DA:166,3
DA:167,3
DA:168,2
DA:170,1
DA:172,1
DA:173,0
DA:176,1
DA:177,1
LF:75
LH:61
BRDA:27,0,0,4
BRDA:27,0,1,0
BRDA:42,1,0,2
BRDA:42,1,1,1
BRDA:60,2,0,4
BRDA:60,2,1,1
BRDA:83,3,0,20
BRDA:83,3,1,0
BRDA:83,3,2,0
BRDA:114,4,0,1
BRDA:114,4,1,0
BRDA:114,4,2,0
BRDA:143,5,0,1
BRDA:143,5,1,1
BRDA:143,5,2,0
BRDA:168,6,0,1
BRDA:168,6,1,1
BRDA:168,6,2,0
BRF:18
BRH:11
end_of_record
TN:
SF:src/Routers/CommentsRouter/CommentsRouter.ts
FN:18,(anonymous_7)
FN:18,(anonymous_8)
FN:43,(anonymous_9)
FN:43,(anonymous_10)
FN:73,(anonymous_11)
FN:73,(anonymous_12)
FNF:6
FNH:0
FNDA:0,(anonymous_7)
FNDA:0,(anonymous_8)
FNDA:0,(anonymous_9)
FNDA:0,(anonymous_10)
FNDA:0,(anonymous_11)
FNDA:0,(anonymous_12)
DA:1,8
DA:2,8
DA:3,8
DA:4,8
DA:5,8
DA:7,8
DA:8,8
DA:9,8
DA:11,8
DA:17,8
DA:18,0
DA:19,0
DA:20,0
DA:21,0
DA:23,0
DA:24,0
DA:39,8
DA:43,0
DA:44,0
DA:45,0
DA:46,0
DA:48,0
DA:50,0
DA:52,0
DA:53,0
DA:56,0
DA:57,0
DA:71,8
DA:73,0
DA:74,0
DA:75,0
DA:76,0
DA:78,0
DA:80,0
DA:82,0
DA:83,0
DA:86,0
DA:87,0
LF:38
LH:12
BRDA:21,0,0,0
BRDA:21,0,1,0
BRDA:46,1,0,0
BRDA:46,1,1,0
BRDA:46,1,2,0
BRDA:46,1,3,0
BRDA:76,2,0,0
BRDA:76,2,1,0
BRDA:76,2,2,0
BRDA:76,2,3,0
BRF:10
BRH:0
end_of_record
TN:
SF:src/Routers/PostRouter/PostRouter.ts
FN:22,(anonymous_7)
FN:22,(anonymous_8)
FN:36,(anonymous_9)
FN:36,(anonymous_10)
FN:60,(anonymous_11)
FN:60,(anonymous_12)
FN:90,(anonymous_13)
FN:90,(anonymous_14)
FN:115,(anonymous_15)
FN:115,(anonymous_16)
FN:143,(anonymous_17)
FN:143,(anonymous_18)
FN:164,(anonymous_19)
FN:164,(anonymous_20)
FNF:14
FNH:14
FNDA:3,(anonymous_7)
FNDA:3,(anonymous_8)
FNDA:5,(anonymous_9)
FNDA:5,(anonymous_10)
FNDA:9,(anonymous_11)
FNDA:9,(anonymous_12)
FNDA:3,(anonymous_13)
FNDA:3,(anonymous_14)
FNDA:3,(anonymous_15)
FNDA:3,(anonymous_16)
FNDA:1,(anonymous_17)
FNDA:1,(anonymous_18)
FNDA:5,(anonymous_19)
FNDA:5,(anonymous_20)
DA:1,8
DA:2,8
DA:3,8
DA:4,8
DA:5,8
DA:6,8
DA:8,8
DA:9,8
DA:11,8
DA:12,8
DA:13,8
DA:14,8
DA:17,8
DA:22,8
DA:23,3
DA:24,3
DA:25,3
DA:26,3
DA:28,0
DA:29,0
DA:36,8
DA:37,5
DA:38,5
DA:39,4
DA:41,1
DA:42,1
DA:53,8
DA:60,9
DA:61,9
DA:62,9
DA:63,9
DA:65,9
DA:67,0
DA:68,0
DA:71,0
DA:72,0
DA:83,8
DA:90,3
DA:91,3
DA:92,3
DA:93,2
DA:95,1
DA:97,1
DA:98,0
DA:101,1
DA:102,1
DA:113,8
DA:115,3
DA:116,3
DA:117,3
DA:118,2
DA:120,1
DA:122,1
DA:123,0
DA:126,1
DA:127,1
DA:139,8
DA:143,1
DA:144,1
DA:145,1
DA:146,1
DA:148,1
DA:150,0
DA:151,0
DA:154,0
DA:155,0
DA:163,8
DA:164,5
DA:165,5
DA:166,5
DA:167,5
DA:168,5
DA:170,0
DA:171,0
LF:74
LH:60
BRDA:39,0,0,2
BRDA:39,0,1,2
BRDA:63,1,0,9
BRDA:63,1,1,0
BRDA:63,1,2,0
BRDA:93,2,0,1
BRDA:93,2,1,1
BRDA:93,2,2,0
BRDA:118,3,0,1
BRDA:118,3,1,1
BRDA:118,3,2,0
BRDA:146,4,0,1
BRDA:146,4,1,0
BRDA:146,4,2,0
BRDA:168,5,0,4
BRDA:168,5,1,1
BRF:16
BRH:10
end_of_record
TN:
SF:src/Routers/UserRouter/UserRouter.ts
FN:24,(anonymous_7)
FN:24,(anonymous_8)
FN:50,(anonymous_9)
FN:50,(anonymous_10)
FN:78,(anonymous_11)
FN:78,(anonymous_12)
FNF:6
FNH:6
FNDA:6,(anonymous_7)
FNDA:6,(anonymous_8)
FNDA:18,(anonymous_9)
FNDA:18,(anonymous_10)
FNDA:2,(anonymous_11)
FNDA:2,(anonymous_12)
DA:1,8
DA:2,8
DA:3,8
DA:4,8
DA:5,8
DA:7,8
DA:8,8
DA:9,8
DA:10,8
DA:13,8
DA:22,8
DA:24,6
DA:25,6
DA:26,6
DA:27,6
DA:28,6
DA:30,0
DA:31,0
DA:44,8
DA:50,18
DA:51,18
DA:52,18
DA:53,18
DA:55,16
DA:57,2
DA:59,0
DA:60,0
DA:63,0
DA:64,0
DA:76,8
DA:78,2
DA:79,2
DA:80,2
DA:81,2
DA:83,1
DA:85,1
DA:86,0
DA:89,0
DA:90,0
LF:39
LH:30
BRDA:53,0,0,16
BRDA:53,0,1,2
BRDA:53,0,2,0
BRDA:53,0,3,0
BRDA:81,1,0,1
BRDA:81,1,1,1
BRDA:81,1,2,0
BRF:7
BRH:4
end_of_record
TN:
SF:src/Routers/test-router/test-router.ts
FN:8,(anonymous_7)
FN:8,(anonymous_8)
FNF:2
FNH:2
FNDA:53,(anonymous_7)
FNDA:53,(anonymous_8)
DA:1,8
DA:2,8
DA:3,8
DA:4,8
DA:6,8
DA:8,53
DA:9,53
DA:10,53
DA:11,53
DA:13,0
DA:14,0
LF:11
LH:9
BRF:0
BRH:0
end_of_record
TN:
SF:src/Service/AuthService/AuthService.ts
FN:26,(anonymous_7)
FN:67,(anonymous_9)
FN:121,(anonymous_11)
FN:170,(anonymous_13)
FNF:4
FNH:4
FNDA:13,(anonymous_7)
FNDA:2,(anonymous_9)
FNDA:1,(anonymous_11)
FNDA:3,(anonymous_13)
DA:1,8
DA:2,8
DA:5,8
DA:6,8
DA:8,8
DA:9,8
DA:10,8
DA:11,8
DA:12,8
DA:17,8
DA:27,13
DA:28,13
DA:34,13
DA:35,13
DA:36,2
DA:39,11
DA:40,1
DA:44,10
DA:51,0
DA:68,2
DA:69,2
DA:76,2
DA:77,2
DA:78,1
DA:79,1
DA:80,1
DA:81,1
DA:83,1
DA:85,1
DA:96,1
DA:97,1
DA:98,1
DA:100,1
DA:102,0
DA:122,1
DA:123,1
DA:124,1
DA:125,0
DA:131,0
DA:135,1
DA:136,0
DA:146,1
DA:147,0
DA:157,1
DA:158,1
DA:160,1
DA:162,0
DA:171,3
DA:172,3
DA:177,3
DA:178,3
DA:179,1
DA:183,2
DA:184,1
DA:194,1
DA:195,1
DA:196,1
DA:197,1
DA:198,1
DA:200,1
DA:202,0
LF:61
LH:53
BRDA:35,0,0,2
BRDA:39,1,0,1
BRDA:77,2,0,1
BRDA:79,3,0,1
BRDA:79,3,1,0
BRDA:80,4,0,1
BRDA:80,4,1,0
BRDA:124,5,0,0
BRDA:135,6,0,0
BRDA:146,7,0,0
BRDA:160,8,0,1
BRDA:160,8,1,0
BRDA:178,9,0,1
BRDA:183,10,0,1
BRDA:200,11,0,1
BRDA:200,11,1,0
BRF:16
BRH:9
end_of_record
TN:
SF:src/Service/BlogService/BlogService.ts
FN:17,(anonymous_7)
FN:38,(anonymous_9)
FN:53,(anonymous_11)
FNF:3
FNH:3
FNDA:20,(anonymous_7)
FNDA:3,(anonymous_9)
FNDA:3,(anonymous_11)
DA:1,8
DA:3,8
DA:4,8
DA:5,8
DA:7,8
DA:18,20
DA:19,20
DA:20,20
DA:21,20
DA:23,20
DA:24,0
DA:26,20
DA:28,0
DA:39,3
DA:40,3
DA:41,2
DA:43,1
DA:54,3
DA:55,3
DA:56,2
DA:58,1
LF:21
LH:19
BRDA:23,0,0,0
BRDA:41,1,0,1
BRDA:41,1,1,1
BRDA:56,2,0,1
BRDA:56,2,1,1
BRF:5
BRH:4
end_of_record
TN:
SF:src/Service/CommentService/CommentService.ts
FN:21,(anonymous_7)
FN:46,(anonymous_9)
FNF:2
FNH:0
FNDA:0,(anonymous_7)
FNDA:0,(anonymous_9)
DA:1,8
DA:3,8
DA:9,8
DA:22,0
DA:23,0
DA:24,0
DA:25,0
DA:27,0
DA:28,0
DA:30,0
DA:31,0
DA:33,0
DA:47,0
DA:48,0
DA:49,0
DA:50,0
DA:52,0
DA:53,0
DA:56,0
DA:57,0
DA:59,0
LF:21
LH:3
BRDA:24,0,0,0
BRDA:27,1,0,0
BRDA:31,2,0,0
BRDA:31,2,1,0
BRDA:49,3,0,0
BRDA:52,4,0,0
BRDA:57,5,0,0
BRDA:57,5,1,0
BRF:8
BRH:0
end_of_record
TN:
SF:src/Service/PostService/PostService.ts
FN:30,(anonymous_7)
FN:56,(anonymous_9)
FN:70,(anonymous_11)
FN:92,(anonymous_13)
FNF:4
FNH:4
FNDA:10,(anonymous_7)
FNDA:3,(anonymous_9)
FNDA:3,(anonymous_11)
FNDA:1,(anonymous_13)
DA:1,8
DA:6,8
DA:7,8
DA:8,8
DA:9,8
DA:10,8
DA:11,8
DA:12,8
DA:13,8
DA:19,8
DA:31,10
DA:32,10
DA:33,10
DA:34,0
DA:37,10
DA:38,10
DA:40,10
DA:42,10
DA:43,0
DA:45,10
DA:47,0
DA:57,3
DA:58,3
DA:59,2
DA:61,1
DA:71,3
DA:72,3
DA:73,2
DA:75,1
DA:93,1
DA:95,1
DA:96,1
DA:97,0
DA:100,1
DA:101,1
DA:102,0
DA:105,1
DA:121,1
DA:123,1
DA:124,1
DA:125,0
DA:128,1
DA:130,0
LF:43
LH:36
BRDA:33,0,0,0
BRDA:42,1,0,0
BRDA:59,2,0,1
BRDA:59,2,1,1
BRDA:73,3,0,1
BRDA:73,3,1,1
BRDA:96,4,0,0
BRDA:101,5,0,0
BRDA:124,6,0,0
BRF:9
BRH:4
end_of_record
TN:
SF:src/Service/UserService/UserService.ts
FN:26,(anonymous_7)
FN:66,(anonymous_9)
FNF:2
FNH:2
FNDA:18,(anonymous_7)
FNDA:2,(anonymous_9)
DA:1,8
DA:2,8
DA:4,8
DA:5,8
DA:6,8
DA:11,8
DA:27,18
DA:28,18
DA:34,18
DA:35,18
DA:36,2
DA:37,2
DA:38,2
DA:39,2
DA:42,16
DA:47,16
DA:48,16
DA:49,16
DA:50,0
DA:53,16
DA:55,0
DA:67,2
DA:68,2
DA:69,2
DA:71,0
LF:25
LH:22
BRDA:35,0,0,2
BRDA:37,1,0,1
BRDA:37,1,1,1
BRDA:38,2,0,1
BRDA:38,2,1,1
BRDA:49,3,0,0
BRDA:69,4,0,1
BRDA:69,4,1,1
BRF:8
BRH:7
end_of_record
TN:
SF:src/Service/test-service/test-service.ts
FN:4,(anonymous_7)
FNF:1
FNH:1
FNDA:53,(anonymous_7)
DA:1,8
DA:3,8
DA:5,53
DA:6,53
DA:8,0
LF:5
LH:4
BRF:0
BRH:0
end_of_record
TN:
SF:src/Utils/default-values/Blog/default-blog-value.ts
FN:8,(anonymous_7)
FN:20,(anonymous_9)
FNF:2
FNH:2
FNDA:4,(anonymous_7)
FNDA:20,(anonymous_9)
DA:4,8
DA:9,4
DA:21,20
LF:3
LH:3
BRDA:10,0,0,0
BRDA:10,0,1,4
BRDA:11,1,0,0
BRDA:11,1,1,4
BRDA:11,2,0,4
BRDA:11,2,1,4
BRDA:12,3,0,1
BRDA:12,3,1,3
BRDA:13,4,0,1
BRDA:13,4,1,3
BRDA:14,5,0,1
BRDA:14,5,1,3
BRF:12
BRH:10
end_of_record
TN:
SF:src/Utils/default-values/Comment/default-comment-value.ts
FN:7,(anonymous_7)
FN:18,(anonymous_9)
FNF:2
FNH:2
FNDA:5,(anonymous_7)
FNDA:1,(anonymous_9)
DA:3,8
DA:8,5
DA:19,1
LF:3
LH:3
BRDA:9,0,0,0
BRDA:9,0,1,5
BRDA:10,1,0,0
BRDA:10,1,1,5
BRDA:10,2,0,5
BRDA:10,2,1,5
BRDA:11,3,0,1
BRDA:11,3,1,4
BRDA:12,4,0,1
BRDA:12,4,1,4
BRF:10
BRH:8
end_of_record
TN:
SF:src/Utils/default-values/Post/default-post-value.ts
FN:7,(anonymous_7)
FN:18,(anonymous_9)
FNF:2
FNH:2
FNDA:8,(anonymous_7)
FNDA:10,(anonymous_9)
DA:3,8
DA:8,8
DA:19,10
LF:3
LH:3
BRDA:9,0,0,0
BRDA:9,0,1,8
BRDA:10,1,0,0
BRDA:10,1,1,8
BRDA:10,2,0,8
BRDA:10,2,1,8
BRDA:11,3,0,2
BRDA:11,3,1,6
BRDA:12,4,0,2
BRDA:12,4,1,6
BRF:10
BRH:8
end_of_record
TN:
SF:src/Utils/default-values/Registration/registration-default-value.ts
FN:6,(anonymous_7)
FNF:1
FNH:1
FNDA:1,(anonymous_7)
DA:2,8
DA:7,1
LF:2
LH:2
BRF:0
BRH:0
end_of_record
TN:
SF:src/Utils/default-values/User/default-user-value.ts
FN:7,(anonymous_7)
FN:20,(anonymous_9)
FNF:2
FNH:2
FNDA:6,(anonymous_7)
FNDA:16,(anonymous_9)
DA:3,8
DA:8,6
DA:21,16
LF:3
LH:3
BRDA:9,0,0,0
BRDA:9,0,1,6
BRDA:10,1,0,0
BRDA:10,1,1,6
BRDA:10,2,0,6
BRDA:10,2,1,6
BRDA:11,3,0,1
BRDA:11,3,1,5
BRDA:12,4,0,1
BRDA:12,4,1,5
BRDA:13,5,0,1
BRDA:13,5,1,5
BRDA:14,6,0,1
BRDA:14,6,1,5
BRF:14
BRH:12
end_of_record
TN:
SF:src/Utils/error-utils/save-error.ts
FN:3,SaveError
FNF:1
FNH:1
FNDA:6,SaveError
DA:1,8
DA:3,8
DA:4,6
LF:3
LH:3
BRF:0
BRH:0
end_of_record
TN:
SF:src/Utils/generate-uuid/generate-uuid.ts
FN:5,(anonymous_7)
FNF:1
FNH:1
FNDA:9,(anonymous_7)
DA:1,8
DA:4,8
DA:6,9
LF:3
LH:3
BRF:0
BRH:0
end_of_record
TN:
SF:src/Utils/map/Blog/BlogMap.ts
FN:13,(anonymous_7)
FN:19,(anonymous_9)
FN:37,(anonymous_10)
FN:52,(anonymous_12)
FNF:4
FNH:4
FNDA:4,(anonymous_7)
FNDA:23,(anonymous_9)
FNDA:20,(anonymous_10)
FNDA:20,(anonymous_12)
DA:6,8
DA:14,4
DA:20,23
DA:38,20
DA:53,20
LF:5
LH:5
BRF:0
BRH:0
end_of_record
TN:
SF:src/Utils/map/Comments/CommentsMap.ts
FN:11,(anonymous_7)
FN:27,(anonymous_9)
FN:44,(anonymous_11)
FN:50,(anonymous_13)
FNF:4
FNH:3
FNDA:1,(anonymous_7)
FNDA:0,(anonymous_9)
FNDA:5,(anonymous_11)
FNDA:23,(anonymous_13)
DA:5,8
DA:12,1
DA:28,0
DA:45,5
DA:51,23
LF:5
LH:4
BRF:0
BRH:0
end_of_record
TN:
SF:src/Utils/map/Post/PostMap.ts
FN:11,(anonymous_7)
FN:17,(anonymous_9)
FN:35,(anonymous_10)
FN:50,(anonymous_12)
FNF:4
FNH:4
FNDA:8,(anonymous_7)
FNDA:45,(anonymous_9)
FNDA:2,(anonymous_10)
FNDA:10,(anonymous_12)
DA:6,8
DA:12,8
DA:18,45
DA:36,2
DA:51,10
LF:5
LH:5
BRF:0
BRH:0
end_of_record
TN:
SF:src/Utils/map/User/UserMap.ts
FN:13,(anonymous_7)
FN:23,(anonymous_9)
FN:35,(anonymous_11)
FN:49,(anonymous_13)
FN:55,(anonymous_15)
FNF:5
FNH:5
FNDA:4,(anonymous_7)
FNDA:2,(anonymous_9)
FNDA:16,(anonymous_11)
FNDA:6,(anonymous_13)
FNDA:32,(anonymous_15)
DA:7,8
DA:14,4
DA:24,2
DA:36,16
DA:50,6
DA:56,32
LF:6
LH:6
BRF:0
BRH:0
end_of_record
TN:
SF:src/Utils/pagination/BlogPagination.ts
FN:10,(anonymous_7)
FN:10,(anonymous_8)
FNF:2
FNH:2
FNDA:4,(anonymous_7)
FNDA:4,(anonymous_8)
DA:2,8
DA:10,8
DA:11,4
DA:12,4
DA:13,4
DA:14,4
DA:15,4
DA:17,4
DA:25,0
LF:9
LH:8
BRF:0
BRH:0
end_of_record
TN:
SF:src/Utils/pagination/CommentPagination.ts
FN:12,(anonymous_7)
FN:12,(anonymous_8)
FNF:2
FNH:2
FNDA:5,(anonymous_7)
FNDA:5,(anonymous_8)
DA:2,8
DA:12,8
DA:13,5
DA:14,5
DA:15,5
DA:16,5
DA:17,5
DA:19,5
DA:27,0
LF:9
LH:8
BRF:0
BRH:0
end_of_record
TN:
SF:src/Utils/pagination/PostPagination.ts
FN:9,(anonymous_7)
FN:9,(anonymous_8)
FNF:2
FNH:2
FNDA:8,(anonymous_7)
FNDA:8,(anonymous_8)
DA:2,8
DA:9,8
DA:10,8
DA:11,8
DA:12,8
DA:13,8
DA:14,8
DA:16,8
DA:24,0
LF:9
LH:8
BRF:0
BRH:0
end_of_record
TN:
SF:src/Utils/pagination/UserPagination.ts
FN:9,(anonymous_7)
FN:9,(anonymous_8)
FNF:2
FNH:2
FNDA:6,(anonymous_7)
FNDA:6,(anonymous_8)
DA:2,8
DA:9,8
DA:10,6
DA:11,6
DA:12,6
DA:13,6
DA:14,6
DA:16,6
DA:24,0
LF:9
LH:8
BRF:0
BRH:0
end_of_record
